{"uid":"45ce0b2d6ea1e5e2","name":"User should be able to create project","fullName":"com.example.teamcity.ui.CreateProjectTest.userCreatesProject","historyId":"7f24ad9023ae3cbff9685d20fb15db20","time":{"start":1743280520441,"stop":1743280570150,"duration":49709},"status":"broken","statusMessage":"No value present","statusTrace":"java.util.NoSuchElementException: No value present\n\tat java.base/java.util.Optional.orElseThrow(Optional.java:377)\n\tat com.example.teamcity.ui.CreateProjectTest.userCreatesProject(CreateProjectTest.java:32)\n\tat java.base/jdk.internal.reflect.NativeMethodAccessorImpl.invoke0(Native Method)\n\tat java.base/jdk.internal.reflect.NativeMethodAccessorImpl.invoke(NativeMethodAccessorImpl.java:77)\n\tat java.base/jdk.internal.reflect.DelegatingMethodAccessorImpl.invoke(DelegatingMethodAccessorImpl.java:43)\n\tat java.base/java.lang.reflect.Method.invoke(Method.java:569)\n\tat org.testng.internal.invokers.MethodInvocationHelper.invokeMethod(MethodInvocationHelper.java:141)\n\tat org.testng.internal.invokers.TestInvoker.invokeMethod(TestInvoker.java:686)\n\tat org.testng.internal.invokers.TestInvoker.invokeTestMethod(TestInvoker.java:230)\n\tat org.testng.internal.invokers.MethodRunner.runInSequence(MethodRunner.java:63)\n\tat org.testng.internal.invokers.TestInvoker$MethodInvocationAgent.invoke(TestInvoker.java:992)\n\tat org.testng.internal.invokers.TestInvoker.invokeTestMethods(TestInvoker.java:203)\n\tat org.testng.internal.invokers.TestMethodWorker.invokeTestMethods(TestMethodWorker.java:154)\n\tat org.testng.internal.invokers.TestMethodWorker.run(TestMethodWorker.java:134)\n\tat java.base/java.util.ArrayList.forEach(ArrayList.java:1511)\n\tat org.testng.TestRunner.privateRun(TestRunner.java:739)\n\tat org.testng.TestRunner.run(TestRunner.java:614)\n\tat org.testng.SuiteRunner.runTest(SuiteRunner.java:421)\n\tat org.testng.SuiteRunner.runSequentially(SuiteRunner.java:413)\n\tat org.testng.SuiteRunner.privateRun(SuiteRunner.java:373)\n\tat org.testng.SuiteRunner.run(SuiteRunner.java:312)\n\tat org.testng.SuiteRunnerWorker.runSuite(SuiteRunnerWorker.java:52)\n\tat org.testng.SuiteRunnerWorker.run(SuiteRunnerWorker.java:95)\n\tat org.testng.TestNG.runSuitesSequentially(TestNG.java:1274)\n\tat org.testng.TestNG.runSuitesLocally(TestNG.java:1208)\n\tat org.testng.TestNG.runSuites(TestNG.java:1112)\n\tat org.testng.TestNG.run(TestNG.java:1079)\n\tat org.apache.maven.surefire.testng.TestNGExecutor.run(TestNGExecutor.java:155)\n\tat org.apache.maven.surefire.testng.TestNGDirectoryTestSuite.executeMulti(TestNGDirectoryTestSuite.java:169)\n\tat org.apache.maven.surefire.testng.TestNGDirectoryTestSuite.execute(TestNGDirectoryTestSuite.java:88)\n\tat org.apache.maven.surefire.testng.TestNGProvider.invoke(TestNGProvider.java:137)\n\tat org.apache.maven.surefire.booter.ForkedBooter.runSuitesInProcess(ForkedBooter.java:385)\n\tat org.apache.maven.surefire.booter.ForkedBooter.execute(ForkedBooter.java:162)\n\tat org.apache.maven.surefire.booter.ForkedBooter.run(ForkedBooter.java:507)\n\tat org.apache.maven.surefire.booter.ForkedBooter.main(ForkedBooter.java:495)\n","flaky":false,"newFailed":false,"newBroken":false,"newPassed":false,"retriesCount":0,"retriesStatusChange":false,"beforeStages":[{"name":"beforeTest","time":{"start":1743280520279,"stop":1743280520300,"duration":21},"description":"","status":"passed","steps":[],"attachments":[],"parameters":[],"shouldDisplayMessage":false,"stepsCount":0,"attachmentsCount":0,"hasContent":false}],"testStage":{"status":"broken","statusMessage":"No value present","statusTrace":"java.util.NoSuchElementException: No value present\n\tat java.base/java.util.Optional.orElseThrow(Optional.java:377)\n\tat com.example.teamcity.ui.CreateProjectTest.userCreatesProject(CreateProjectTest.java:32)\n\tat java.base/jdk.internal.reflect.NativeMethodAccessorImpl.invoke0(Native Method)\n\tat java.base/jdk.internal.reflect.NativeMethodAccessorImpl.invoke(NativeMethodAccessorImpl.java:77)\n\tat java.base/jdk.internal.reflect.DelegatingMethodAccessorImpl.invoke(DelegatingMethodAccessorImpl.java:43)\n\tat java.base/java.lang.reflect.Method.invoke(Method.java:569)\n\tat org.testng.internal.invokers.MethodInvocationHelper.invokeMethod(MethodInvocationHelper.java:141)\n\tat org.testng.internal.invokers.TestInvoker.invokeMethod(TestInvoker.java:686)\n\tat org.testng.internal.invokers.TestInvoker.invokeTestMethod(TestInvoker.java:230)\n\tat org.testng.internal.invokers.MethodRunner.runInSequence(MethodRunner.java:63)\n\tat org.testng.internal.invokers.TestInvoker$MethodInvocationAgent.invoke(TestInvoker.java:992)\n\tat org.testng.internal.invokers.TestInvoker.invokeTestMethods(TestInvoker.java:203)\n\tat org.testng.internal.invokers.TestMethodWorker.invokeTestMethods(TestMethodWorker.java:154)\n\tat org.testng.internal.invokers.TestMethodWorker.run(TestMethodWorker.java:134)\n\tat java.base/java.util.ArrayList.forEach(ArrayList.java:1511)\n\tat org.testng.TestRunner.privateRun(TestRunner.java:739)\n\tat org.testng.TestRunner.run(TestRunner.java:614)\n\tat org.testng.SuiteRunner.runTest(SuiteRunner.java:421)\n\tat org.testng.SuiteRunner.runSequentially(SuiteRunner.java:413)\n\tat org.testng.SuiteRunner.privateRun(SuiteRunner.java:373)\n\tat org.testng.SuiteRunner.run(SuiteRunner.java:312)\n\tat org.testng.SuiteRunnerWorker.runSuite(SuiteRunnerWorker.java:52)\n\tat org.testng.SuiteRunnerWorker.run(SuiteRunnerWorker.java:95)\n\tat org.testng.TestNG.runSuitesSequentially(TestNG.java:1274)\n\tat org.testng.TestNG.runSuitesLocally(TestNG.java:1208)\n\tat org.testng.TestNG.runSuites(TestNG.java:1112)\n\tat org.testng.TestNG.run(TestNG.java:1079)\n\tat org.apache.maven.surefire.testng.TestNGExecutor.run(TestNGExecutor.java:155)\n\tat org.apache.maven.surefire.testng.TestNGDirectoryTestSuite.executeMulti(TestNGDirectoryTestSuite.java:169)\n\tat org.apache.maven.surefire.testng.TestNGDirectoryTestSuite.execute(TestNGDirectoryTestSuite.java:88)\n\tat org.apache.maven.surefire.testng.TestNGProvider.invoke(TestNGProvider.java:137)\n\tat org.apache.maven.surefire.booter.ForkedBooter.runSuitesInProcess(ForkedBooter.java:385)\n\tat org.apache.maven.surefire.booter.ForkedBooter.execute(ForkedBooter.java:162)\n\tat org.apache.maven.surefire.booter.ForkedBooter.run(ForkedBooter.java:507)\n\tat org.apache.maven.surefire.booter.ForkedBooter.main(ForkedBooter.java:495)\n","steps":[{"name":"$(\"open\") http://172.17.0.1:8111/login.html","time":{"start":1743280523103,"stop":1743280531346,"duration":8243},"status":"passed","steps":[{"name":"$(\"webdriver\") create()","time":{"start":1743280523106,"stop":1743280528989,"duration":5883},"status":"passed","steps":[],"attachments":[],"parameters":[],"shouldDisplayMessage":false,"stepsCount":0,"attachmentsCount":0,"hasContent":false}],"attachments":[],"parameters":[],"shouldDisplayMessage":false,"stepsCount":1,"attachmentsCount":0,"hasContent":true},{"name":"$(\"#username\") val(test_tOTp8s1hTu)","time":{"start":1743280531466,"stop":1743280532071,"duration":605},"status":"passed","steps":[],"attachments":[],"parameters":[],"shouldDisplayMessage":false,"stepsCount":0,"attachmentsCount":0,"hasContent":false},{"name":"$(\"#password\") val(test_s9lDO2kZUw)","time":{"start":1743280532071,"stop":1743280532271,"duration":200},"status":"passed","steps":[],"attachments":[],"parameters":[],"shouldDisplayMessage":false,"stepsCount":0,"attachmentsCount":0,"hasContent":false},{"name":"$(\".loginButton\") click()","time":{"start":1743280532271,"stop":1743280532489,"duration":218},"status":"passed","steps":[],"attachments":[],"parameters":[],"shouldDisplayMessage":false,"stepsCount":0,"attachmentsCount":0,"hasContent":false},{"name":"$(\".MainPanel__router--gF > div\") should be([visible, 30 s.])","time":{"start":1743280532498,"stop":1743280555363,"duration":22865},"status":"passed","steps":[],"attachments":[],"parameters":[],"shouldDisplayMessage":false,"stepsCount":0,"attachmentsCount":0,"hasContent":false},{"name":"$(\"open\") http://172.17.0.1:8111/admin/createObjectMenu.html?projectId=_Root&showMode=createProjectMenu","time":{"start":1743280555364,"stop":1743280558915,"duration":3551},"status":"passed","steps":[],"attachments":[],"parameters":[],"shouldDisplayMessage":false,"stepsCount":0,"attachmentsCount":0,"hasContent":false},{"name":"$(\"#url\") val(https://github.com/ta-ulyanava/JAVA-teamcity-tests-homeTask.git)","time":{"start":1743280558917,"stop":1743280559832,"duration":915},"status":"passed","steps":[],"attachments":[],"parameters":[],"shouldDisplayMessage":false,"stepsCount":0,"attachmentsCount":0,"hasContent":false},{"name":"$(\"[value=\"Proceed\"]\") click()","time":{"start":1743280559832,"stop":1743280559960,"duration":128},"status":"passed","steps":[],"attachments":[],"parameters":[],"shouldDisplayMessage":false,"stepsCount":0,"attachmentsCount":0,"hasContent":false},{"name":"$(\".connectionSuccessful\") should([be visible, 30 s.])","time":{"start":1743280559960,"stop":1743280568867,"duration":8907},"status":"passed","steps":[],"attachments":[],"parameters":[],"shouldDisplayMessage":false,"stepsCount":0,"attachmentsCount":0,"hasContent":false},{"name":"$(\"#projectName\") val(test_ODdfYFdDsM)","time":{"start":1743280568867,"stop":1743280569102,"duration":235},"status":"passed","steps":[],"attachments":[],"parameters":[],"shouldDisplayMessage":false,"stepsCount":0,"attachmentsCount":0,"hasContent":false},{"name":"$(\"#buildTypeName\") val(test_ekS1KLu06O)","time":{"start":1743280569102,"stop":1743280569294,"duration":192},"status":"passed","steps":[],"attachments":[],"parameters":[],"shouldDisplayMessage":false,"stepsCount":0,"attachmentsCount":0,"hasContent":false},{"name":"$(\"[value=\"Proceed\"]\") click()","time":{"start":1743280569294,"stop":1743280569415,"duration":121},"status":"passed","steps":[],"attachments":[],"parameters":[],"shouldDisplayMessage":false,"stepsCount":0,"attachmentsCount":0,"hasContent":false}],"attachments":[],"parameters":[],"shouldDisplayMessage":true,"stepsCount":13,"attachmentsCount":0,"hasContent":true},"afterStages":[{"name":"closeWebDriver","time":{"start":1743280570171,"stop":1743280570288,"duration":117},"description":"","status":"passed","steps":[{"name":"$(\"webdriver\") close()","time":{"start":1743280570171,"stop":1743280570288,"duration":117},"status":"passed","steps":[],"attachments":[],"parameters":[],"shouldDisplayMessage":false,"stepsCount":0,"attachmentsCount":0,"hasContent":false}],"attachments":[],"parameters":[],"shouldDisplayMessage":false,"stepsCount":1,"attachmentsCount":0,"hasContent":true},{"name":"afterTest","time":{"start":1743280570289,"stop":1743280570381,"duration":92},"description":"","status":"passed","steps":[],"attachments":[],"parameters":[],"shouldDisplayMessage":false,"stepsCount":0,"attachmentsCount":0,"hasContent":false}],"labels":[{"name":"package","value":"com.example.teamcity.ui.CreateProjectTest"},{"name":"testClass","value":"com.example.teamcity.ui.CreateProjectTest"},{"name":"testMethod","value":"userCreatesProject"},{"name":"parentSuite","value":"Surefire suite"},{"name":"suite","value":"Surefire test"},{"name":"subSuite","value":"com.example.teamcity.ui.CreateProjectTest"},{"name":"host","value":"fv-az1931-53"},{"name":"thread","value":"4090@fv-az1931-53.main(1)"},{"name":"framework","value":"testng"},{"name":"language","value":"java"},{"name":"story","value":"Create project via GitHub URL"},{"name":"feature","value":"UI: Project Management"},{"name":"resultFormat","value":"allure2"}],"parameters":[],"links":[],"hidden":false,"retry":false,"extra":{"severity":"normal","retries":[],"categories":[{"name":"Test defects","matchedStatuses":[],"flaky":false}],"history":{"statistic":{"failed":4,"broken":2,"skipped":0,"passed":0,"unknown":0,"total":6},"items":[{"uid":"24c2e7cd1911f3cf","reportUrl":"https://ta-ulyanava.github.io/JAVA-teamcity-tests-homeTask/ui/35//#testresult/24c2e7cd1911f3cf","status":"broken","statusDetails":"No value present","time":{"start":1743278611717,"stop":1743278660849,"duration":49132}},{"uid":"3e75696d75548ee9","reportUrl":"https://ta-ulyanava.github.io/JAVA-teamcity-tests-homeTask/ui/34//#testresult/3e75696d75548ee9","status":"failed","statusDetails":"Element should exist {span[class*='MiddleEllipsis'].snapshot(3 elements)[0]}\nElement: 'Ups, failed to describe the element [caused by: StaleElementReferenceException: stale element reference: stale element not found]'\nActual value: does not exist\nScreenshot: file:/home/runner/work/JAVA-teamcity-tests-homeTask/JAVA-teamcity-tests-homeTask/build/reports/tests/1743277950026.0.png\nPage source: file:/home/runner/work/JAVA-teamcity-tests-homeTask/JAVA-teamcity-tests-homeTask/build/reports/tests/1743277950026.0.html\nTimeout: 4 s.","time":{"start":1743277890197,"stop":1743277950525,"duration":60328}},{"uid":"df7e7086ecf52d13","reportUrl":"https://ta-ulyanava.github.io/JAVA-teamcity-tests-homeTask/ui/33//#testresult/df7e7086ecf52d13","status":"failed","statusDetails":"Element not found {span[class='ProjectPageHeader__title--ih']}\nExpected: exact text \"test_mUYyq5N1Wo\"\nScreenshot: file:/home/runner/work/JAVA-teamcity-tests-homeTask/JAVA-teamcity-tests-homeTask/build/reports/tests/1743101922169.0.png\nPage source: file:/home/runner/work/JAVA-teamcity-tests-homeTask/JAVA-teamcity-tests-homeTask/build/reports/tests/1743101922169.0.html\nTimeout: 4 s.\nCaused by: NoSuchElementException: no such element: Unable to locate element: {\"method\":\"css selector\",\"selector\":\"span[class='ProjectPageHeader__title--ih']\"}","time":{"start":1743101869226,"stop":1743101922705,"duration":53479}},{"uid":"a42ef23ebdbe1dd5","reportUrl":"https://ta-ulyanava.github.io/JAVA-teamcity-tests-homeTask/ui/32//#testresult/a42ef23ebdbe1dd5","status":"failed","statusDetails":"Element not found {span[class='ProjectPageHeader__title--ih']}\nExpected: exact text \"test_znvrDFqyST\"\nScreenshot: file:/home/runner/work/JAVA-teamcity-tests-homeTask/JAVA-teamcity-tests-homeTask/build/reports/tests/1743101830961.0.png\nPage source: file:/home/runner/work/JAVA-teamcity-tests-homeTask/JAVA-teamcity-tests-homeTask/build/reports/tests/1743101830961.0.html\nTimeout: 4 s.\nCaused by: NoSuchElementException: no such element: Unable to locate element: {\"method\":\"css selector\",\"selector\":\"span[class='ProjectPageHeader__title--ih']\"}","time":{"start":1743101778003,"stop":1743101831470,"duration":53467}},{"uid":"1dea351df6c212a1","reportUrl":"https://ta-ulyanava.github.io/JAVA-teamcity-tests-homeTask/ui/31//#testresult/1dea351df6c212a1","status":"failed","statusDetails":"Element not found {span[class='ProjectPageHeader__title--ih']}\nExpected: exact text \"test_GmYSsykPXc\"\nScreenshot: file:/home/runner/work/JAVA-teamcity-tests-homeTask/JAVA-teamcity-tests-homeTask/build/reports/tests/1743101495897.0.png\nPage source: file:/home/runner/work/JAVA-teamcity-tests-homeTask/JAVA-teamcity-tests-homeTask/build/reports/tests/1743101495897.0.html\nTimeout: 4 s.\nCaused by: NoSuchElementException: no such element: Unable to locate element: {\"method\":\"css selector\",\"selector\":\"span[class='ProjectPageHeader__title--ih']\"}","time":{"start":1743101439778,"stop":1743101496438,"duration":56660}}]},"tags":[]},"source":"45ce0b2d6ea1e5e2.json","parameterValues":[]}