{"uid":"8b263c6ece25e66c","name":"User should be able to create project","fullName":"com.example.teamcity.ui.CreateProjectTest.userCreatesProject","historyId":"7f24ad9023ae3cbff9685d20fb15db20","time":{"start":1743447010585,"stop":1743447071158,"duration":60573},"status":"failed","statusMessage":"Element not found {span[class*='MiddleEllipsis'].snapshot(3 elements)[0]}\nExpected: exist\nScreenshot: file:/home/runner/work/JAVA-teamcity-tests-homeTask/JAVA-teamcity-tests-homeTask/build/reports/tests/1743447070694.0.png\nPage source: file:/home/runner/work/JAVA-teamcity-tests-homeTask/JAVA-teamcity-tests-homeTask/build/reports/tests/1743447070694.0.html\nTimeout: 4 s.\nCaused by: StaleElementReferenceException: stale element reference: stale element not found","statusTrace":"Element not found {span[class*='MiddleEllipsis'].snapshot(3 elements)[0]}\nExpected: exist\nScreenshot: file:/home/runner/work/JAVA-teamcity-tests-homeTask/JAVA-teamcity-tests-homeTask/build/reports/tests/1743447070694.0.png\nPage source: file:/home/runner/work/JAVA-teamcity-tests-homeTask/JAVA-teamcity-tests-homeTask/build/reports/tests/1743447070694.0.html\nTimeout: 4 s.\nCaused by: StaleElementReferenceException: stale element reference: stale element not found\n\tat com.codeborne.selenide.impl.WebElementSource.createElementNotFoundError(WebElementSource.java:68)\n\tat com.codeborne.selenide.impl.CollectionElement.createElementNotFoundError(CollectionElement.java:60)\n\tat com.codeborne.selenide.impl.ExceptionWrapper.wrap(ExceptionWrapper.java:25)\n\tat com.codeborne.selenide.impl.SelenideElementProxy.dispatchAndRetry(SelenideElementProxy.java:153)\n\tat com.codeborne.selenide.impl.SelenideElementProxy.invoke(SelenideElementProxy.java:83)\n\tat jdk.proxy2/jdk.proxy2.$Proxy29.getText(Unknown Source)\n\tat com.example.teamcity.ui.pages.ProjectsPage.lambda$getVisibleProjectNames$0(ProjectsPage.java:37)\n\tat java.base/java.util.stream.ReferencePipeline$3$1.accept(ReferencePipeline.java:197)\n\tat java.base/java.util.Iterator.forEachRemaining(Iterator.java:133)\n\tat java.base/java.util.Spliterators$IteratorSpliterator.forEachRemaining(Spliterators.java:1845)\n\tat java.base/java.util.stream.AbstractPipeline.copyInto(AbstractPipeline.java:509)\n\tat java.base/java.util.stream.AbstractPipeline.wrapAndCopyInto(AbstractPipeline.java:499)\n\tat java.base/java.util.stream.ReduceOps$ReduceOp.evaluateSequential(ReduceOps.java:921)\n\tat java.base/java.util.stream.AbstractPipeline.evaluate(AbstractPipeline.java:234)\n\tat java.base/java.util.stream.ReferencePipeline.collect(ReferencePipeline.java:682)\n\tat com.example.teamcity.ui.pages.ProjectsPage.getVisibleProjectNames(ProjectsPage.java:38)\n\tat com.example.teamcity.ui.helpers.UiProjectHelper.verifyProjectIsVisible(UiProjectHelper.java:39)\n\tat com.example.teamcity.ui.CreateProjectTest.userCreatesProject(CreateProjectTest.java:22)\n\tat java.base/jdk.internal.reflect.NativeMethodAccessorImpl.invoke0(Native Method)\n\tat java.base/jdk.internal.reflect.NativeMethodAccessorImpl.invoke(NativeMethodAccessorImpl.java:77)\n\tat java.base/jdk.internal.reflect.DelegatingMethodAccessorImpl.invoke(DelegatingMethodAccessorImpl.java:43)\n\tat java.base/java.lang.reflect.Method.invoke(Method.java:569)\n\tat org.testng.internal.invokers.MethodInvocationHelper.invokeMethod(MethodInvocationHelper.java:141)\n\tat org.testng.internal.invokers.TestInvoker.invokeMethod(TestInvoker.java:686)\n\tat org.testng.internal.invokers.TestInvoker.invokeTestMethod(TestInvoker.java:230)\n\tat org.testng.internal.invokers.MethodRunner.runInSequence(MethodRunner.java:63)\n\tat org.testng.internal.invokers.TestInvoker$MethodInvocationAgent.invoke(TestInvoker.java:992)\n\tat org.testng.internal.invokers.TestInvoker.invokeTestMethods(TestInvoker.java:203)\n\tat org.testng.internal.invokers.TestMethodWorker.invokeTestMethods(TestMethodWorker.java:154)\n\tat org.testng.internal.invokers.TestMethodWorker.run(TestMethodWorker.java:134)\n\tat java.base/java.util.ArrayList.forEach(ArrayList.java:1511)\n\tat org.testng.TestRunner.privateRun(TestRunner.java:739)\n\tat org.testng.TestRunner.run(TestRunner.java:614)\n\tat org.testng.SuiteRunner.runTest(SuiteRunner.java:421)\n\tat org.testng.SuiteRunner.runSequentially(SuiteRunner.java:413)\n\tat org.testng.SuiteRunner.privateRun(SuiteRunner.java:373)\n\tat org.testng.SuiteRunner.run(SuiteRunner.java:312)\n\tat org.testng.SuiteRunnerWorker.runSuite(SuiteRunnerWorker.java:52)\n\tat org.testng.SuiteRunnerWorker.run(SuiteRunnerWorker.java:95)\n\tat org.testng.TestNG.runSuitesSequentially(TestNG.java:1274)\n\tat org.testng.TestNG.runSuitesLocally(TestNG.java:1208)\n\tat org.testng.TestNG.runSuites(TestNG.java:1112)\n\tat org.testng.TestNG.run(TestNG.java:1079)\n\tat org.apache.maven.surefire.testng.TestNGExecutor.run(TestNGExecutor.java:151)\n\tat org.apache.maven.surefire.testng.TestNGDirectoryTestSuite.executeMulti(TestNGDirectoryTestSuite.java:192)\n\tat org.apache.maven.surefire.testng.TestNGDirectoryTestSuite.execute(TestNGDirectoryTestSuite.java:93)\n\tat org.apache.maven.surefire.testng.TestNGProvider.invoke(TestNGProvider.java:155)\n\tat org.apache.maven.surefire.booter.ForkedBooter.runSuitesInProcess(ForkedBooter.java:456)\n\tat org.apache.maven.surefire.booter.ForkedBooter.execute(ForkedBooter.java:169)\n\tat org.apache.maven.surefire.booter.ForkedBooter.run(ForkedBooter.java:595)\n\tat org.apache.maven.surefire.booter.ForkedBooter.main(ForkedBooter.java:581)\nCaused by: org.openqa.selenium.StaleElementReferenceException: stale element reference: stale element not found\n  (Session info: chrome=121.0.6167.85)\nFor documentation on this error, please visit: https://www.selenium.dev/documentation/webdriver/troubleshooting/errors#stale-element-reference-exception\nBuild info: version: '4.29.0', revision: '5fc1ec94cb'\nSystem info: os.name: 'Linux', os.arch: 'amd64', os.version: '6.8.0-1021-azure', java.version: '17.0.14'\nDriver info: org.openqa.selenium.remote.RemoteWebDriver\nCommand: [8e4ac2d2803eac7cc4758c8a8984b6a5, getElementTagName {id=18F25843B7B6E0D21A2075BAB14EE131_element_325}]\nCapabilities {acceptInsecureCerts: true, browserName: chrome, browserVersion: 121.0.6167.85, chrome: {chromedriverVersion: 121.0.6167.85 (3f98d690ad7e..., userDataDir: /tmp/.org.chromium.Chromium...}, fedcm:accounts: true, goog:chromeOptions: {debuggerAddress: localhost:37845}, networkConnectionEnabled: false, pageLoadStrategy: normal, platformName: linux, proxy: Proxy(), se:cdp: ws://localhost:4444/devtool..., se:cdpVersion: 121.0.6167.85, setWindowRect: true, strictFileInteractability: false, timeouts: {implicit: 0, pageLoad: 300000, script: 30000}, unhandledPromptBehavior: accept, webauthn:extension:credBlob: true, webauthn:extension:largeBlob: true, webauthn:extension:minPinLength: true, webauthn:extension:prf: true, webauthn:virtualAuthenticators: true}\nElement: [[RemoteWebDriver: chrome on linux (8e4ac2d2803eac7cc4758c8a8984b6a5)] -> css selector: span[class*='MiddleEllipsis']]\nSession ID: 8e4ac2d2803eac7cc4758c8a8984b6a5\n\tat jdk.internal.reflect.GeneratedConstructorAccessor25.newInstance(Unknown Source)\n\tat java.base/jdk.internal.reflect.DelegatingConstructorAccessorImpl.newInstance(DelegatingConstructorAccessorImpl.java:45)\n\tat java.base/java.lang.reflect.Constructor.newInstanceWithCaller(Constructor.java:500)\n\tat java.base/java.lang.reflect.Constructor.newInstance(Constructor.java:481)\n\tat org.openqa.selenium.remote.ErrorCodec.decode(ErrorCodec.java:167)\n\tat org.openqa.selenium.remote.codec.w3c.W3CHttpResponseCodec.decode(W3CHttpResponseCodec.java:138)\n\tat org.openqa.selenium.remote.codec.w3c.W3CHttpResponseCodec.decode(W3CHttpResponseCodec.java:50)\n\tat org.openqa.selenium.remote.HttpCommandExecutor.execute(HttpCommandExecutor.java:215)\n\tat org.openqa.selenium.remote.RemoteWebDriver.execute(RemoteWebDriver.java:545)\n\tat org.openqa.selenium.remote.RemoteWebElement.execute(RemoteWebElement.java:223)\n\tat org.openqa.selenium.remote.RemoteWebElement.getTagName(RemoteWebElement.java:134)\n\tat com.codeborne.selenide.commands.GetText.execute(GetText.java:23)\n\tat com.codeborne.selenide.commands.GetText.execute(GetText.java:9)\n\tat com.codeborne.selenide.commands.Commands.execute(Commands.java:160)\n\tat com.codeborne.selenide.impl.SelenideElementProxy.dispatchAndRetry(SelenideElementProxy.java:131)\n\t... 47 more\n","flaky":true,"newFailed":true,"newBroken":false,"newPassed":false,"retriesCount":0,"retriesStatusChange":false,"beforeStages":[{"name":"beforeTest","time":{"start":1743447010170,"stop":1743447010286,"duration":116},"description":"","status":"passed","steps":[{"name":"Generate TestData with all nested BaseModel fields","time":{"start":1743447010209,"stop":1743447010286,"duration":77},"status":"passed","steps":[{"name":"Generate instance of class class com.example.teamcity.api.models.Project","time":{"start":1743447010220,"stop":1743447010251,"duration":31},"status":"passed","steps":[{"name":"Generate random string with default prefix","time":{"start":1743447010238,"stop":1743447010247,"duration":9},"status":"passed","steps":[],"attachments":[],"parameters":[],"shouldDisplayMessage":false,"stepsCount":0,"attachmentsCount":0,"hasContent":false},{"name":"Generate random string with default prefix","time":{"start":1743447010250,"stop":1743447010250,"duration":0},"status":"passed","steps":[],"attachments":[],"parameters":[],"shouldDisplayMessage":false,"stepsCount":0,"attachmentsCount":0,"hasContent":false}],"attachments":[],"parameters":[{"name":"generatedModels","value":"[]"},{"name":"generatorClass","value":"class com.example.teamcity.api.models.Project"},{"name":"parameters","value":"[]"}],"shouldDisplayMessage":false,"stepsCount":2,"attachmentsCount":0,"hasContent":true},{"name":"Generate instance of class class com.example.teamcity.api.models.User","time":{"start":1743447010266,"stop":1743447010273,"duration":7},"status":"passed","steps":[{"name":"Generate random string with default prefix","time":{"start":1743447010267,"stop":1743447010267,"duration":0},"status":"passed","steps":[],"attachments":[],"parameters":[],"shouldDisplayMessage":false,"stepsCount":0,"attachmentsCount":0,"hasContent":false},{"name":"Generate random string with default prefix","time":{"start":1743447010268,"stop":1743447010268,"duration":0},"status":"passed","steps":[],"attachments":[],"parameters":[],"shouldDisplayMessage":false,"stepsCount":0,"attachmentsCount":0,"hasContent":false},{"name":"Generate instance of class class com.example.teamcity.api.models.Roles","time":{"start":1743447010268,"stop":1743447010273,"duration":5},"status":"passed","steps":[{"name":"Generate instance of class class com.example.teamcity.api.models.Role","time":{"start":1743447010272,"stop":1743447010273,"duration":1},"status":"passed","steps":[],"attachments":[],"parameters":[{"name":"generatedModels","value":"[Project(id=test_9G9KZhRm0p, name=test_JfuaJkUPsM, parentProject=null, copyAllAssociatedSettings=null, projectsIdsMap=null, buildTypesIdsMap=null, vcsRootsIdsMap=null, sourceProject=null)]"},{"name":"generatorClass","value":"class com.example.teamcity.api.models.Role"},{"name":"parameters","value":"[]"}],"shouldDisplayMessage":false,"stepsCount":0,"attachmentsCount":0,"hasContent":true}],"attachments":[],"parameters":[{"name":"generatedModels","value":"[Project(id=test_9G9KZhRm0p, name=test_JfuaJkUPsM, parentProject=null, copyAllAssociatedSettings=null, projectsIdsMap=null, buildTypesIdsMap=null, vcsRootsIdsMap=null, sourceProject=null)]"},{"name":"generatorClass","value":"class com.example.teamcity.api.models.Roles"},{"name":"parameters","value":"[]"}],"shouldDisplayMessage":false,"stepsCount":1,"attachmentsCount":0,"hasContent":true}],"attachments":[],"parameters":[{"name":"generatedModels","value":"[Project(id=test_9G9KZhRm0p, name=test_JfuaJkUPsM, parentProject=null, copyAllAssociatedSettings=null, projectsIdsMap=null, buildTypesIdsMap=null, vcsRootsIdsMap=null, sourceProject=null)]"},{"name":"generatorClass","value":"class com.example.teamcity.api.models.User"},{"name":"parameters","value":"[]"}],"shouldDisplayMessage":false,"stepsCount":4,"attachmentsCount":0,"hasContent":true},{"name":"Generate instance of class class com.example.teamcity.api.models.BuildType","time":{"start":1743447010283,"stop":1743447010286,"duration":3},"status":"passed","steps":[{"name":"Generate random string with default prefix","time":{"start":1743447010284,"stop":1743447010284,"duration":0},"status":"passed","steps":[],"attachments":[],"parameters":[],"shouldDisplayMessage":false,"stepsCount":0,"attachmentsCount":0,"hasContent":false},{"name":"Generate random string with default prefix","time":{"start":1743447010285,"stop":1743447010285,"duration":0},"status":"passed","steps":[],"attachments":[],"parameters":[],"shouldDisplayMessage":false,"stepsCount":0,"attachmentsCount":0,"hasContent":false}],"attachments":[],"parameters":[{"name":"generatedModels","value":"[Project(id=test_9G9KZhRm0p, name=test_JfuaJkUPsM, parentProject=null, copyAllAssociatedSettings=null, projectsIdsMap=null, buildTypesIdsMap=null, vcsRootsIdsMap=null, sourceProject=null), User(id=0, username=test_3UkvZDhlrD, password=test_tuPqMr5uHU, roles=Roles(role=[Role(roleId=SYSTEM_ADMIN, scope=g)]))]"},{"name":"generatorClass","value":"class com.example.teamcity.api.models.BuildType"},{"name":"parameters","value":"[]"}],"shouldDisplayMessage":false,"stepsCount":2,"attachmentsCount":0,"hasContent":true}],"attachments":[],"parameters":[],"shouldDisplayMessage":false,"stepsCount":11,"attachmentsCount":0,"hasContent":true}],"attachments":[],"parameters":[],"shouldDisplayMessage":false,"stepsCount":12,"attachmentsCount":0,"hasContent":true},{"name":"setupUiTest","time":{"start":1743447010460,"stop":1743447010535,"duration":75},"description":"","status":"passed","steps":[],"attachments":[],"parameters":[],"shouldDisplayMessage":false,"stepsCount":0,"attachmentsCount":0,"hasContent":false}],"testStage":{"status":"failed","statusMessage":"Element not found {span[class*='MiddleEllipsis'].snapshot(3 elements)[0]}\nExpected: exist\nScreenshot: file:/home/runner/work/JAVA-teamcity-tests-homeTask/JAVA-teamcity-tests-homeTask/build/reports/tests/1743447070694.0.png\nPage source: file:/home/runner/work/JAVA-teamcity-tests-homeTask/JAVA-teamcity-tests-homeTask/build/reports/tests/1743447070694.0.html\nTimeout: 4 s.\nCaused by: StaleElementReferenceException: stale element reference: stale element not found","statusTrace":"Element not found {span[class*='MiddleEllipsis'].snapshot(3 elements)[0]}\nExpected: exist\nScreenshot: file:/home/runner/work/JAVA-teamcity-tests-homeTask/JAVA-teamcity-tests-homeTask/build/reports/tests/1743447070694.0.png\nPage source: file:/home/runner/work/JAVA-teamcity-tests-homeTask/JAVA-teamcity-tests-homeTask/build/reports/tests/1743447070694.0.html\nTimeout: 4 s.\nCaused by: StaleElementReferenceException: stale element reference: stale element not found\n\tat com.codeborne.selenide.impl.WebElementSource.createElementNotFoundError(WebElementSource.java:68)\n\tat com.codeborne.selenide.impl.CollectionElement.createElementNotFoundError(CollectionElement.java:60)\n\tat com.codeborne.selenide.impl.ExceptionWrapper.wrap(ExceptionWrapper.java:25)\n\tat com.codeborne.selenide.impl.SelenideElementProxy.dispatchAndRetry(SelenideElementProxy.java:153)\n\tat com.codeborne.selenide.impl.SelenideElementProxy.invoke(SelenideElementProxy.java:83)\n\tat jdk.proxy2/jdk.proxy2.$Proxy29.getText(Unknown Source)\n\tat com.example.teamcity.ui.pages.ProjectsPage.lambda$getVisibleProjectNames$0(ProjectsPage.java:37)\n\tat java.base/java.util.stream.ReferencePipeline$3$1.accept(ReferencePipeline.java:197)\n\tat java.base/java.util.Iterator.forEachRemaining(Iterator.java:133)\n\tat java.base/java.util.Spliterators$IteratorSpliterator.forEachRemaining(Spliterators.java:1845)\n\tat java.base/java.util.stream.AbstractPipeline.copyInto(AbstractPipeline.java:509)\n\tat java.base/java.util.stream.AbstractPipeline.wrapAndCopyInto(AbstractPipeline.java:499)\n\tat java.base/java.util.stream.ReduceOps$ReduceOp.evaluateSequential(ReduceOps.java:921)\n\tat java.base/java.util.stream.AbstractPipeline.evaluate(AbstractPipeline.java:234)\n\tat java.base/java.util.stream.ReferencePipeline.collect(ReferencePipeline.java:682)\n\tat com.example.teamcity.ui.pages.ProjectsPage.getVisibleProjectNames(ProjectsPage.java:38)\n\tat com.example.teamcity.ui.helpers.UiProjectHelper.verifyProjectIsVisible(UiProjectHelper.java:39)\n\tat com.example.teamcity.ui.CreateProjectTest.userCreatesProject(CreateProjectTest.java:22)\n\tat java.base/jdk.internal.reflect.NativeMethodAccessorImpl.invoke0(Native Method)\n\tat java.base/jdk.internal.reflect.NativeMethodAccessorImpl.invoke(NativeMethodAccessorImpl.java:77)\n\tat java.base/jdk.internal.reflect.DelegatingMethodAccessorImpl.invoke(DelegatingMethodAccessorImpl.java:43)\n\tat java.base/java.lang.reflect.Method.invoke(Method.java:569)\n\tat org.testng.internal.invokers.MethodInvocationHelper.invokeMethod(MethodInvocationHelper.java:141)\n\tat org.testng.internal.invokers.TestInvoker.invokeMethod(TestInvoker.java:686)\n\tat org.testng.internal.invokers.TestInvoker.invokeTestMethod(TestInvoker.java:230)\n\tat org.testng.internal.invokers.MethodRunner.runInSequence(MethodRunner.java:63)\n\tat org.testng.internal.invokers.TestInvoker$MethodInvocationAgent.invoke(TestInvoker.java:992)\n\tat org.testng.internal.invokers.TestInvoker.invokeTestMethods(TestInvoker.java:203)\n\tat org.testng.internal.invokers.TestMethodWorker.invokeTestMethods(TestMethodWorker.java:154)\n\tat org.testng.internal.invokers.TestMethodWorker.run(TestMethodWorker.java:134)\n\tat java.base/java.util.ArrayList.forEach(ArrayList.java:1511)\n\tat org.testng.TestRunner.privateRun(TestRunner.java:739)\n\tat org.testng.TestRunner.run(TestRunner.java:614)\n\tat org.testng.SuiteRunner.runTest(SuiteRunner.java:421)\n\tat org.testng.SuiteRunner.runSequentially(SuiteRunner.java:413)\n\tat org.testng.SuiteRunner.privateRun(SuiteRunner.java:373)\n\tat org.testng.SuiteRunner.run(SuiteRunner.java:312)\n\tat org.testng.SuiteRunnerWorker.runSuite(SuiteRunnerWorker.java:52)\n\tat org.testng.SuiteRunnerWorker.run(SuiteRunnerWorker.java:95)\n\tat org.testng.TestNG.runSuitesSequentially(TestNG.java:1274)\n\tat org.testng.TestNG.runSuitesLocally(TestNG.java:1208)\n\tat org.testng.TestNG.runSuites(TestNG.java:1112)\n\tat org.testng.TestNG.run(TestNG.java:1079)\n\tat org.apache.maven.surefire.testng.TestNGExecutor.run(TestNGExecutor.java:151)\n\tat org.apache.maven.surefire.testng.TestNGDirectoryTestSuite.executeMulti(TestNGDirectoryTestSuite.java:192)\n\tat org.apache.maven.surefire.testng.TestNGDirectoryTestSuite.execute(TestNGDirectoryTestSuite.java:93)\n\tat org.apache.maven.surefire.testng.TestNGProvider.invoke(TestNGProvider.java:155)\n\tat org.apache.maven.surefire.booter.ForkedBooter.runSuitesInProcess(ForkedBooter.java:456)\n\tat org.apache.maven.surefire.booter.ForkedBooter.execute(ForkedBooter.java:169)\n\tat org.apache.maven.surefire.booter.ForkedBooter.run(ForkedBooter.java:595)\n\tat org.apache.maven.surefire.booter.ForkedBooter.main(ForkedBooter.java:581)\nCaused by: org.openqa.selenium.StaleElementReferenceException: stale element reference: stale element not found\n  (Session info: chrome=121.0.6167.85)\nFor documentation on this error, please visit: https://www.selenium.dev/documentation/webdriver/troubleshooting/errors#stale-element-reference-exception\nBuild info: version: '4.29.0', revision: '5fc1ec94cb'\nSystem info: os.name: 'Linux', os.arch: 'amd64', os.version: '6.8.0-1021-azure', java.version: '17.0.14'\nDriver info: org.openqa.selenium.remote.RemoteWebDriver\nCommand: [8e4ac2d2803eac7cc4758c8a8984b6a5, getElementTagName {id=18F25843B7B6E0D21A2075BAB14EE131_element_325}]\nCapabilities {acceptInsecureCerts: true, browserName: chrome, browserVersion: 121.0.6167.85, chrome: {chromedriverVersion: 121.0.6167.85 (3f98d690ad7e..., userDataDir: /tmp/.org.chromium.Chromium...}, fedcm:accounts: true, goog:chromeOptions: {debuggerAddress: localhost:37845}, networkConnectionEnabled: false, pageLoadStrategy: normal, platformName: linux, proxy: Proxy(), se:cdp: ws://localhost:4444/devtool..., se:cdpVersion: 121.0.6167.85, setWindowRect: true, strictFileInteractability: false, timeouts: {implicit: 0, pageLoad: 300000, script: 30000}, unhandledPromptBehavior: accept, webauthn:extension:credBlob: true, webauthn:extension:largeBlob: true, webauthn:extension:minPinLength: true, webauthn:extension:prf: true, webauthn:virtualAuthenticators: true}\nElement: [[RemoteWebDriver: chrome on linux (8e4ac2d2803eac7cc4758c8a8984b6a5)] -> css selector: span[class*='MiddleEllipsis']]\nSession ID: 8e4ac2d2803eac7cc4758c8a8984b6a5\n\tat jdk.internal.reflect.GeneratedConstructorAccessor25.newInstance(Unknown Source)\n\tat java.base/jdk.internal.reflect.DelegatingConstructorAccessorImpl.newInstance(DelegatingConstructorAccessorImpl.java:45)\n\tat java.base/java.lang.reflect.Constructor.newInstanceWithCaller(Constructor.java:500)\n\tat java.base/java.lang.reflect.Constructor.newInstance(Constructor.java:481)\n\tat org.openqa.selenium.remote.ErrorCodec.decode(ErrorCodec.java:167)\n\tat org.openqa.selenium.remote.codec.w3c.W3CHttpResponseCodec.decode(W3CHttpResponseCodec.java:138)\n\tat org.openqa.selenium.remote.codec.w3c.W3CHttpResponseCodec.decode(W3CHttpResponseCodec.java:50)\n\tat org.openqa.selenium.remote.HttpCommandExecutor.execute(HttpCommandExecutor.java:215)\n\tat org.openqa.selenium.remote.RemoteWebDriver.execute(RemoteWebDriver.java:545)\n\tat org.openqa.selenium.remote.RemoteWebElement.execute(RemoteWebElement.java:223)\n\tat org.openqa.selenium.remote.RemoteWebElement.getTagName(RemoteWebElement.java:134)\n\tat com.codeborne.selenide.commands.GetText.execute(GetText.java:23)\n\tat com.codeborne.selenide.commands.GetText.execute(GetText.java:9)\n\tat com.codeborne.selenide.commands.Commands.execute(Commands.java:160)\n\tat com.codeborne.selenide.impl.SelenideElementProxy.dispatchAndRetry(SelenideElementProxy.java:131)\n\t... 47 more\n","steps":[{"name":"Login as user 'test_3UkvZDhlrD'","time":{"start":1743447010589,"stop":1743447045521,"duration":34932},"status":"passed","steps":[{"name":"Get CheckedBase for USERS","time":{"start":1743447010590,"stop":1743447010590,"duration":0},"status":"passed","steps":[],"attachments":[],"parameters":[{"name":"apiEndpoint","value":"USERS"}],"shouldDisplayMessage":false,"stepsCount":0,"attachmentsCount":0,"hasContent":true},{"name":"Create entity: User(id=0, username=test_3UkvZDhlrD, password=test_tuPqMr5uHU, roles=Roles(role=[Role(roleId=SYSTEM_ADMIN, scope=g)]))","time":{"start":1743447010590,"stop":1743447014546,"duration":3956},"status":"passed","steps":[{"name":"Create entity: User(id=0, username=test_3UkvZDhlrD, password=test_tuPqMr5uHU, roles=Roles(role=[Role(roleId=SYSTEM_ADMIN, scope=g)]))","time":{"start":1743447010590,"stop":1743447014334,"duration":3744},"status":"passed","steps":[],"attachments":[],"parameters":[{"name":"model","value":"User(id=0, username=test_3UkvZDhlrD, password=test_tuPqMr5uHU, roles=Roles(role=[Role(roleId=SYSTEM_ADMIN, scope=g)]))"}],"shouldDisplayMessage":false,"stepsCount":0,"attachmentsCount":0,"hasContent":true},{"name":"Validate response for locator 'User(id=0, username=test_3UkvZDhlrD, password=test_tuPqMr5uHU, roles=Roles(role=[Role(roleId=SYSTEM_ADMIN, scope=g)]))'","time":{"start":1743447014334,"stop":1743447014380,"duration":46},"status":"passed","steps":[],"attachments":[],"parameters":[{"name":"response","value":"io.restassured.internal.RestAssuredResponseImpl@529fda9f"},{"name":"locator","value":"User(id=0, username=test_3UkvZDhlrD, password=test_tuPqMr5uHU, roles=Roles(role=[Role(roleId=SYSTEM_ADMIN, scope=g)]))"}],"shouldDisplayMessage":false,"stepsCount":0,"attachmentsCount":0,"hasContent":true},{"name":"Add created entity by model under USERS","time":{"start":1743447014545,"stop":1743447014546,"duration":1},"status":"passed","steps":[{"name":"Add created entity with ID '1' to storage under USERS","time":{"start":1743447014545,"stop":1743447014546,"duration":1},"status":"passed","steps":[],"attachments":[],"parameters":[{"name":"apiEndpoint","value":"USERS"},{"name":"id","value":"1"}],"shouldDisplayMessage":false,"stepsCount":0,"attachmentsCount":0,"hasContent":true}],"attachments":[],"parameters":[{"name":"apiEndpoint","value":"USERS"},{"name":"model","value":"User(id=1, username=test_3ukvzdhlrd, password=null, roles=Roles(role=[Role(roleId=SYSTEM_ADMIN, scope=g)]))"}],"shouldDisplayMessage":false,"stepsCount":1,"attachmentsCount":0,"hasContent":true}],"attachments":[],"parameters":[{"name":"model","value":"User(id=0, username=test_3UkvZDhlrD, password=test_tuPqMr5uHU, roles=Roles(role=[Role(roleId=SYSTEM_ADMIN, scope=g)]))"}],"shouldDisplayMessage":false,"stepsCount":4,"attachmentsCount":0,"hasContent":true},{"name":"Open login page","time":{"start":1743447014570,"stop":1743447025573,"duration":11003},"status":"passed","steps":[{"name":"$(\"open\") http://172.17.0.1:8111/login.html","time":{"start":1743447014739,"stop":1743447025470,"duration":10731},"status":"passed","steps":[{"name":"$(\"webdriver\") create()","time":{"start":1743447014751,"stop":1743447021615,"duration":6864},"status":"passed","steps":[],"attachments":[],"parameters":[],"shouldDisplayMessage":false,"stepsCount":0,"attachmentsCount":0,"hasContent":false}],"attachments":[],"parameters":[],"shouldDisplayMessage":false,"stepsCount":1,"attachmentsCount":0,"hasContent":true}],"attachments":[],"parameters":[],"shouldDisplayMessage":false,"stepsCount":2,"attachmentsCount":0,"hasContent":true},{"name":"Login as user: test_3UkvZDhlrD","time":{"start":1743447025576,"stop":1743447045521,"duration":19945},"status":"passed","steps":[{"name":"$(\"#username\") val(test_3UkvZDhlrD)","time":{"start":1743447025584,"stop":1743447025958,"duration":374},"status":"passed","steps":[],"attachments":[],"parameters":[],"shouldDisplayMessage":false,"stepsCount":0,"attachmentsCount":0,"hasContent":false},{"name":"$(\"#password\") val(test_tuPqMr5uHU)","time":{"start":1743447025959,"stop":1743447026142,"duration":183},"status":"passed","steps":[],"attachments":[],"parameters":[],"shouldDisplayMessage":false,"stepsCount":0,"attachmentsCount":0,"hasContent":false},{"name":"$(\".loginButton\") click()","time":{"start":1743447026142,"stop":1743447026306,"duration":164},"status":"passed","steps":[],"attachments":[],"parameters":[],"shouldDisplayMessage":false,"stepsCount":0,"attachmentsCount":0,"hasContent":false},{"name":"$(\".MainPanel__router--gF > div\") should be([visible, 30 s.])","time":{"start":1743447026313,"stop":1743447045521,"duration":19208},"status":"passed","steps":[],"attachments":[],"parameters":[],"shouldDisplayMessage":false,"stepsCount":0,"attachmentsCount":0,"hasContent":false}],"attachments":[],"parameters":[{"name":"user","value":"User(id=0, username=test_3UkvZDhlrD, password=test_tuPqMr5uHU, roles=Roles(role=[Role(roleId=SYSTEM_ADMIN, scope=g)]))"}],"shouldDisplayMessage":false,"stepsCount":4,"attachmentsCount":0,"hasContent":true}],"attachments":[],"parameters":[{"name":"user","value":"User(id=0, username=test_3UkvZDhlrD, password=test_tuPqMr5uHU, roles=Roles(role=[Role(roleId=SYSTEM_ADMIN, scope=g)]))"}],"shouldDisplayMessage":false,"stepsCount":14,"attachmentsCount":0,"hasContent":true},{"name":"Create project from GitHub with name 'test_JfuaJkUPsM' and build type 'test_Ae1pudbpzs'","time":{"start":1743447045523,"stop":1743447059531,"duration":14008},"status":"passed","steps":[{"name":"Open CreateProject page for project '_Root'","time":{"start":1743447045541,"stop":1743447048081,"duration":2540},"status":"passed","steps":[{"name":"$(\"open\") http://172.17.0.1:8111/admin/createObjectMenu.html?projectId=_Root&showMode=createProjectMenu","time":{"start":1743447045544,"stop":1743447048074,"duration":2530},"status":"passed","steps":[],"attachments":[],"parameters":[],"shouldDisplayMessage":false,"stepsCount":0,"attachmentsCount":0,"hasContent":false}],"attachments":[],"parameters":[{"name":"projectId","value":"_Root"}],"shouldDisplayMessage":false,"stepsCount":1,"attachmentsCount":0,"hasContent":true},{"name":"Submit VCS URL in create form: https://github.com/ta-ulyanava/JAVA-teamcity-tests-homeTask.git","time":{"start":1743447048082,"stop":1743447059021,"duration":10939},"status":"passed","steps":[{"name":"Submit creation form with URL: https://github.com/ta-ulyanava/JAVA-teamcity-tests-homeTask.git","time":{"start":1743447048082,"stop":1743447059021,"duration":10939},"status":"passed","steps":[{"name":"$(\"#url\") val(https://github.com/ta-ulyanava/JAVA-teamcity-tests-homeTask.git)","time":{"start":1743447048083,"stop":1743447049015,"duration":932},"status":"passed","steps":[],"attachments":[],"parameters":[],"shouldDisplayMessage":false,"stepsCount":0,"attachmentsCount":0,"hasContent":false},{"name":"$(\"[value=\"Proceed\"]\") click()","time":{"start":1743447049015,"stop":1743447049130,"duration":115},"status":"passed","steps":[],"attachments":[],"parameters":[],"shouldDisplayMessage":false,"stepsCount":0,"attachmentsCount":0,"hasContent":false},{"name":"$(\".connectionSuccessful\") should([be visible, 30 s.])","time":{"start":1743447049131,"stop":1743447059021,"duration":9890},"status":"passed","steps":[],"attachments":[],"parameters":[],"shouldDisplayMessage":false,"stepsCount":0,"attachmentsCount":0,"hasContent":false}],"attachments":[],"parameters":[{"name":"url","value":"https://github.com/ta-ulyanava/JAVA-teamcity-tests-homeTask.git"}],"shouldDisplayMessage":false,"stepsCount":3,"attachmentsCount":0,"hasContent":true}],"attachments":[],"parameters":[{"name":"url","value":"https://github.com/ta-ulyanava/JAVA-teamcity-tests-homeTask.git"}],"shouldDisplayMessage":false,"stepsCount":4,"attachmentsCount":0,"hasContent":true},{"name":"Set project name 'test_JfuaJkUPsM' and build configuration name 'test_Ae1pudbpzs'","time":{"start":1743447059021,"stop":1743447059531,"duration":510},"status":"passed","steps":[{"name":"$(\"#projectName\") val(test_JfuaJkUPsM)","time":{"start":1743447059022,"stop":1743447059218,"duration":196},"status":"passed","steps":[],"attachments":[],"parameters":[],"shouldDisplayMessage":false,"stepsCount":0,"attachmentsCount":0,"hasContent":false},{"name":"$(\"#buildTypeName\") val(test_Ae1pudbpzs)","time":{"start":1743447059218,"stop":1743447059418,"duration":200},"status":"passed","steps":[],"attachments":[],"parameters":[],"shouldDisplayMessage":false,"stepsCount":0,"attachmentsCount":0,"hasContent":false},{"name":"$(\"[value=\"Proceed\"]\") click()","time":{"start":1743447059419,"stop":1743447059531,"duration":112},"status":"passed","steps":[],"attachments":[],"parameters":[],"shouldDisplayMessage":false,"stepsCount":0,"attachmentsCount":0,"hasContent":false}],"attachments":[],"parameters":[{"name":"projectName","value":"test_JfuaJkUPsM"},{"name":"buildTypeName","value":"test_Ae1pudbpzs"}],"shouldDisplayMessage":false,"stepsCount":3,"attachmentsCount":0,"hasContent":true}],"attachments":[],"parameters":[{"name":"projectName","value":"test_JfuaJkUPsM"},{"name":"buildTypeName","value":"test_Ae1pudbpzs"}],"shouldDisplayMessage":false,"stepsCount":11,"attachmentsCount":0,"hasContent":true},{"name":"Wait for project 'test_JfuaJkUPsM' to appear in API","time":{"start":1743447059531,"stop":1743447060964,"duration":1433},"status":"passed","steps":[{"name":"Wait for project to appear in API: test_JfuaJkUPsM","time":{"start":1743447059532,"stop":1743447060964,"duration":1432},"status":"passed","steps":[{"name":"Get CheckedBase for PROJECTS","time":{"start":1743447059532,"stop":1743447059532,"duration":0},"status":"passed","steps":[],"attachments":[],"parameters":[{"name":"apiEndpoint","value":"PROJECTS"}],"shouldDisplayMessage":false,"stepsCount":0,"attachmentsCount":0,"hasContent":true},{"name":"Find first entity by locator: name:test_JfuaJkUPsM","time":{"start":1743447059532,"stop":1743447060964,"duration":1432},"status":"passed","steps":[{"name":"Find first entity by locator: name:test_JfuaJkUPsM","time":{"start":1743447059533,"stop":1743447059687,"duration":154},"status":"passed","steps":[],"attachments":[],"parameters":[{"name":"locator","value":"name:test_JfuaJkUPsM"}],"shouldDisplayMessage":false,"stepsCount":0,"attachmentsCount":0,"hasContent":true},{"name":"Validate response for locator 'name:test_JfuaJkUPsM'","time":{"start":1743447059687,"stop":1743447059687,"duration":0},"status":"passed","steps":[],"attachments":[],"parameters":[{"name":"response","value":"io.restassured.internal.RestAssuredResponseImpl@1a0b51e7"},{"name":"locator","value":"name:test_JfuaJkUPsM"}],"shouldDisplayMessage":false,"stepsCount":0,"attachmentsCount":0,"hasContent":true}],"attachments":[],"parameters":[{"name":"locator","value":"name:test_JfuaJkUPsM"}],"shouldDisplayMessage":false,"stepsCount":2,"attachmentsCount":0,"hasContent":true}],"attachments":[],"parameters":[{"name":"request","value":"com.example.teamcity.api.requests.CheckedRequest@6f67312d"},{"name":"projectName","value":"test_JfuaJkUPsM"},{"name":"timeoutSeconds","value":"20"}],"shouldDisplayMessage":false,"stepsCount":4,"attachmentsCount":0,"hasContent":true}],"attachments":[],"parameters":[{"name":"requests","value":"com.example.teamcity.api.requests.CheckedRequest@6f67312d"},{"name":"projectName","value":"test_JfuaJkUPsM"}],"shouldDisplayMessage":false,"stepsCount":5,"attachmentsCount":0,"hasContent":true},{"name":"Verify project page title is 'test_JfuaJkUPsM' for project ID 'TestJfuaJkUPsM'","time":{"start":1743447060964,"stop":1743447064532,"duration":3568},"status":"passed","steps":[{"name":"Open Project page for project ID 'TestJfuaJkUPsM'","time":{"start":1743447060970,"stop":1743447063735,"duration":2765},"status":"passed","steps":[{"name":"$(\"open\") http://172.17.0.1:8111/project/TestJfuaJkUPsM","time":{"start":1743447060970,"stop":1743447063735,"duration":2765},"status":"passed","steps":[],"attachments":[],"parameters":[],"shouldDisplayMessage":false,"stepsCount":0,"attachmentsCount":0,"hasContent":false}],"attachments":[],"parameters":[{"name":"projectId","value":"TestJfuaJkUPsM"}],"shouldDisplayMessage":false,"stepsCount":1,"attachmentsCount":0,"hasContent":true},{"name":"$(\"span[class='ProjectPageHeader__title--ih']\") should have(exact text \"test_JfuaJkUPsM\")","time":{"start":1743447063735,"stop":1743447064532,"duration":797},"status":"passed","steps":[],"attachments":[],"parameters":[],"shouldDisplayMessage":false,"stepsCount":0,"attachmentsCount":0,"hasContent":false}],"attachments":[],"parameters":[{"name":"projectId","value":"TestJfuaJkUPsM"},{"name":"expectedProjectName","value":"test_JfuaJkUPsM"}],"shouldDisplayMessage":false,"stepsCount":3,"attachmentsCount":0,"hasContent":true},{"name":"Verify project 'test_JfuaJkUPsM' is visible on the Projects page","time":{"start":1743447064532,"stop":1743447071147,"duration":6615},"status":"failed","statusMessage":"Element not found {span[class*='MiddleEllipsis'].snapshot(3 elements)[0]}\nExpected: exist\nScreenshot: file:/home/runner/work/JAVA-teamcity-tests-homeTask/JAVA-teamcity-tests-homeTask/build/reports/tests/1743447070694.0.png\nPage source: file:/home/runner/work/JAVA-teamcity-tests-homeTask/JAVA-teamcity-tests-homeTask/build/reports/tests/1743447070694.0.html\nTimeout: 4 s.\nCaused by: StaleElementReferenceException: stale element reference: stale element not found","statusTrace":"Element not found {span[class*='MiddleEllipsis'].snapshot(3 elements)[0]}\nExpected: exist\nScreenshot: file:/home/runner/work/JAVA-teamcity-tests-homeTask/JAVA-teamcity-tests-homeTask/build/reports/tests/1743447070694.0.png\nPage source: file:/home/runner/work/JAVA-teamcity-tests-homeTask/JAVA-teamcity-tests-homeTask/build/reports/tests/1743447070694.0.html\nTimeout: 4 s.\nCaused by: StaleElementReferenceException: stale element reference: stale element not found\n\tat com.codeborne.selenide.impl.WebElementSource.createElementNotFoundError(WebElementSource.java:68)\n\tat com.codeborne.selenide.impl.CollectionElement.createElementNotFoundError(CollectionElement.java:60)\n\tat com.codeborne.selenide.impl.ExceptionWrapper.wrap(ExceptionWrapper.java:25)\n\tat com.codeborne.selenide.impl.SelenideElementProxy.dispatchAndRetry(SelenideElementProxy.java:153)\n\tat com.codeborne.selenide.impl.SelenideElementProxy.invoke(SelenideElementProxy.java:83)\n\tat jdk.proxy2/jdk.proxy2.$Proxy29.getText(Unknown Source)\n\tat com.example.teamcity.ui.pages.ProjectsPage.lambda$getVisibleProjectNames$0(ProjectsPage.java:37)\n\tat java.base/java.util.stream.ReferencePipeline$3$1.accept(ReferencePipeline.java:197)\n\tat java.base/java.util.Iterator.forEachRemaining(Iterator.java:133)\n\tat java.base/java.util.Spliterators$IteratorSpliterator.forEachRemaining(Spliterators.java:1845)\n\tat java.base/java.util.stream.AbstractPipeline.copyInto(AbstractPipeline.java:509)\n\tat java.base/java.util.stream.AbstractPipeline.wrapAndCopyInto(AbstractPipeline.java:499)\n\tat java.base/java.util.stream.ReduceOps$ReduceOp.evaluateSequential(ReduceOps.java:921)\n\tat java.base/java.util.stream.AbstractPipeline.evaluate(AbstractPipeline.java:234)\n\tat java.base/java.util.stream.ReferencePipeline.collect(ReferencePipeline.java:682)\n\tat com.example.teamcity.ui.pages.ProjectsPage.getVisibleProjectNames(ProjectsPage.java:38)\n\tat com.example.teamcity.ui.helpers.UiProjectHelper.verifyProjectIsVisible(UiProjectHelper.java:39)\n\tat com.example.teamcity.ui.CreateProjectTest.userCreatesProject(CreateProjectTest.java:22)\n\tat java.base/jdk.internal.reflect.NativeMethodAccessorImpl.invoke0(Native Method)\n\tat java.base/jdk.internal.reflect.NativeMethodAccessorImpl.invoke(NativeMethodAccessorImpl.java:77)\n\tat java.base/jdk.internal.reflect.DelegatingMethodAccessorImpl.invoke(DelegatingMethodAccessorImpl.java:43)\n\tat java.base/java.lang.reflect.Method.invoke(Method.java:569)\n\tat org.testng.internal.invokers.MethodInvocationHelper.invokeMethod(MethodInvocationHelper.java:141)\n\tat org.testng.internal.invokers.TestInvoker.invokeMethod(TestInvoker.java:686)\n\tat org.testng.internal.invokers.TestInvoker.invokeTestMethod(TestInvoker.java:230)\n\tat org.testng.internal.invokers.MethodRunner.runInSequence(MethodRunner.java:63)\n\tat org.testng.internal.invokers.TestInvoker$MethodInvocationAgent.invoke(TestInvoker.java:992)\n\tat org.testng.internal.invokers.TestInvoker.invokeTestMethods(TestInvoker.java:203)\n\tat org.testng.internal.invokers.TestMethodWorker.invokeTestMethods(TestMethodWorker.java:154)\n\tat org.testng.internal.invokers.TestMethodWorker.run(TestMethodWorker.java:134)\n\tat java.base/java.util.ArrayList.forEach(ArrayList.java:1511)\n\tat org.testng.TestRunner.privateRun(TestRunner.java:739)\n\tat org.testng.TestRunner.run(TestRunner.java:614)\n\tat org.testng.SuiteRunner.runTest(SuiteRunner.java:421)\n\tat org.testng.SuiteRunner.runSequentially(SuiteRunner.java:413)\n\tat org.testng.SuiteRunner.privateRun(SuiteRunner.java:373)\n\tat org.testng.SuiteRunner.run(SuiteRunner.java:312)\n\tat org.testng.SuiteRunnerWorker.runSuite(SuiteRunnerWorker.java:52)\n\tat org.testng.SuiteRunnerWorker.run(SuiteRunnerWorker.java:95)\n\tat org.testng.TestNG.runSuitesSequentially(TestNG.java:1274)\n\tat org.testng.TestNG.runSuitesLocally(TestNG.java:1208)\n\tat org.testng.TestNG.runSuites(TestNG.java:1112)\n\tat org.testng.TestNG.run(TestNG.java:1079)\n\tat org.apache.maven.surefire.testng.TestNGExecutor.run(TestNGExecutor.java:151)\n\tat org.apache.maven.surefire.testng.TestNGDirectoryTestSuite.executeMulti(TestNGDirectoryTestSuite.java:192)\n\tat org.apache.maven.surefire.testng.TestNGDirectoryTestSuite.execute(TestNGDirectoryTestSuite.java:93)\n\tat org.apache.maven.surefire.testng.TestNGProvider.invoke(TestNGProvider.java:155)\n\tat org.apache.maven.surefire.booter.ForkedBooter.runSuitesInProcess(ForkedBooter.java:456)\n\tat org.apache.maven.surefire.booter.ForkedBooter.execute(ForkedBooter.java:169)\n\tat org.apache.maven.surefire.booter.ForkedBooter.run(ForkedBooter.java:595)\n\tat org.apache.maven.surefire.booter.ForkedBooter.main(ForkedBooter.java:581)\nCaused by: org.openqa.selenium.StaleElementReferenceException: stale element reference: stale element not found\n  (Session info: chrome=121.0.6167.85)\nFor documentation on this error, please visit: https://www.selenium.dev/documentation/webdriver/troubleshooting/errors#stale-element-reference-exception\nBuild info: version: '4.29.0', revision: '5fc1ec94cb'\nSystem info: os.name: 'Linux', os.arch: 'amd64', os.version: '6.8.0-1021-azure', java.version: '17.0.14'\nDriver info: org.openqa.selenium.remote.RemoteWebDriver\nCommand: [8e4ac2d2803eac7cc4758c8a8984b6a5, getElementTagName {id=18F25843B7B6E0D21A2075BAB14EE131_element_325}]\nCapabilities {acceptInsecureCerts: true, browserName: chrome, browserVersion: 121.0.6167.85, chrome: {chromedriverVersion: 121.0.6167.85 (3f98d690ad7e..., userDataDir: /tmp/.org.chromium.Chromium...}, fedcm:accounts: true, goog:chromeOptions: {debuggerAddress: localhost:37845}, networkConnectionEnabled: false, pageLoadStrategy: normal, platformName: linux, proxy: Proxy(), se:cdp: ws://localhost:4444/devtool..., se:cdpVersion: 121.0.6167.85, setWindowRect: true, strictFileInteractability: false, timeouts: {implicit: 0, pageLoad: 300000, script: 30000}, unhandledPromptBehavior: accept, webauthn:extension:credBlob: true, webauthn:extension:largeBlob: true, webauthn:extension:minPinLength: true, webauthn:extension:prf: true, webauthn:virtualAuthenticators: true}\nElement: [[RemoteWebDriver: chrome on linux (8e4ac2d2803eac7cc4758c8a8984b6a5)] -> css selector: span[class*='MiddleEllipsis']]\nSession ID: 8e4ac2d2803eac7cc4758c8a8984b6a5\n\tat jdk.internal.reflect.GeneratedConstructorAccessor25.newInstance(Unknown Source)\n\tat java.base/jdk.internal.reflect.DelegatingConstructorAccessorImpl.newInstance(DelegatingConstructorAccessorImpl.java:45)\n\tat java.base/java.lang.reflect.Constructor.newInstanceWithCaller(Constructor.java:500)\n\tat java.base/java.lang.reflect.Constructor.newInstance(Constructor.java:481)\n\tat org.openqa.selenium.remote.ErrorCodec.decode(ErrorCodec.java:167)\n\tat org.openqa.selenium.remote.codec.w3c.W3CHttpResponseCodec.decode(W3CHttpResponseCodec.java:138)\n\tat org.openqa.selenium.remote.codec.w3c.W3CHttpResponseCodec.decode(W3CHttpResponseCodec.java:50)\n\tat org.openqa.selenium.remote.HttpCommandExecutor.execute(HttpCommandExecutor.java:215)\n\tat org.openqa.selenium.remote.RemoteWebDriver.execute(RemoteWebDriver.java:545)\n\tat org.openqa.selenium.remote.RemoteWebElement.execute(RemoteWebElement.java:223)\n\tat org.openqa.selenium.remote.RemoteWebElement.getTagName(RemoteWebElement.java:134)\n\tat com.codeborne.selenide.commands.GetText.execute(GetText.java:23)\n\tat com.codeborne.selenide.commands.GetText.execute(GetText.java:9)\n\tat com.codeborne.selenide.commands.Commands.execute(Commands.java:160)\n\tat com.codeborne.selenide.impl.SelenideElementProxy.dispatchAndRetry(SelenideElementProxy.java:131)\n\t... 47 more\n","steps":[{"name":"Open projects page","time":{"start":1743447064534,"stop":1743447066355,"duration":1821},"status":"passed","steps":[{"name":"$(\"open\") http://172.17.0.1:8111/favorite/projects","time":{"start":1743447064534,"stop":1743447065460,"duration":926},"status":"passed","steps":[],"attachments":[],"parameters":[],"shouldDisplayMessage":false,"stepsCount":0,"attachmentsCount":0,"hasContent":false},{"name":"$(\".MainPanel__router--gF > div\") should be([visible, 30 s.])","time":{"start":1743447065460,"stop":1743447066355,"duration":895},"status":"passed","steps":[],"attachments":[],"parameters":[],"shouldDisplayMessage":false,"stepsCount":0,"attachmentsCount":0,"hasContent":false}],"attachments":[],"parameters":[],"shouldDisplayMessage":false,"stepsCount":2,"attachmentsCount":0,"hasContent":true},{"name":"Wait for project to appear: test_JfuaJkUPsM","time":{"start":1743447066356,"stop":1743447066439,"duration":83},"status":"passed","steps":[{"name":"$(\"span[class*='MiddleEllipsis'].findBy(text \"test_JfuaJkUPsM\")\") should be([visible, 5 s.])","time":{"start":1743447066373,"stop":1743447066439,"duration":66},"status":"passed","steps":[],"attachments":[],"parameters":[],"shouldDisplayMessage":false,"stepsCount":0,"attachmentsCount":0,"hasContent":false}],"attachments":[],"parameters":[{"name":"name","value":"test_JfuaJkUPsM"}],"shouldDisplayMessage":false,"stepsCount":1,"attachmentsCount":0,"hasContent":true},{"name":"Get visible project names from Projects page","time":{"start":1743447066440,"stop":1743447071146,"duration":4706},"status":"failed","statusMessage":"Element not found {span[class*='MiddleEllipsis'].snapshot(3 elements)[0]}\nExpected: exist\nScreenshot: file:/home/runner/work/JAVA-teamcity-tests-homeTask/JAVA-teamcity-tests-homeTask/build/reports/tests/1743447070694.0.png\nPage source: file:/home/runner/work/JAVA-teamcity-tests-homeTask/JAVA-teamcity-tests-homeTask/build/reports/tests/1743447070694.0.html\nTimeout: 4 s.\nCaused by: StaleElementReferenceException: stale element reference: stale element not found","statusTrace":"Element not found {span[class*='MiddleEllipsis'].snapshot(3 elements)[0]}\nExpected: exist\nScreenshot: file:/home/runner/work/JAVA-teamcity-tests-homeTask/JAVA-teamcity-tests-homeTask/build/reports/tests/1743447070694.0.png\nPage source: file:/home/runner/work/JAVA-teamcity-tests-homeTask/JAVA-teamcity-tests-homeTask/build/reports/tests/1743447070694.0.html\nTimeout: 4 s.\nCaused by: StaleElementReferenceException: stale element reference: stale element not found\n\tat com.codeborne.selenide.impl.WebElementSource.createElementNotFoundError(WebElementSource.java:68)\n\tat com.codeborne.selenide.impl.CollectionElement.createElementNotFoundError(CollectionElement.java:60)\n\tat com.codeborne.selenide.impl.ExceptionWrapper.wrap(ExceptionWrapper.java:25)\n\tat com.codeborne.selenide.impl.SelenideElementProxy.dispatchAndRetry(SelenideElementProxy.java:153)\n\tat com.codeborne.selenide.impl.SelenideElementProxy.invoke(SelenideElementProxy.java:83)\n\tat jdk.proxy2/jdk.proxy2.$Proxy29.getText(Unknown Source)\n\tat com.example.teamcity.ui.pages.ProjectsPage.lambda$getVisibleProjectNames$0(ProjectsPage.java:37)\n\tat java.base/java.util.stream.ReferencePipeline$3$1.accept(ReferencePipeline.java:197)\n\tat java.base/java.util.Iterator.forEachRemaining(Iterator.java:133)\n\tat java.base/java.util.Spliterators$IteratorSpliterator.forEachRemaining(Spliterators.java:1845)\n\tat java.base/java.util.stream.AbstractPipeline.copyInto(AbstractPipeline.java:509)\n\tat java.base/java.util.stream.AbstractPipeline.wrapAndCopyInto(AbstractPipeline.java:499)\n\tat java.base/java.util.stream.ReduceOps$ReduceOp.evaluateSequential(ReduceOps.java:921)\n\tat java.base/java.util.stream.AbstractPipeline.evaluate(AbstractPipeline.java:234)\n\tat java.base/java.util.stream.ReferencePipeline.collect(ReferencePipeline.java:682)\n\tat com.example.teamcity.ui.pages.ProjectsPage.getVisibleProjectNames(ProjectsPage.java:38)\n\tat com.example.teamcity.ui.helpers.UiProjectHelper.verifyProjectIsVisible(UiProjectHelper.java:39)\n\tat com.example.teamcity.ui.CreateProjectTest.userCreatesProject(CreateProjectTest.java:22)\n\tat java.base/jdk.internal.reflect.NativeMethodAccessorImpl.invoke0(Native Method)\n\tat java.base/jdk.internal.reflect.NativeMethodAccessorImpl.invoke(NativeMethodAccessorImpl.java:77)\n\tat java.base/jdk.internal.reflect.DelegatingMethodAccessorImpl.invoke(DelegatingMethodAccessorImpl.java:43)\n\tat java.base/java.lang.reflect.Method.invoke(Method.java:569)\n\tat org.testng.internal.invokers.MethodInvocationHelper.invokeMethod(MethodInvocationHelper.java:141)\n\tat org.testng.internal.invokers.TestInvoker.invokeMethod(TestInvoker.java:686)\n\tat org.testng.internal.invokers.TestInvoker.invokeTestMethod(TestInvoker.java:230)\n\tat org.testng.internal.invokers.MethodRunner.runInSequence(MethodRunner.java:63)\n\tat org.testng.internal.invokers.TestInvoker$MethodInvocationAgent.invoke(TestInvoker.java:992)\n\tat org.testng.internal.invokers.TestInvoker.invokeTestMethods(TestInvoker.java:203)\n\tat org.testng.internal.invokers.TestMethodWorker.invokeTestMethods(TestMethodWorker.java:154)\n\tat org.testng.internal.invokers.TestMethodWorker.run(TestMethodWorker.java:134)\n\tat java.base/java.util.ArrayList.forEach(ArrayList.java:1511)\n\tat org.testng.TestRunner.privateRun(TestRunner.java:739)\n\tat org.testng.TestRunner.run(TestRunner.java:614)\n\tat org.testng.SuiteRunner.runTest(SuiteRunner.java:421)\n\tat org.testng.SuiteRunner.runSequentially(SuiteRunner.java:413)\n\tat org.testng.SuiteRunner.privateRun(SuiteRunner.java:373)\n\tat org.testng.SuiteRunner.run(SuiteRunner.java:312)\n\tat org.testng.SuiteRunnerWorker.runSuite(SuiteRunnerWorker.java:52)\n\tat org.testng.SuiteRunnerWorker.run(SuiteRunnerWorker.java:95)\n\tat org.testng.TestNG.runSuitesSequentially(TestNG.java:1274)\n\tat org.testng.TestNG.runSuitesLocally(TestNG.java:1208)\n\tat org.testng.TestNG.runSuites(TestNG.java:1112)\n\tat org.testng.TestNG.run(TestNG.java:1079)\n\tat org.apache.maven.surefire.testng.TestNGExecutor.run(TestNGExecutor.java:151)\n\tat org.apache.maven.surefire.testng.TestNGDirectoryTestSuite.executeMulti(TestNGDirectoryTestSuite.java:192)\n\tat org.apache.maven.surefire.testng.TestNGDirectoryTestSuite.execute(TestNGDirectoryTestSuite.java:93)\n\tat org.apache.maven.surefire.testng.TestNGProvider.invoke(TestNGProvider.java:155)\n\tat org.apache.maven.surefire.booter.ForkedBooter.runSuitesInProcess(ForkedBooter.java:456)\n\tat org.apache.maven.surefire.booter.ForkedBooter.execute(ForkedBooter.java:169)\n\tat org.apache.maven.surefire.booter.ForkedBooter.run(ForkedBooter.java:595)\n\tat org.apache.maven.surefire.booter.ForkedBooter.main(ForkedBooter.java:581)\nCaused by: org.openqa.selenium.StaleElementReferenceException: stale element reference: stale element not found\n  (Session info: chrome=121.0.6167.85)\nFor documentation on this error, please visit: https://www.selenium.dev/documentation/webdriver/troubleshooting/errors#stale-element-reference-exception\nBuild info: version: '4.29.0', revision: '5fc1ec94cb'\nSystem info: os.name: 'Linux', os.arch: 'amd64', os.version: '6.8.0-1021-azure', java.version: '17.0.14'\nDriver info: org.openqa.selenium.remote.RemoteWebDriver\nCommand: [8e4ac2d2803eac7cc4758c8a8984b6a5, getElementTagName {id=18F25843B7B6E0D21A2075BAB14EE131_element_325}]\nCapabilities {acceptInsecureCerts: true, browserName: chrome, browserVersion: 121.0.6167.85, chrome: {chromedriverVersion: 121.0.6167.85 (3f98d690ad7e..., userDataDir: /tmp/.org.chromium.Chromium...}, fedcm:accounts: true, goog:chromeOptions: {debuggerAddress: localhost:37845}, networkConnectionEnabled: false, pageLoadStrategy: normal, platformName: linux, proxy: Proxy(), se:cdp: ws://localhost:4444/devtool..., se:cdpVersion: 121.0.6167.85, setWindowRect: true, strictFileInteractability: false, timeouts: {implicit: 0, pageLoad: 300000, script: 30000}, unhandledPromptBehavior: accept, webauthn:extension:credBlob: true, webauthn:extension:largeBlob: true, webauthn:extension:minPinLength: true, webauthn:extension:prf: true, webauthn:virtualAuthenticators: true}\nElement: [[RemoteWebDriver: chrome on linux (8e4ac2d2803eac7cc4758c8a8984b6a5)] -> css selector: span[class*='MiddleEllipsis']]\nSession ID: 8e4ac2d2803eac7cc4758c8a8984b6a5\n\tat jdk.internal.reflect.GeneratedConstructorAccessor25.newInstance(Unknown Source)\n\tat java.base/jdk.internal.reflect.DelegatingConstructorAccessorImpl.newInstance(DelegatingConstructorAccessorImpl.java:45)\n\tat java.base/java.lang.reflect.Constructor.newInstanceWithCaller(Constructor.java:500)\n\tat java.base/java.lang.reflect.Constructor.newInstance(Constructor.java:481)\n\tat org.openqa.selenium.remote.ErrorCodec.decode(ErrorCodec.java:167)\n\tat org.openqa.selenium.remote.codec.w3c.W3CHttpResponseCodec.decode(W3CHttpResponseCodec.java:138)\n\tat org.openqa.selenium.remote.codec.w3c.W3CHttpResponseCodec.decode(W3CHttpResponseCodec.java:50)\n\tat org.openqa.selenium.remote.HttpCommandExecutor.execute(HttpCommandExecutor.java:215)\n\tat org.openqa.selenium.remote.RemoteWebDriver.execute(RemoteWebDriver.java:545)\n\tat org.openqa.selenium.remote.RemoteWebElement.execute(RemoteWebElement.java:223)\n\tat org.openqa.selenium.remote.RemoteWebElement.getTagName(RemoteWebElement.java:134)\n\tat com.codeborne.selenide.commands.GetText.execute(GetText.java:23)\n\tat com.codeborne.selenide.commands.GetText.execute(GetText.java:9)\n\tat com.codeborne.selenide.commands.Commands.execute(Commands.java:160)\n\tat com.codeborne.selenide.impl.SelenideElementProxy.dispatchAndRetry(SelenideElementProxy.java:131)\n\t... 47 more\n","steps":[{"name":"$(\"span[class*='MiddleEllipsis']\") should be(size > 0)","time":{"start":1743447066455,"stop":1743447066479,"duration":24},"status":"passed","steps":[],"attachments":[],"parameters":[],"shouldDisplayMessage":false,"stepsCount":0,"attachmentsCount":0,"hasContent":false},{"name":"$(\"span[class*='MiddleEllipsis'].snapshot(3 elements)[0]\") should be(visible)","time":{"start":1743447066510,"stop":1743447066528,"duration":18},"status":"passed","steps":[],"attachments":[],"parameters":[],"shouldDisplayMessage":false,"stepsCount":0,"attachmentsCount":0,"hasContent":false},{"name":"$(\"span[class*='MiddleEllipsis'].snapshot(3 elements)[0]\") get text()","time":{"start":1743447066529,"stop":1743447071146,"duration":4617},"status":"failed","statusMessage":"Element not found {span[class*='MiddleEllipsis'].snapshot(3 elements)[0]}\nExpected: exist\nScreenshot: file:/home/runner/work/JAVA-teamcity-tests-homeTask/JAVA-teamcity-tests-homeTask/build/reports/tests/1743447070694.0.png\nPage source: file:/home/runner/work/JAVA-teamcity-tests-homeTask/JAVA-teamcity-tests-homeTask/build/reports/tests/1743447070694.0.html\nTimeout: 4 s.\nCaused by: StaleElementReferenceException: stale element reference: stale element not found","statusTrace":"Element not found {span[class*='MiddleEllipsis'].snapshot(3 elements)[0]}\nExpected: exist\nScreenshot: file:/home/runner/work/JAVA-teamcity-tests-homeTask/JAVA-teamcity-tests-homeTask/build/reports/tests/1743447070694.0.png\nPage source: file:/home/runner/work/JAVA-teamcity-tests-homeTask/JAVA-teamcity-tests-homeTask/build/reports/tests/1743447070694.0.html\nTimeout: 4 s.\nCaused by: StaleElementReferenceException: stale element reference: stale element not found\n\tat com.codeborne.selenide.impl.WebElementSource.createElementNotFoundError(WebElementSource.java:68)\n\tat com.codeborne.selenide.impl.CollectionElement.createElementNotFoundError(CollectionElement.java:60)\n\tat com.codeborne.selenide.impl.ExceptionWrapper.wrap(ExceptionWrapper.java:25)\n\tat com.codeborne.selenide.impl.SelenideElementProxy.dispatchAndRetry(SelenideElementProxy.java:153)\n\tat com.codeborne.selenide.impl.SelenideElementProxy.invoke(SelenideElementProxy.java:83)\n\tat jdk.proxy2/jdk.proxy2.$Proxy29.getText(Unknown Source)\n\tat com.example.teamcity.ui.pages.ProjectsPage.lambda$getVisibleProjectNames$0(ProjectsPage.java:37)\n\tat java.base/java.util.stream.ReferencePipeline$3$1.accept(ReferencePipeline.java:197)\n\tat java.base/java.util.Iterator.forEachRemaining(Iterator.java:133)\n\tat java.base/java.util.Spliterators$IteratorSpliterator.forEachRemaining(Spliterators.java:1845)\n\tat java.base/java.util.stream.AbstractPipeline.copyInto(AbstractPipeline.java:509)\n\tat java.base/java.util.stream.AbstractPipeline.wrapAndCopyInto(AbstractPipeline.java:499)\n\tat java.base/java.util.stream.ReduceOps$ReduceOp.evaluateSequential(ReduceOps.java:921)\n\tat java.base/java.util.stream.AbstractPipeline.evaluate(AbstractPipeline.java:234)\n\tat java.base/java.util.stream.ReferencePipeline.collect(ReferencePipeline.java:682)\n\tat com.example.teamcity.ui.pages.ProjectsPage.getVisibleProjectNames(ProjectsPage.java:38)\n\tat com.example.teamcity.ui.helpers.UiProjectHelper.verifyProjectIsVisible(UiProjectHelper.java:39)\n\tat com.example.teamcity.ui.CreateProjectTest.userCreatesProject(CreateProjectTest.java:22)\n\tat java.base/jdk.internal.reflect.NativeMethodAccessorImpl.invoke0(Native Method)\n\tat java.base/jdk.internal.reflect.NativeMethodAccessorImpl.invoke(NativeMethodAccessorImpl.java:77)\n\tat java.base/jdk.internal.reflect.DelegatingMethodAccessorImpl.invoke(DelegatingMethodAccessorImpl.java:43)\n\tat java.base/java.lang.reflect.Method.invoke(Method.java:569)\n\tat org.testng.internal.invokers.MethodInvocationHelper.invokeMethod(MethodInvocationHelper.java:141)\n\tat org.testng.internal.invokers.TestInvoker.invokeMethod(TestInvoker.java:686)\n\tat org.testng.internal.invokers.TestInvoker.invokeTestMethod(TestInvoker.java:230)\n\tat org.testng.internal.invokers.MethodRunner.runInSequence(MethodRunner.java:63)\n\tat org.testng.internal.invokers.TestInvoker$MethodInvocationAgent.invoke(TestInvoker.java:992)\n\tat org.testng.internal.invokers.TestInvoker.invokeTestMethods(TestInvoker.java:203)\n\tat org.testng.internal.invokers.TestMethodWorker.invokeTestMethods(TestMethodWorker.java:154)\n\tat org.testng.internal.invokers.TestMethodWorker.run(TestMethodWorker.java:134)\n\tat java.base/java.util.ArrayList.forEach(ArrayList.java:1511)\n\tat org.testng.TestRunner.privateRun(TestRunner.java:739)\n\tat org.testng.TestRunner.run(TestRunner.java:614)\n\tat org.testng.SuiteRunner.runTest(SuiteRunner.java:421)\n\tat org.testng.SuiteRunner.runSequentially(SuiteRunner.java:413)\n\tat org.testng.SuiteRunner.privateRun(SuiteRunner.java:373)\n\tat org.testng.SuiteRunner.run(SuiteRunner.java:312)\n\tat org.testng.SuiteRunnerWorker.runSuite(SuiteRunnerWorker.java:52)\n\tat org.testng.SuiteRunnerWorker.run(SuiteRunnerWorker.java:95)\n\tat org.testng.TestNG.runSuitesSequentially(TestNG.java:1274)\n\tat org.testng.TestNG.runSuitesLocally(TestNG.java:1208)\n\tat org.testng.TestNG.runSuites(TestNG.java:1112)\n\tat org.testng.TestNG.run(TestNG.java:1079)\n\tat org.apache.maven.surefire.testng.TestNGExecutor.run(TestNGExecutor.java:151)\n\tat org.apache.maven.surefire.testng.TestNGDirectoryTestSuite.executeMulti(TestNGDirectoryTestSuite.java:192)\n\tat org.apache.maven.surefire.testng.TestNGDirectoryTestSuite.execute(TestNGDirectoryTestSuite.java:93)\n\tat org.apache.maven.surefire.testng.TestNGProvider.invoke(TestNGProvider.java:155)\n\tat org.apache.maven.surefire.booter.ForkedBooter.runSuitesInProcess(ForkedBooter.java:456)\n\tat org.apache.maven.surefire.booter.ForkedBooter.execute(ForkedBooter.java:169)\n\tat org.apache.maven.surefire.booter.ForkedBooter.run(ForkedBooter.java:595)\n\tat org.apache.maven.surefire.booter.ForkedBooter.main(ForkedBooter.java:581)\nCaused by: org.openqa.selenium.StaleElementReferenceException: stale element reference: stale element not found\n  (Session info: chrome=121.0.6167.85)\nFor documentation on this error, please visit: https://www.selenium.dev/documentation/webdriver/troubleshooting/errors#stale-element-reference-exception\nBuild info: version: '4.29.0', revision: '5fc1ec94cb'\nSystem info: os.name: 'Linux', os.arch: 'amd64', os.version: '6.8.0-1021-azure', java.version: '17.0.14'\nDriver info: org.openqa.selenium.remote.RemoteWebDriver\nCommand: [8e4ac2d2803eac7cc4758c8a8984b6a5, getElementTagName {id=18F25843B7B6E0D21A2075BAB14EE131_element_325}]\nCapabilities {acceptInsecureCerts: true, browserName: chrome, browserVersion: 121.0.6167.85, chrome: {chromedriverVersion: 121.0.6167.85 (3f98d690ad7e..., userDataDir: /tmp/.org.chromium.Chromium...}, fedcm:accounts: true, goog:chromeOptions: {debuggerAddress: localhost:37845}, networkConnectionEnabled: false, pageLoadStrategy: normal, platformName: linux, proxy: Proxy(), se:cdp: ws://localhost:4444/devtool..., se:cdpVersion: 121.0.6167.85, setWindowRect: true, strictFileInteractability: false, timeouts: {implicit: 0, pageLoad: 300000, script: 30000}, unhandledPromptBehavior: accept, webauthn:extension:credBlob: true, webauthn:extension:largeBlob: true, webauthn:extension:minPinLength: true, webauthn:extension:prf: true, webauthn:virtualAuthenticators: true}\nElement: [[RemoteWebDriver: chrome on linux (8e4ac2d2803eac7cc4758c8a8984b6a5)] -> css selector: span[class*='MiddleEllipsis']]\nSession ID: 8e4ac2d2803eac7cc4758c8a8984b6a5\n\tat jdk.internal.reflect.GeneratedConstructorAccessor25.newInstance(Unknown Source)\n\tat java.base/jdk.internal.reflect.DelegatingConstructorAccessorImpl.newInstance(DelegatingConstructorAccessorImpl.java:45)\n\tat java.base/java.lang.reflect.Constructor.newInstanceWithCaller(Constructor.java:500)\n\tat java.base/java.lang.reflect.Constructor.newInstance(Constructor.java:481)\n\tat org.openqa.selenium.remote.ErrorCodec.decode(ErrorCodec.java:167)\n\tat org.openqa.selenium.remote.codec.w3c.W3CHttpResponseCodec.decode(W3CHttpResponseCodec.java:138)\n\tat org.openqa.selenium.remote.codec.w3c.W3CHttpResponseCodec.decode(W3CHttpResponseCodec.java:50)\n\tat org.openqa.selenium.remote.HttpCommandExecutor.execute(HttpCommandExecutor.java:215)\n\tat org.openqa.selenium.remote.RemoteWebDriver.execute(RemoteWebDriver.java:545)\n\tat org.openqa.selenium.remote.RemoteWebElement.execute(RemoteWebElement.java:223)\n\tat org.openqa.selenium.remote.RemoteWebElement.getTagName(RemoteWebElement.java:134)\n\tat com.codeborne.selenide.commands.GetText.execute(GetText.java:23)\n\tat com.codeborne.selenide.commands.GetText.execute(GetText.java:9)\n\tat com.codeborne.selenide.commands.Commands.execute(Commands.java:160)\n\tat com.codeborne.selenide.impl.SelenideElementProxy.dispatchAndRetry(SelenideElementProxy.java:131)\n\t... 47 more\n","steps":[],"attachments":[{"uid":"6686c5e60d7eb395","name":"Screenshot","source":"6686c5e60d7eb395.png","type":"image/png","size":60568},{"uid":"517aef47fc05ee2","name":"Page source","source":"517aef47fc05ee2.html","type":"text/html","size":196796}],"parameters":[],"shouldDisplayMessage":true,"stepsCount":0,"attachmentsCount":2,"hasContent":true}],"attachments":[],"parameters":[],"shouldDisplayMessage":false,"stepsCount":3,"attachmentsCount":2,"hasContent":true}],"attachments":[],"parameters":[{"name":"projectName","value":"test_JfuaJkUPsM"},{"name":"softy","value":"org.testng.asserts.SoftAssert@df52b26"}],"shouldDisplayMessage":false,"stepsCount":9,"attachmentsCount":2,"hasContent":true}],"attachments":[],"parameters":[],"shouldDisplayMessage":false,"stepsCount":47,"attachmentsCount":2,"hasContent":true},"afterStages":[{"name":"closeWebDriver","time":{"start":1743447071188,"stop":1743447071285,"duration":97},"description":"","status":"passed","steps":[{"name":"$(\"webdriver\") close()","time":{"start":1743447071189,"stop":1743447071285,"duration":96},"status":"passed","steps":[],"attachments":[],"parameters":[],"shouldDisplayMessage":false,"stepsCount":0,"attachmentsCount":0,"hasContent":false}],"attachments":[],"parameters":[],"shouldDisplayMessage":false,"stepsCount":1,"attachmentsCount":0,"hasContent":true},{"name":"afterTest","time":{"start":1743447071289,"stop":1743447071353,"duration":64},"description":"","status":"passed","steps":[{"name":"Delete all tracked created entities","time":{"start":1743447071290,"stop":1743447071353,"duration":63},"status":"passed","steps":[{"name":"Build request specification with super user token","time":{"start":1743447071291,"stop":1743447071296,"duration":5},"status":"passed","steps":[],"attachments":[],"parameters":[],"shouldDisplayMessage":false,"stepsCount":0,"attachmentsCount":0,"hasContent":false},{"name":"Delete entity with locator 1","time":{"start":1743447071296,"stop":1743447071353,"duration":57},"status":"passed","steps":[],"attachments":[],"parameters":[{"name":"locator","value":"1"}],"shouldDisplayMessage":false,"stepsCount":0,"attachmentsCount":0,"hasContent":true}],"attachments":[],"parameters":[],"shouldDisplayMessage":false,"stepsCount":2,"attachmentsCount":0,"hasContent":true}],"attachments":[],"parameters":[],"shouldDisplayMessage":false,"stepsCount":3,"attachmentsCount":0,"hasContent":true}],"labels":[{"name":"package","value":"com.example.teamcity.ui.CreateProjectTest"},{"name":"testClass","value":"com.example.teamcity.ui.CreateProjectTest"},{"name":"testMethod","value":"userCreatesProject"},{"name":"parentSuite","value":"Surefire suite"},{"name":"suite","value":"Surefire test"},{"name":"subSuite","value":"com.example.teamcity.ui.CreateProjectTest"},{"name":"host","value":"fv-az2251-345"},{"name":"thread","value":"4158@fv-az2251-345.main(1)"},{"name":"framework","value":"testng"},{"name":"language","value":"java"},{"name":"story","value":"Create project via GitHub URL"},{"name":"feature","value":"UI: Project Management"},{"name":"resultFormat","value":"allure2"}],"parameters":[],"links":[],"hidden":false,"retry":false,"extra":{"severity":"normal","retries":[],"categories":[{"name":"Product defects","matchedStatuses":[],"flaky":false}],"history":{"statistic":{"failed":4,"broken":0,"skipped":0,"passed":2,"unknown":0,"total":6},"items":[{"uid":"2912591b5b2dde6d","reportUrl":"https://ta-ulyanava.github.io/JAVA-teamcity-tests-homeTask/ui/56//#testresult/2912591b5b2dde6d","status":"passed","time":{"start":1743446349236,"stop":1743446405233,"duration":55997}},{"uid":"34730bafea621d64","reportUrl":"https://ta-ulyanava.github.io/JAVA-teamcity-tests-homeTask/ui/55//#testresult/34730bafea621d64","status":"failed","statusDetails":"Element should be visible {span[class*='MiddleEllipsis'].snapshot(3 elements)[1]}\nElement: 'Ups, failed to describe the element [caused by: StaleElementReferenceException: stale element reference: stale element not found]'\nScreenshot: file:/home/runner/work/JAVA-teamcity-tests-homeTask/JAVA-teamcity-tests-homeTask/build/reports/tests/1743441853503.0.png\nPage source: file:/home/runner/work/JAVA-teamcity-tests-homeTask/JAVA-teamcity-tests-homeTask/build/reports/tests/1743441853503.0.html\nTimeout: 4 s.\nCaused by: StaleElementReferenceException: stale element reference: stale element not found","time":{"start":1743441793986,"stop":1743441854043,"duration":60057}},{"uid":"cf3d3ccdd8f0b91d","reportUrl":"https://ta-ulyanava.github.io/JAVA-teamcity-tests-homeTask/ui/54//#testresult/cf3d3ccdd8f0b91d","status":"passed","time":{"start":1743441090004,"stop":1743441145494,"duration":55490}},{"uid":"a5fcc4a3d238d3fa","reportUrl":"https://ta-ulyanava.github.io/JAVA-teamcity-tests-homeTask/ui/53//#testresult/a5fcc4a3d238d3fa","status":"failed","statusDetails":"Element not found {span[class*='MiddleEllipsis'].snapshot(3 elements)[2]}\nExpected: exist\nScreenshot: file:/home/runner/work/JAVA-teamcity-tests-homeTask/JAVA-teamcity-tests-homeTask/build/reports/tests/1743403448494.0.png\nPage source: file:/home/runner/work/JAVA-teamcity-tests-homeTask/JAVA-teamcity-tests-homeTask/build/reports/tests/1743403448494.0.html\nTimeout: 4 s.\nCaused by: StaleElementReferenceException: stale element reference: stale element not found","time":{"start":1743403389305,"stop":1743403448942,"duration":59637}},{"uid":"cd8ccee857d5b71b","reportUrl":"https://ta-ulyanava.github.io/JAVA-teamcity-tests-homeTask/ui/52//#testresult/cd8ccee857d5b71b","status":"failed","statusDetails":"Element should be visible {span[class*='MiddleEllipsis'].snapshot(3 elements)[1]}\nElement: 'Ups, failed to describe the element [caused by: StaleElementReferenceException: stale element reference: stale element not found]'\nScreenshot: file:/home/runner/work/JAVA-teamcity-tests-homeTask/JAVA-teamcity-tests-homeTask/build/reports/tests/1743402155346.0.png\nPage source: file:/home/runner/work/JAVA-teamcity-tests-homeTask/JAVA-teamcity-tests-homeTask/build/reports/tests/1743402155346.0.html\nTimeout: 4 s.\nCaused by: StaleElementReferenceException: stale element reference: stale element not found","time":{"start":1743402101124,"stop":1743402155847,"duration":54723}}]},"tags":[]},"source":"8b263c6ece25e66c.json","parameterValues":[]}