{"uid":"3e75696d75548ee9","name":"User should be able to create project","fullName":"com.example.teamcity.ui.CreateProjectTest.userCreatesProject","historyId":"7f24ad9023ae3cbff9685d20fb15db20","time":{"start":1743277890197,"stop":1743277950525,"duration":60328},"status":"failed","statusMessage":"Element should exist {span[class*='MiddleEllipsis'].snapshot(3 elements)[0]}\nElement: 'Ups, failed to describe the element [caused by: StaleElementReferenceException: stale element reference: stale element not found]'\nActual value: does not exist\nScreenshot: file:/home/runner/work/JAVA-teamcity-tests-homeTask/JAVA-teamcity-tests-homeTask/build/reports/tests/1743277950026.0.png\nPage source: file:/home/runner/work/JAVA-teamcity-tests-homeTask/JAVA-teamcity-tests-homeTask/build/reports/tests/1743277950026.0.html\nTimeout: 4 s.","statusTrace":"Element should exist {span[class*='MiddleEllipsis'].snapshot(3 elements)[0]}\nElement: 'Ups, failed to describe the element [caused by: StaleElementReferenceException: stale element reference: stale element not found]'\nActual value: does not exist\nScreenshot: file:/home/runner/work/JAVA-teamcity-tests-homeTask/JAVA-teamcity-tests-homeTask/build/reports/tests/1743277950026.0.png\nPage source: file:/home/runner/work/JAVA-teamcity-tests-homeTask/JAVA-teamcity-tests-homeTask/build/reports/tests/1743277950026.0.html\nTimeout: 4 s.\n\tat com.codeborne.selenide.impl.WebElementSource.handleError(WebElementSource.java:125)\n\tat com.codeborne.selenide.impl.WebElementSource.checkConditionAndReturnElement(WebElementSource.java:102)\n\tat com.codeborne.selenide.impl.WebElementSource.checkCondition(WebElementSource.java:78)\n\tat com.codeborne.selenide.impl.ElementFinder.createElementNotFoundError(ElementFinder.java:119)\n\tat com.codeborne.selenide.impl.ExceptionWrapper.wrap(ExceptionWrapper.java:25)\n\tat com.codeborne.selenide.impl.SelenideElementProxy.dispatchAndRetry(SelenideElementProxy.java:153)\n\tat com.codeborne.selenide.impl.SelenideElementProxy.invoke(SelenideElementProxy.java:83)\n\tat jdk.proxy2/jdk.proxy2.$Proxy25.text(Unknown Source)\n\tat com.example.teamcity.ui.CreateProjectTest.lambda$userCreatesProject$0(CreateProjectTest.java:40)\n\tat java.base/java.util.stream.MatchOps$1MatchSink.accept(MatchOps.java:90)\n\tat java.base/java.util.AbstractList$RandomAccessSpliterator.tryAdvance(AbstractList.java:706)\n\tat java.base/java.util.stream.ReferencePipeline.forEachWithCancel(ReferencePipeline.java:129)\n\tat java.base/java.util.stream.AbstractPipeline.copyIntoWithCancel(AbstractPipeline.java:527)\n\tat java.base/java.util.stream.AbstractPipeline.copyInto(AbstractPipeline.java:513)\n\tat java.base/java.util.stream.AbstractPipeline.wrapAndCopyInto(AbstractPipeline.java:499)\n\tat java.base/java.util.stream.MatchOps$MatchOp.evaluateSequential(MatchOps.java:230)\n\tat java.base/java.util.stream.MatchOps$MatchOp.evaluateSequential(MatchOps.java:196)\n\tat java.base/java.util.stream.AbstractPipeline.evaluate(AbstractPipeline.java:234)\n\tat java.base/java.util.stream.ReferencePipeline.anyMatch(ReferencePipeline.java:632)\n\tat com.example.teamcity.ui.CreateProjectTest.userCreatesProject(CreateProjectTest.java:40)\n\tat java.base/jdk.internal.reflect.NativeMethodAccessorImpl.invoke0(Native Method)\n\tat java.base/jdk.internal.reflect.NativeMethodAccessorImpl.invoke(NativeMethodAccessorImpl.java:77)\n\tat java.base/jdk.internal.reflect.DelegatingMethodAccessorImpl.invoke(DelegatingMethodAccessorImpl.java:43)\n\tat java.base/java.lang.reflect.Method.invoke(Method.java:569)\n\tat org.testng.internal.invokers.MethodInvocationHelper.invokeMethod(MethodInvocationHelper.java:141)\n\tat org.testng.internal.invokers.TestInvoker.invokeMethod(TestInvoker.java:686)\n\tat org.testng.internal.invokers.TestInvoker.invokeTestMethod(TestInvoker.java:230)\n\tat org.testng.internal.invokers.MethodRunner.runInSequence(MethodRunner.java:63)\n\tat org.testng.internal.invokers.TestInvoker$MethodInvocationAgent.invoke(TestInvoker.java:992)\n\tat org.testng.internal.invokers.TestInvoker.invokeTestMethods(TestInvoker.java:203)\n\tat org.testng.internal.invokers.TestMethodWorker.invokeTestMethods(TestMethodWorker.java:154)\n\tat org.testng.internal.invokers.TestMethodWorker.run(TestMethodWorker.java:134)\n\tat java.base/java.util.ArrayList.forEach(ArrayList.java:1511)\n\tat org.testng.TestRunner.privateRun(TestRunner.java:739)\n\tat org.testng.TestRunner.run(TestRunner.java:614)\n\tat org.testng.SuiteRunner.runTest(SuiteRunner.java:421)\n\tat org.testng.SuiteRunner.runSequentially(SuiteRunner.java:413)\n\tat org.testng.SuiteRunner.privateRun(SuiteRunner.java:373)\n\tat org.testng.SuiteRunner.run(SuiteRunner.java:312)\n\tat org.testng.SuiteRunnerWorker.runSuite(SuiteRunnerWorker.java:52)\n\tat org.testng.SuiteRunnerWorker.run(SuiteRunnerWorker.java:95)\n\tat org.testng.TestNG.runSuitesSequentially(TestNG.java:1274)\n\tat org.testng.TestNG.runSuitesLocally(TestNG.java:1208)\n\tat org.testng.TestNG.runSuites(TestNG.java:1112)\n\tat org.testng.TestNG.run(TestNG.java:1079)\n\tat org.apache.maven.surefire.testng.TestNGExecutor.run(TestNGExecutor.java:155)\n\tat org.apache.maven.surefire.testng.TestNGDirectoryTestSuite.executeMulti(TestNGDirectoryTestSuite.java:169)\n\tat org.apache.maven.surefire.testng.TestNGDirectoryTestSuite.execute(TestNGDirectoryTestSuite.java:88)\n\tat org.apache.maven.surefire.testng.TestNGProvider.invoke(TestNGProvider.java:137)\n\tat org.apache.maven.surefire.booter.ForkedBooter.runSuitesInProcess(ForkedBooter.java:385)\n\tat org.apache.maven.surefire.booter.ForkedBooter.execute(ForkedBooter.java:162)\n\tat org.apache.maven.surefire.booter.ForkedBooter.run(ForkedBooter.java:507)\n\tat org.apache.maven.surefire.booter.ForkedBooter.main(ForkedBooter.java:495)\n","flaky":false,"newFailed":false,"newBroken":false,"newPassed":false,"retriesCount":0,"retriesStatusChange":false,"beforeStages":[{"name":"beforeTest","time":{"start":1743277890057,"stop":1743277890074,"duration":17},"description":"","status":"passed","steps":[],"attachments":[],"parameters":[],"shouldDisplayMessage":false,"stepsCount":0,"attachmentsCount":0,"hasContent":false}],"testStage":{"status":"failed","statusMessage":"Element should exist {span[class*='MiddleEllipsis'].snapshot(3 elements)[0]}\nElement: 'Ups, failed to describe the element [caused by: StaleElementReferenceException: stale element reference: stale element not found]'\nActual value: does not exist\nScreenshot: file:/home/runner/work/JAVA-teamcity-tests-homeTask/JAVA-teamcity-tests-homeTask/build/reports/tests/1743277950026.0.png\nPage source: file:/home/runner/work/JAVA-teamcity-tests-homeTask/JAVA-teamcity-tests-homeTask/build/reports/tests/1743277950026.0.html\nTimeout: 4 s.","statusTrace":"Element should exist {span[class*='MiddleEllipsis'].snapshot(3 elements)[0]}\nElement: 'Ups, failed to describe the element [caused by: StaleElementReferenceException: stale element reference: stale element not found]'\nActual value: does not exist\nScreenshot: file:/home/runner/work/JAVA-teamcity-tests-homeTask/JAVA-teamcity-tests-homeTask/build/reports/tests/1743277950026.0.png\nPage source: file:/home/runner/work/JAVA-teamcity-tests-homeTask/JAVA-teamcity-tests-homeTask/build/reports/tests/1743277950026.0.html\nTimeout: 4 s.\n\tat com.codeborne.selenide.impl.WebElementSource.handleError(WebElementSource.java:125)\n\tat com.codeborne.selenide.impl.WebElementSource.checkConditionAndReturnElement(WebElementSource.java:102)\n\tat com.codeborne.selenide.impl.WebElementSource.checkCondition(WebElementSource.java:78)\n\tat com.codeborne.selenide.impl.ElementFinder.createElementNotFoundError(ElementFinder.java:119)\n\tat com.codeborne.selenide.impl.ExceptionWrapper.wrap(ExceptionWrapper.java:25)\n\tat com.codeborne.selenide.impl.SelenideElementProxy.dispatchAndRetry(SelenideElementProxy.java:153)\n\tat com.codeborne.selenide.impl.SelenideElementProxy.invoke(SelenideElementProxy.java:83)\n\tat jdk.proxy2/jdk.proxy2.$Proxy25.text(Unknown Source)\n\tat com.example.teamcity.ui.CreateProjectTest.lambda$userCreatesProject$0(CreateProjectTest.java:40)\n\tat java.base/java.util.stream.MatchOps$1MatchSink.accept(MatchOps.java:90)\n\tat java.base/java.util.AbstractList$RandomAccessSpliterator.tryAdvance(AbstractList.java:706)\n\tat java.base/java.util.stream.ReferencePipeline.forEachWithCancel(ReferencePipeline.java:129)\n\tat java.base/java.util.stream.AbstractPipeline.copyIntoWithCancel(AbstractPipeline.java:527)\n\tat java.base/java.util.stream.AbstractPipeline.copyInto(AbstractPipeline.java:513)\n\tat java.base/java.util.stream.AbstractPipeline.wrapAndCopyInto(AbstractPipeline.java:499)\n\tat java.base/java.util.stream.MatchOps$MatchOp.evaluateSequential(MatchOps.java:230)\n\tat java.base/java.util.stream.MatchOps$MatchOp.evaluateSequential(MatchOps.java:196)\n\tat java.base/java.util.stream.AbstractPipeline.evaluate(AbstractPipeline.java:234)\n\tat java.base/java.util.stream.ReferencePipeline.anyMatch(ReferencePipeline.java:632)\n\tat com.example.teamcity.ui.CreateProjectTest.userCreatesProject(CreateProjectTest.java:40)\n\tat java.base/jdk.internal.reflect.NativeMethodAccessorImpl.invoke0(Native Method)\n\tat java.base/jdk.internal.reflect.NativeMethodAccessorImpl.invoke(NativeMethodAccessorImpl.java:77)\n\tat java.base/jdk.internal.reflect.DelegatingMethodAccessorImpl.invoke(DelegatingMethodAccessorImpl.java:43)\n\tat java.base/java.lang.reflect.Method.invoke(Method.java:569)\n\tat org.testng.internal.invokers.MethodInvocationHelper.invokeMethod(MethodInvocationHelper.java:141)\n\tat org.testng.internal.invokers.TestInvoker.invokeMethod(TestInvoker.java:686)\n\tat org.testng.internal.invokers.TestInvoker.invokeTestMethod(TestInvoker.java:230)\n\tat org.testng.internal.invokers.MethodRunner.runInSequence(MethodRunner.java:63)\n\tat org.testng.internal.invokers.TestInvoker$MethodInvocationAgent.invoke(TestInvoker.java:992)\n\tat org.testng.internal.invokers.TestInvoker.invokeTestMethods(TestInvoker.java:203)\n\tat org.testng.internal.invokers.TestMethodWorker.invokeTestMethods(TestMethodWorker.java:154)\n\tat org.testng.internal.invokers.TestMethodWorker.run(TestMethodWorker.java:134)\n\tat java.base/java.util.ArrayList.forEach(ArrayList.java:1511)\n\tat org.testng.TestRunner.privateRun(TestRunner.java:739)\n\tat org.testng.TestRunner.run(TestRunner.java:614)\n\tat org.testng.SuiteRunner.runTest(SuiteRunner.java:421)\n\tat org.testng.SuiteRunner.runSequentially(SuiteRunner.java:413)\n\tat org.testng.SuiteRunner.privateRun(SuiteRunner.java:373)\n\tat org.testng.SuiteRunner.run(SuiteRunner.java:312)\n\tat org.testng.SuiteRunnerWorker.runSuite(SuiteRunnerWorker.java:52)\n\tat org.testng.SuiteRunnerWorker.run(SuiteRunnerWorker.java:95)\n\tat org.testng.TestNG.runSuitesSequentially(TestNG.java:1274)\n\tat org.testng.TestNG.runSuitesLocally(TestNG.java:1208)\n\tat org.testng.TestNG.runSuites(TestNG.java:1112)\n\tat org.testng.TestNG.run(TestNG.java:1079)\n\tat org.apache.maven.surefire.testng.TestNGExecutor.run(TestNGExecutor.java:155)\n\tat org.apache.maven.surefire.testng.TestNGDirectoryTestSuite.executeMulti(TestNGDirectoryTestSuite.java:169)\n\tat org.apache.maven.surefire.testng.TestNGDirectoryTestSuite.execute(TestNGDirectoryTestSuite.java:88)\n\tat org.apache.maven.surefire.testng.TestNGProvider.invoke(TestNGProvider.java:137)\n\tat org.apache.maven.surefire.booter.ForkedBooter.runSuitesInProcess(ForkedBooter.java:385)\n\tat org.apache.maven.surefire.booter.ForkedBooter.execute(ForkedBooter.java:162)\n\tat org.apache.maven.surefire.booter.ForkedBooter.run(ForkedBooter.java:507)\n\tat org.apache.maven.surefire.booter.ForkedBooter.main(ForkedBooter.java:495)\n","steps":[{"name":"$(\"open\") http://172.17.0.1:8111/login.html","time":{"start":1743277892841,"stop":1743277901879,"duration":9038},"status":"passed","steps":[{"name":"$(\"webdriver\") create()","time":{"start":1743277892845,"stop":1743277898976,"duration":6131},"status":"passed","steps":[],"attachments":[],"parameters":[],"shouldDisplayMessage":false,"stepsCount":0,"attachmentsCount":0,"hasContent":false}],"attachments":[],"parameters":[],"shouldDisplayMessage":false,"stepsCount":1,"attachmentsCount":0,"hasContent":true},{"name":"$(\"#username\") val(test_55FBIlUD14)","time":{"start":1743277901962,"stop":1743277902538,"duration":576},"status":"passed","steps":[],"attachments":[],"parameters":[],"shouldDisplayMessage":false,"stepsCount":0,"attachmentsCount":0,"hasContent":false},{"name":"$(\"#password\") val(test_qPrSl2cS0T)","time":{"start":1743277902538,"stop":1743277902774,"duration":236},"status":"passed","steps":[],"attachments":[],"parameters":[],"shouldDisplayMessage":false,"stepsCount":0,"attachmentsCount":0,"hasContent":false},{"name":"$(\".loginButton\") click()","time":{"start":1743277902774,"stop":1743277902985,"duration":211},"status":"passed","steps":[],"attachments":[],"parameters":[],"shouldDisplayMessage":false,"stepsCount":0,"attachmentsCount":0,"hasContent":false},{"name":"$(\".MainPanel__router--gF > div\") should be([visible, 30 s.])","time":{"start":1743277902998,"stop":1743277926842,"duration":23844},"status":"passed","steps":[],"attachments":[],"parameters":[],"shouldDisplayMessage":false,"stepsCount":0,"attachmentsCount":0,"hasContent":false},{"name":"$(\"open\") http://172.17.0.1:8111/admin/createObjectMenu.html?projectId=_Root&showMode=createProjectMenu","time":{"start":1743277926843,"stop":1743277929867,"duration":3024},"status":"passed","steps":[],"attachments":[],"parameters":[],"shouldDisplayMessage":false,"stepsCount":0,"attachmentsCount":0,"hasContent":false},{"name":"$(\"#url\") val(https://github.com/ta-ulyanava/JAVA-teamcity-tests-homeTask.git)","time":{"start":1743277929870,"stop":1743277930854,"duration":984},"status":"passed","steps":[],"attachments":[],"parameters":[],"shouldDisplayMessage":false,"stepsCount":0,"attachmentsCount":0,"hasContent":false},{"name":"$(\"[value=\"Proceed\"]\") click()","time":{"start":1743277930855,"stop":1743277930990,"duration":135},"status":"passed","steps":[],"attachments":[],"parameters":[],"shouldDisplayMessage":false,"stepsCount":0,"attachmentsCount":0,"hasContent":false},{"name":"$(\".connectionSuccessful\") should([be visible, 30 s.])","time":{"start":1743277930991,"stop":1743277940067,"duration":9076},"status":"passed","steps":[],"attachments":[],"parameters":[],"shouldDisplayMessage":false,"stepsCount":0,"attachmentsCount":0,"hasContent":false},{"name":"$(\"#projectName\") val(test_MWlmZhksHb)","time":{"start":1743277940068,"stop":1743277940337,"duration":269},"status":"passed","steps":[],"attachments":[],"parameters":[],"shouldDisplayMessage":false,"stepsCount":0,"attachmentsCount":0,"hasContent":false},{"name":"$(\"#buildTypeName\") val(test_UNHmSbSKOZ)","time":{"start":1743277940337,"stop":1743277940526,"duration":189},"status":"passed","steps":[],"attachments":[],"parameters":[],"shouldDisplayMessage":false,"stepsCount":0,"attachmentsCount":0,"hasContent":false},{"name":"$(\"[value=\"Proceed\"]\") click()","time":{"start":1743277940526,"stop":1743277940674,"duration":148},"status":"passed","steps":[],"attachments":[],"parameters":[],"shouldDisplayMessage":false,"stepsCount":0,"attachmentsCount":0,"hasContent":false},{"name":"$(\"open\") http://172.17.0.1:8111/project/TestMWlmZhksHb","time":{"start":1743277941728,"stop":1743277943248,"duration":1520},"status":"passed","steps":[],"attachments":[],"parameters":[],"shouldDisplayMessage":false,"stepsCount":0,"attachmentsCount":0,"hasContent":false},{"name":"$(\"span[class='ProjectPageHeader__title--ih']\") should have(exact text \"test_MWlmZhksHb\")","time":{"start":1743277943249,"stop":1743277944163,"duration":914},"status":"passed","steps":[],"attachments":[],"parameters":[],"shouldDisplayMessage":false,"stepsCount":0,"attachmentsCount":0,"hasContent":false},{"name":"$(\"open\") http://172.17.0.1:8111/favorite/projects","time":{"start":1743277944163,"stop":1743277944976,"duration":813},"status":"passed","steps":[],"attachments":[],"parameters":[],"shouldDisplayMessage":false,"stepsCount":0,"attachmentsCount":0,"hasContent":false},{"name":"$(\".MainPanel__router--gF > div\") should be([visible, 30 s.])","time":{"start":1743277944979,"stop":1743277945736,"duration":757},"status":"passed","steps":[],"attachments":[],"parameters":[],"shouldDisplayMessage":false,"stepsCount":0,"attachmentsCount":0,"hasContent":false},{"name":"$(\"span[class*='MiddleEllipsis'].findBy(text \"test_MWlmZhksHb\")\") should be([visible, 5 s.])","time":{"start":1743277945738,"stop":1743277945810,"duration":72},"status":"passed","steps":[],"attachments":[],"parameters":[],"shouldDisplayMessage":false,"stepsCount":0,"attachmentsCount":0,"hasContent":false},{"name":"$(\"span[class*='MiddleEllipsis'].snapshot(3 elements)[0]/span[class*='MiddleEllipsis']\") text()","time":{"start":1743277945827,"stop":1743277950520,"duration":4693},"status":"failed","statusMessage":"Element should exist {span[class*='MiddleEllipsis'].snapshot(3 elements)[0]}\nElement: 'Ups, failed to describe the element [caused by: StaleElementReferenceException: stale element reference: stale element not found]'\nActual value: does not exist\nScreenshot: file:/home/runner/work/JAVA-teamcity-tests-homeTask/JAVA-teamcity-tests-homeTask/build/reports/tests/1743277950026.0.png\nPage source: file:/home/runner/work/JAVA-teamcity-tests-homeTask/JAVA-teamcity-tests-homeTask/build/reports/tests/1743277950026.0.html\nTimeout: 4 s.","statusTrace":"Element should exist {span[class*='MiddleEllipsis'].snapshot(3 elements)[0]}\nElement: 'Ups, failed to describe the element [caused by: StaleElementReferenceException: stale element reference: stale element not found]'\nActual value: does not exist\nScreenshot: file:/home/runner/work/JAVA-teamcity-tests-homeTask/JAVA-teamcity-tests-homeTask/build/reports/tests/1743277950026.0.png\nPage source: file:/home/runner/work/JAVA-teamcity-tests-homeTask/JAVA-teamcity-tests-homeTask/build/reports/tests/1743277950026.0.html\nTimeout: 4 s.\n\tat com.codeborne.selenide.impl.WebElementSource.handleError(WebElementSource.java:125)\n\tat com.codeborne.selenide.impl.WebElementSource.checkConditionAndReturnElement(WebElementSource.java:102)\n\tat com.codeborne.selenide.impl.WebElementSource.checkCondition(WebElementSource.java:78)\n\tat com.codeborne.selenide.impl.ElementFinder.createElementNotFoundError(ElementFinder.java:119)\n\tat com.codeborne.selenide.impl.ExceptionWrapper.wrap(ExceptionWrapper.java:25)\n\tat com.codeborne.selenide.impl.SelenideElementProxy.dispatchAndRetry(SelenideElementProxy.java:153)\n\tat com.codeborne.selenide.impl.SelenideElementProxy.invoke(SelenideElementProxy.java:83)\n\tat jdk.proxy2/jdk.proxy2.$Proxy25.text(Unknown Source)\n\tat com.example.teamcity.ui.CreateProjectTest.lambda$userCreatesProject$0(CreateProjectTest.java:40)\n\tat java.base/java.util.stream.MatchOps$1MatchSink.accept(MatchOps.java:90)\n\tat java.base/java.util.AbstractList$RandomAccessSpliterator.tryAdvance(AbstractList.java:706)\n\tat java.base/java.util.stream.ReferencePipeline.forEachWithCancel(ReferencePipeline.java:129)\n\tat java.base/java.util.stream.AbstractPipeline.copyIntoWithCancel(AbstractPipeline.java:527)\n\tat java.base/java.util.stream.AbstractPipeline.copyInto(AbstractPipeline.java:513)\n\tat java.base/java.util.stream.AbstractPipeline.wrapAndCopyInto(AbstractPipeline.java:499)\n\tat java.base/java.util.stream.MatchOps$MatchOp.evaluateSequential(MatchOps.java:230)\n\tat java.base/java.util.stream.MatchOps$MatchOp.evaluateSequential(MatchOps.java:196)\n\tat java.base/java.util.stream.AbstractPipeline.evaluate(AbstractPipeline.java:234)\n\tat java.base/java.util.stream.ReferencePipeline.anyMatch(ReferencePipeline.java:632)\n\tat com.example.teamcity.ui.CreateProjectTest.userCreatesProject(CreateProjectTest.java:40)\n\tat java.base/jdk.internal.reflect.NativeMethodAccessorImpl.invoke0(Native Method)\n\tat java.base/jdk.internal.reflect.NativeMethodAccessorImpl.invoke(NativeMethodAccessorImpl.java:77)\n\tat java.base/jdk.internal.reflect.DelegatingMethodAccessorImpl.invoke(DelegatingMethodAccessorImpl.java:43)\n\tat java.base/java.lang.reflect.Method.invoke(Method.java:569)\n\tat org.testng.internal.invokers.MethodInvocationHelper.invokeMethod(MethodInvocationHelper.java:141)\n\tat org.testng.internal.invokers.TestInvoker.invokeMethod(TestInvoker.java:686)\n\tat org.testng.internal.invokers.TestInvoker.invokeTestMethod(TestInvoker.java:230)\n\tat org.testng.internal.invokers.MethodRunner.runInSequence(MethodRunner.java:63)\n\tat org.testng.internal.invokers.TestInvoker$MethodInvocationAgent.invoke(TestInvoker.java:992)\n\tat org.testng.internal.invokers.TestInvoker.invokeTestMethods(TestInvoker.java:203)\n\tat org.testng.internal.invokers.TestMethodWorker.invokeTestMethods(TestMethodWorker.java:154)\n\tat org.testng.internal.invokers.TestMethodWorker.run(TestMethodWorker.java:134)\n\tat java.base/java.util.ArrayList.forEach(ArrayList.java:1511)\n\tat org.testng.TestRunner.privateRun(TestRunner.java:739)\n\tat org.testng.TestRunner.run(TestRunner.java:614)\n\tat org.testng.SuiteRunner.runTest(SuiteRunner.java:421)\n\tat org.testng.SuiteRunner.runSequentially(SuiteRunner.java:413)\n\tat org.testng.SuiteRunner.privateRun(SuiteRunner.java:373)\n\tat org.testng.SuiteRunner.run(SuiteRunner.java:312)\n\tat org.testng.SuiteRunnerWorker.runSuite(SuiteRunnerWorker.java:52)\n\tat org.testng.SuiteRunnerWorker.run(SuiteRunnerWorker.java:95)\n\tat org.testng.TestNG.runSuitesSequentially(TestNG.java:1274)\n\tat org.testng.TestNG.runSuitesLocally(TestNG.java:1208)\n\tat org.testng.TestNG.runSuites(TestNG.java:1112)\n\tat org.testng.TestNG.run(TestNG.java:1079)\n\tat org.apache.maven.surefire.testng.TestNGExecutor.run(TestNGExecutor.java:155)\n\tat org.apache.maven.surefire.testng.TestNGDirectoryTestSuite.executeMulti(TestNGDirectoryTestSuite.java:169)\n\tat org.apache.maven.surefire.testng.TestNGDirectoryTestSuite.execute(TestNGDirectoryTestSuite.java:88)\n\tat org.apache.maven.surefire.testng.TestNGProvider.invoke(TestNGProvider.java:137)\n\tat org.apache.maven.surefire.booter.ForkedBooter.runSuitesInProcess(ForkedBooter.java:385)\n\tat org.apache.maven.surefire.booter.ForkedBooter.execute(ForkedBooter.java:162)\n\tat org.apache.maven.surefire.booter.ForkedBooter.run(ForkedBooter.java:507)\n\tat org.apache.maven.surefire.booter.ForkedBooter.main(ForkedBooter.java:495)\n","steps":[],"attachments":[{"uid":"5fd7c73dd4eb33c1","name":"Screenshot","source":"5fd7c73dd4eb33c1.png","type":"image/png","size":61034},{"uid":"a8c1905e0875ad8e","name":"Page source","source":"a8c1905e0875ad8e.html","type":"text/html","size":196811}],"parameters":[],"shouldDisplayMessage":true,"stepsCount":0,"attachmentsCount":2,"hasContent":true}],"attachments":[],"parameters":[],"shouldDisplayMessage":false,"stepsCount":19,"attachmentsCount":2,"hasContent":true},"afterStages":[{"name":"closeWebDriver","time":{"start":1743277950558,"stop":1743277950636,"duration":78},"description":"","status":"passed","steps":[{"name":"$(\"webdriver\") close()","time":{"start":1743277950558,"stop":1743277950636,"duration":78},"status":"passed","steps":[],"attachments":[],"parameters":[],"shouldDisplayMessage":false,"stepsCount":0,"attachmentsCount":0,"hasContent":false}],"attachments":[],"parameters":[],"shouldDisplayMessage":false,"stepsCount":1,"attachmentsCount":0,"hasContent":true},{"name":"afterTest","time":{"start":1743277950638,"stop":1743277950688,"duration":50},"description":"","status":"passed","steps":[],"attachments":[],"parameters":[],"shouldDisplayMessage":false,"stepsCount":0,"attachmentsCount":0,"hasContent":false}],"labels":[{"name":"package","value":"com.example.teamcity.ui.CreateProjectTest"},{"name":"testClass","value":"com.example.teamcity.ui.CreateProjectTest"},{"name":"testMethod","value":"userCreatesProject"},{"name":"parentSuite","value":"Surefire suite"},{"name":"suite","value":"Surefire test"},{"name":"subSuite","value":"com.example.teamcity.ui.CreateProjectTest"},{"name":"host","value":"fv-az1360-44"},{"name":"thread","value":"4188@fv-az1360-44.main(1)"},{"name":"framework","value":"testng"},{"name":"language","value":"java"},{"name":"resultFormat","value":"allure2"}],"parameters":[],"links":[],"hidden":false,"retry":false,"extra":{"severity":"normal","retries":[],"categories":[{"name":"Product defects","matchedStatuses":[],"flaky":false}],"history":{"statistic":{"failed":4,"broken":0,"skipped":0,"passed":0,"unknown":0,"total":4},"items":[{"uid":"df7e7086ecf52d13","reportUrl":"https://ta-ulyanava.github.io/JAVA-teamcity-tests-homeTask/ui/33//#testresult/df7e7086ecf52d13","status":"failed","statusDetails":"Element not found {span[class='ProjectPageHeader__title--ih']}\nExpected: exact text \"test_mUYyq5N1Wo\"\nScreenshot: file:/home/runner/work/JAVA-teamcity-tests-homeTask/JAVA-teamcity-tests-homeTask/build/reports/tests/1743101922169.0.png\nPage source: file:/home/runner/work/JAVA-teamcity-tests-homeTask/JAVA-teamcity-tests-homeTask/build/reports/tests/1743101922169.0.html\nTimeout: 4 s.\nCaused by: NoSuchElementException: no such element: Unable to locate element: {\"method\":\"css selector\",\"selector\":\"span[class='ProjectPageHeader__title--ih']\"}","time":{"start":1743101869226,"stop":1743101922705,"duration":53479}},{"uid":"a42ef23ebdbe1dd5","reportUrl":"https://ta-ulyanava.github.io/JAVA-teamcity-tests-homeTask/ui/32//#testresult/a42ef23ebdbe1dd5","status":"failed","statusDetails":"Element not found {span[class='ProjectPageHeader__title--ih']}\nExpected: exact text \"test_znvrDFqyST\"\nScreenshot: file:/home/runner/work/JAVA-teamcity-tests-homeTask/JAVA-teamcity-tests-homeTask/build/reports/tests/1743101830961.0.png\nPage source: file:/home/runner/work/JAVA-teamcity-tests-homeTask/JAVA-teamcity-tests-homeTask/build/reports/tests/1743101830961.0.html\nTimeout: 4 s.\nCaused by: NoSuchElementException: no such element: Unable to locate element: {\"method\":\"css selector\",\"selector\":\"span[class='ProjectPageHeader__title--ih']\"}","time":{"start":1743101778003,"stop":1743101831470,"duration":53467}},{"uid":"1dea351df6c212a1","reportUrl":"https://ta-ulyanava.github.io/JAVA-teamcity-tests-homeTask/ui/31//#testresult/1dea351df6c212a1","status":"failed","statusDetails":"Element not found {span[class='ProjectPageHeader__title--ih']}\nExpected: exact text \"test_GmYSsykPXc\"\nScreenshot: file:/home/runner/work/JAVA-teamcity-tests-homeTask/JAVA-teamcity-tests-homeTask/build/reports/tests/1743101495897.0.png\nPage source: file:/home/runner/work/JAVA-teamcity-tests-homeTask/JAVA-teamcity-tests-homeTask/build/reports/tests/1743101495897.0.html\nTimeout: 4 s.\nCaused by: NoSuchElementException: no such element: Unable to locate element: {\"method\":\"css selector\",\"selector\":\"span[class='ProjectPageHeader__title--ih']\"}","time":{"start":1743101439778,"stop":1743101496438,"duration":56660}}]},"tags":[]},"source":"3e75696d75548ee9.json","parameterValues":[]}