{"uid":"d5cbcf14501a084b","name":"User should be able to create project","fullName":"com.example.teamcity.ui.CreateProjectTest.userCreatesProject","historyId":"7f24ad9023ae3cbff9685d20fb15db20","time":{"start":1743346539629,"stop":1743346598108,"duration":58479},"status":"failed","statusMessage":"Element should be visible {span[class*='MiddleEllipsis'].snapshot(3 elements)[1]}\nElement: 'Ups, failed to describe the element [caused by: StaleElementReferenceException: stale element reference: stale element not found]'\nScreenshot: file:/home/runner/work/JAVA-teamcity-tests-homeTask/JAVA-teamcity-tests-homeTask/build/reports/tests/1743346597454.0.png\nPage source: file:/home/runner/work/JAVA-teamcity-tests-homeTask/JAVA-teamcity-tests-homeTask/build/reports/tests/1743346597454.0.html\nTimeout: 4 s.\nCaused by: StaleElementReferenceException: stale element reference: stale element not found","statusTrace":"Element should be visible {span[class*='MiddleEllipsis'].snapshot(3 elements)[1]}\nElement: 'Ups, failed to describe the element [caused by: StaleElementReferenceException: stale element reference: stale element not found]'\nScreenshot: file:/home/runner/work/JAVA-teamcity-tests-homeTask/JAVA-teamcity-tests-homeTask/build/reports/tests/1743346597454.0.png\nPage source: file:/home/runner/work/JAVA-teamcity-tests-homeTask/JAVA-teamcity-tests-homeTask/build/reports/tests/1743346597454.0.html\nTimeout: 4 s.\nCaused by: StaleElementReferenceException: stale element reference: stale element not found\n\tat com.codeborne.selenide.impl.WebElementSource.handleError(WebElementSource.java:125)\n\tat com.codeborne.selenide.impl.WebElementSource.checkConditionAndReturnElement(WebElementSource.java:102)\n\tat com.codeborne.selenide.impl.WebElementSource.checkCondition(WebElementSource.java:78)\n\tat com.codeborne.selenide.commands.Should.execute(Should.java:24)\n\tat com.codeborne.selenide.FluentCommand.execute(FluentCommand.java:27)\n\tat com.codeborne.selenide.FluentCommand.execute(FluentCommand.java:19)\n\tat com.codeborne.selenide.commands.Commands.execute(Commands.java:160)\n\tat com.codeborne.selenide.impl.SelenideElementProxy.dispatchAndRetry(SelenideElementProxy.java:131)\n\tat com.codeborne.selenide.impl.SelenideElementProxy.invoke(SelenideElementProxy.java:83)\n\tat jdk.proxy2/jdk.proxy2.$Proxy29.shouldBe(Unknown Source)\n\tat com.example.teamcity.ui.pages.ProjectsPage.lambda$getVisibleProjectNames$0(ProjectsPage.java:37)\n\tat java.base/java.util.stream.ReferencePipeline$3$1.accept(ReferencePipeline.java:197)\n\tat java.base/java.util.Iterator.forEachRemaining(Iterator.java:133)\n\tat java.base/java.util.Spliterators$IteratorSpliterator.forEachRemaining(Spliterators.java:1845)\n\tat java.base/java.util.stream.AbstractPipeline.copyInto(AbstractPipeline.java:509)\n\tat java.base/java.util.stream.AbstractPipeline.wrapAndCopyInto(AbstractPipeline.java:499)\n\tat java.base/java.util.stream.ReduceOps$ReduceOp.evaluateSequential(ReduceOps.java:921)\n\tat java.base/java.util.stream.AbstractPipeline.evaluate(AbstractPipeline.java:234)\n\tat java.base/java.util.stream.ReferencePipeline.collect(ReferencePipeline.java:682)\n\tat com.example.teamcity.ui.pages.ProjectsPage.getVisibleProjectNames(ProjectsPage.java:38)\n\tat com.example.teamcity.ui.helpers.UiProjectHelper.verifyProjectIsVisible(UiProjectHelper.java:39)\n\tat com.example.teamcity.ui.CreateProjectTest.userCreatesProject(CreateProjectTest.java:22)\n\tat java.base/jdk.internal.reflect.NativeMethodAccessorImpl.invoke0(Native Method)\n\tat java.base/jdk.internal.reflect.NativeMethodAccessorImpl.invoke(NativeMethodAccessorImpl.java:77)\n\tat java.base/jdk.internal.reflect.DelegatingMethodAccessorImpl.invoke(DelegatingMethodAccessorImpl.java:43)\n\tat java.base/java.lang.reflect.Method.invoke(Method.java:569)\n\tat org.testng.internal.invokers.MethodInvocationHelper.invokeMethod(MethodInvocationHelper.java:141)\n\tat org.testng.internal.invokers.TestInvoker.invokeMethod(TestInvoker.java:686)\n\tat org.testng.internal.invokers.TestInvoker.invokeTestMethod(TestInvoker.java:230)\n\tat org.testng.internal.invokers.MethodRunner.runInSequence(MethodRunner.java:63)\n\tat org.testng.internal.invokers.TestInvoker$MethodInvocationAgent.invoke(TestInvoker.java:992)\n\tat org.testng.internal.invokers.TestInvoker.invokeTestMethods(TestInvoker.java:203)\n\tat org.testng.internal.invokers.TestMethodWorker.invokeTestMethods(TestMethodWorker.java:154)\n\tat org.testng.internal.invokers.TestMethodWorker.run(TestMethodWorker.java:134)\n\tat java.base/java.util.ArrayList.forEach(ArrayList.java:1511)\n\tat org.testng.TestRunner.privateRun(TestRunner.java:739)\n\tat org.testng.TestRunner.run(TestRunner.java:614)\n\tat org.testng.SuiteRunner.runTest(SuiteRunner.java:421)\n\tat org.testng.SuiteRunner.runSequentially(SuiteRunner.java:413)\n\tat org.testng.SuiteRunner.privateRun(SuiteRunner.java:373)\n\tat org.testng.SuiteRunner.run(SuiteRunner.java:312)\n\tat org.testng.SuiteRunnerWorker.runSuite(SuiteRunnerWorker.java:52)\n\tat org.testng.SuiteRunnerWorker.run(SuiteRunnerWorker.java:95)\n\tat org.testng.TestNG.runSuitesSequentially(TestNG.java:1274)\n\tat org.testng.TestNG.runSuitesLocally(TestNG.java:1208)\n\tat org.testng.TestNG.runSuites(TestNG.java:1112)\n\tat org.testng.TestNG.run(TestNG.java:1079)\n\tat org.apache.maven.surefire.testng.TestNGExecutor.run(TestNGExecutor.java:155)\n\tat org.apache.maven.surefire.testng.TestNGDirectoryTestSuite.executeMulti(TestNGDirectoryTestSuite.java:169)\n\tat org.apache.maven.surefire.testng.TestNGDirectoryTestSuite.execute(TestNGDirectoryTestSuite.java:88)\n\tat org.apache.maven.surefire.testng.TestNGProvider.invoke(TestNGProvider.java:137)\n\tat org.apache.maven.surefire.booter.ForkedBooter.runSuitesInProcess(ForkedBooter.java:385)\n\tat org.apache.maven.surefire.booter.ForkedBooter.execute(ForkedBooter.java:162)\n\tat org.apache.maven.surefire.booter.ForkedBooter.run(ForkedBooter.java:507)\n\tat org.apache.maven.surefire.booter.ForkedBooter.main(ForkedBooter.java:495)\nCaused by: org.openqa.selenium.StaleElementReferenceException: stale element reference: stale element not found\n  (Session info: chrome=121.0.6167.85)\nFor documentation on this error, please visit: https://www.selenium.dev/documentation/webdriver/troubleshooting/errors#stale-element-reference-exception\nBuild info: version: '4.29.0', revision: '5fc1ec94cb'\nSystem info: os.name: 'Linux', os.arch: 'amd64', os.version: '6.8.0-1021-azure', java.version: '17.0.14'\nDriver info: org.openqa.selenium.remote.RemoteWebDriver\nCommand: [1f50d141f03ba71ad12bd8dbe28493ee, isElementDisplayed {id=DC0B5573D8122262BC72D52385B0E590_element_328}]\nCapabilities {acceptInsecureCerts: true, browserName: chrome, browserVersion: 121.0.6167.85, chrome: {chromedriverVersion: 121.0.6167.85 (3f98d690ad7e..., userDataDir: /tmp/.org.chromium.Chromium...}, fedcm:accounts: true, goog:chromeOptions: {debuggerAddress: localhost:44401}, networkConnectionEnabled: false, pageLoadStrategy: normal, platformName: linux, proxy: Proxy(), se:cdp: ws://localhost:4444/devtool..., se:cdpVersion: 121.0.6167.85, setWindowRect: true, strictFileInteractability: false, timeouts: {implicit: 0, pageLoad: 300000, script: 30000}, unhandledPromptBehavior: accept, webauthn:extension:credBlob: true, webauthn:extension:largeBlob: true, webauthn:extension:minPinLength: true, webauthn:extension:prf: true, webauthn:virtualAuthenticators: true}\nElement: [[RemoteWebDriver: chrome on linux (1f50d141f03ba71ad12bd8dbe28493ee)] -> css selector: span[class*='MiddleEllipsis']]\nSession ID: 1f50d141f03ba71ad12bd8dbe28493ee\n\tat jdk.internal.reflect.GeneratedConstructorAccessor24.newInstance(Unknown Source)\n\tat java.base/jdk.internal.reflect.DelegatingConstructorAccessorImpl.newInstance(DelegatingConstructorAccessorImpl.java:45)\n\tat java.base/java.lang.reflect.Constructor.newInstanceWithCaller(Constructor.java:500)\n\tat java.base/java.lang.reflect.Constructor.newInstance(Constructor.java:481)\n\tat org.openqa.selenium.remote.ErrorCodec.decode(ErrorCodec.java:167)\n\tat org.openqa.selenium.remote.codec.w3c.W3CHttpResponseCodec.decode(W3CHttpResponseCodec.java:138)\n\tat org.openqa.selenium.remote.codec.w3c.W3CHttpResponseCodec.decode(W3CHttpResponseCodec.java:50)\n\tat org.openqa.selenium.remote.HttpCommandExecutor.execute(HttpCommandExecutor.java:215)\n\tat org.openqa.selenium.remote.RemoteWebDriver.execute(RemoteWebDriver.java:545)\n\tat org.openqa.selenium.remote.RemoteWebElement.execute(RemoteWebElement.java:223)\n\tat org.openqa.selenium.remote.RemoteWebElement.isDisplayed(RemoteWebElement.java:282)\n\tat com.codeborne.selenide.conditions.Visible.check(Visible.java:15)\n\tat com.codeborne.selenide.impl.WebElementSource.checkConditionAndReturnElement(WebElementSource.java:92)\n\t... 53 more\n","flaky":true,"newFailed":false,"newBroken":false,"newPassed":false,"retriesCount":0,"retriesStatusChange":false,"beforeStages":[{"name":"beforeTest","time":{"start":1743346539491,"stop":1743346539504,"duration":13},"description":"","status":"passed","steps":[],"attachments":[],"parameters":[],"shouldDisplayMessage":false,"stepsCount":0,"attachmentsCount":0,"hasContent":false}],"testStage":{"status":"failed","statusMessage":"Element should be visible {span[class*='MiddleEllipsis'].snapshot(3 elements)[1]}\nElement: 'Ups, failed to describe the element [caused by: StaleElementReferenceException: stale element reference: stale element not found]'\nScreenshot: file:/home/runner/work/JAVA-teamcity-tests-homeTask/JAVA-teamcity-tests-homeTask/build/reports/tests/1743346597454.0.png\nPage source: file:/home/runner/work/JAVA-teamcity-tests-homeTask/JAVA-teamcity-tests-homeTask/build/reports/tests/1743346597454.0.html\nTimeout: 4 s.\nCaused by: StaleElementReferenceException: stale element reference: stale element not found","statusTrace":"Element should be visible {span[class*='MiddleEllipsis'].snapshot(3 elements)[1]}\nElement: 'Ups, failed to describe the element [caused by: StaleElementReferenceException: stale element reference: stale element not found]'\nScreenshot: file:/home/runner/work/JAVA-teamcity-tests-homeTask/JAVA-teamcity-tests-homeTask/build/reports/tests/1743346597454.0.png\nPage source: file:/home/runner/work/JAVA-teamcity-tests-homeTask/JAVA-teamcity-tests-homeTask/build/reports/tests/1743346597454.0.html\nTimeout: 4 s.\nCaused by: StaleElementReferenceException: stale element reference: stale element not found\n\tat com.codeborne.selenide.impl.WebElementSource.handleError(WebElementSource.java:125)\n\tat com.codeborne.selenide.impl.WebElementSource.checkConditionAndReturnElement(WebElementSource.java:102)\n\tat com.codeborne.selenide.impl.WebElementSource.checkCondition(WebElementSource.java:78)\n\tat com.codeborne.selenide.commands.Should.execute(Should.java:24)\n\tat com.codeborne.selenide.FluentCommand.execute(FluentCommand.java:27)\n\tat com.codeborne.selenide.FluentCommand.execute(FluentCommand.java:19)\n\tat com.codeborne.selenide.commands.Commands.execute(Commands.java:160)\n\tat com.codeborne.selenide.impl.SelenideElementProxy.dispatchAndRetry(SelenideElementProxy.java:131)\n\tat com.codeborne.selenide.impl.SelenideElementProxy.invoke(SelenideElementProxy.java:83)\n\tat jdk.proxy2/jdk.proxy2.$Proxy29.shouldBe(Unknown Source)\n\tat com.example.teamcity.ui.pages.ProjectsPage.lambda$getVisibleProjectNames$0(ProjectsPage.java:37)\n\tat java.base/java.util.stream.ReferencePipeline$3$1.accept(ReferencePipeline.java:197)\n\tat java.base/java.util.Iterator.forEachRemaining(Iterator.java:133)\n\tat java.base/java.util.Spliterators$IteratorSpliterator.forEachRemaining(Spliterators.java:1845)\n\tat java.base/java.util.stream.AbstractPipeline.copyInto(AbstractPipeline.java:509)\n\tat java.base/java.util.stream.AbstractPipeline.wrapAndCopyInto(AbstractPipeline.java:499)\n\tat java.base/java.util.stream.ReduceOps$ReduceOp.evaluateSequential(ReduceOps.java:921)\n\tat java.base/java.util.stream.AbstractPipeline.evaluate(AbstractPipeline.java:234)\n\tat java.base/java.util.stream.ReferencePipeline.collect(ReferencePipeline.java:682)\n\tat com.example.teamcity.ui.pages.ProjectsPage.getVisibleProjectNames(ProjectsPage.java:38)\n\tat com.example.teamcity.ui.helpers.UiProjectHelper.verifyProjectIsVisible(UiProjectHelper.java:39)\n\tat com.example.teamcity.ui.CreateProjectTest.userCreatesProject(CreateProjectTest.java:22)\n\tat java.base/jdk.internal.reflect.NativeMethodAccessorImpl.invoke0(Native Method)\n\tat java.base/jdk.internal.reflect.NativeMethodAccessorImpl.invoke(NativeMethodAccessorImpl.java:77)\n\tat java.base/jdk.internal.reflect.DelegatingMethodAccessorImpl.invoke(DelegatingMethodAccessorImpl.java:43)\n\tat java.base/java.lang.reflect.Method.invoke(Method.java:569)\n\tat org.testng.internal.invokers.MethodInvocationHelper.invokeMethod(MethodInvocationHelper.java:141)\n\tat org.testng.internal.invokers.TestInvoker.invokeMethod(TestInvoker.java:686)\n\tat org.testng.internal.invokers.TestInvoker.invokeTestMethod(TestInvoker.java:230)\n\tat org.testng.internal.invokers.MethodRunner.runInSequence(MethodRunner.java:63)\n\tat org.testng.internal.invokers.TestInvoker$MethodInvocationAgent.invoke(TestInvoker.java:992)\n\tat org.testng.internal.invokers.TestInvoker.invokeTestMethods(TestInvoker.java:203)\n\tat org.testng.internal.invokers.TestMethodWorker.invokeTestMethods(TestMethodWorker.java:154)\n\tat org.testng.internal.invokers.TestMethodWorker.run(TestMethodWorker.java:134)\n\tat java.base/java.util.ArrayList.forEach(ArrayList.java:1511)\n\tat org.testng.TestRunner.privateRun(TestRunner.java:739)\n\tat org.testng.TestRunner.run(TestRunner.java:614)\n\tat org.testng.SuiteRunner.runTest(SuiteRunner.java:421)\n\tat org.testng.SuiteRunner.runSequentially(SuiteRunner.java:413)\n\tat org.testng.SuiteRunner.privateRun(SuiteRunner.java:373)\n\tat org.testng.SuiteRunner.run(SuiteRunner.java:312)\n\tat org.testng.SuiteRunnerWorker.runSuite(SuiteRunnerWorker.java:52)\n\tat org.testng.SuiteRunnerWorker.run(SuiteRunnerWorker.java:95)\n\tat org.testng.TestNG.runSuitesSequentially(TestNG.java:1274)\n\tat org.testng.TestNG.runSuitesLocally(TestNG.java:1208)\n\tat org.testng.TestNG.runSuites(TestNG.java:1112)\n\tat org.testng.TestNG.run(TestNG.java:1079)\n\tat org.apache.maven.surefire.testng.TestNGExecutor.run(TestNGExecutor.java:155)\n\tat org.apache.maven.surefire.testng.TestNGDirectoryTestSuite.executeMulti(TestNGDirectoryTestSuite.java:169)\n\tat org.apache.maven.surefire.testng.TestNGDirectoryTestSuite.execute(TestNGDirectoryTestSuite.java:88)\n\tat org.apache.maven.surefire.testng.TestNGProvider.invoke(TestNGProvider.java:137)\n\tat org.apache.maven.surefire.booter.ForkedBooter.runSuitesInProcess(ForkedBooter.java:385)\n\tat org.apache.maven.surefire.booter.ForkedBooter.execute(ForkedBooter.java:162)\n\tat org.apache.maven.surefire.booter.ForkedBooter.run(ForkedBooter.java:507)\n\tat org.apache.maven.surefire.booter.ForkedBooter.main(ForkedBooter.java:495)\nCaused by: org.openqa.selenium.StaleElementReferenceException: stale element reference: stale element not found\n  (Session info: chrome=121.0.6167.85)\nFor documentation on this error, please visit: https://www.selenium.dev/documentation/webdriver/troubleshooting/errors#stale-element-reference-exception\nBuild info: version: '4.29.0', revision: '5fc1ec94cb'\nSystem info: os.name: 'Linux', os.arch: 'amd64', os.version: '6.8.0-1021-azure', java.version: '17.0.14'\nDriver info: org.openqa.selenium.remote.RemoteWebDriver\nCommand: [1f50d141f03ba71ad12bd8dbe28493ee, isElementDisplayed {id=DC0B5573D8122262BC72D52385B0E590_element_328}]\nCapabilities {acceptInsecureCerts: true, browserName: chrome, browserVersion: 121.0.6167.85, chrome: {chromedriverVersion: 121.0.6167.85 (3f98d690ad7e..., userDataDir: /tmp/.org.chromium.Chromium...}, fedcm:accounts: true, goog:chromeOptions: {debuggerAddress: localhost:44401}, networkConnectionEnabled: false, pageLoadStrategy: normal, platformName: linux, proxy: Proxy(), se:cdp: ws://localhost:4444/devtool..., se:cdpVersion: 121.0.6167.85, setWindowRect: true, strictFileInteractability: false, timeouts: {implicit: 0, pageLoad: 300000, script: 30000}, unhandledPromptBehavior: accept, webauthn:extension:credBlob: true, webauthn:extension:largeBlob: true, webauthn:extension:minPinLength: true, webauthn:extension:prf: true, webauthn:virtualAuthenticators: true}\nElement: [[RemoteWebDriver: chrome on linux (1f50d141f03ba71ad12bd8dbe28493ee)] -> css selector: span[class*='MiddleEllipsis']]\nSession ID: 1f50d141f03ba71ad12bd8dbe28493ee\n\tat jdk.internal.reflect.GeneratedConstructorAccessor24.newInstance(Unknown Source)\n\tat java.base/jdk.internal.reflect.DelegatingConstructorAccessorImpl.newInstance(DelegatingConstructorAccessorImpl.java:45)\n\tat java.base/java.lang.reflect.Constructor.newInstanceWithCaller(Constructor.java:500)\n\tat java.base/java.lang.reflect.Constructor.newInstance(Constructor.java:481)\n\tat org.openqa.selenium.remote.ErrorCodec.decode(ErrorCodec.java:167)\n\tat org.openqa.selenium.remote.codec.w3c.W3CHttpResponseCodec.decode(W3CHttpResponseCodec.java:138)\n\tat org.openqa.selenium.remote.codec.w3c.W3CHttpResponseCodec.decode(W3CHttpResponseCodec.java:50)\n\tat org.openqa.selenium.remote.HttpCommandExecutor.execute(HttpCommandExecutor.java:215)\n\tat org.openqa.selenium.remote.RemoteWebDriver.execute(RemoteWebDriver.java:545)\n\tat org.openqa.selenium.remote.RemoteWebElement.execute(RemoteWebElement.java:223)\n\tat org.openqa.selenium.remote.RemoteWebElement.isDisplayed(RemoteWebElement.java:282)\n\tat com.codeborne.selenide.conditions.Visible.check(Visible.java:15)\n\tat com.codeborne.selenide.impl.WebElementSource.checkConditionAndReturnElement(WebElementSource.java:92)\n\t... 53 more\n","steps":[{"name":"$(\"open\") http://172.17.0.1:8111/login.html","time":{"start":1743346541972,"stop":1743346549828,"duration":7856},"status":"passed","steps":[{"name":"$(\"webdriver\") create()","time":{"start":1743346541974,"stop":1743346547346,"duration":5372},"status":"passed","steps":[],"attachments":[],"parameters":[],"shouldDisplayMessage":false,"stepsCount":0,"attachmentsCount":0,"hasContent":false}],"attachments":[],"parameters":[],"shouldDisplayMessage":false,"stepsCount":1,"attachmentsCount":0,"hasContent":true},{"name":"$(\"#username\") val(test_RQUAos0anR)","time":{"start":1743346549906,"stop":1743346550425,"duration":519},"status":"passed","steps":[],"attachments":[],"parameters":[],"shouldDisplayMessage":false,"stepsCount":0,"attachmentsCount":0,"hasContent":false},{"name":"$(\"#password\") val(test_ZpjgmNtwHP)","time":{"start":1743346550425,"stop":1743346550627,"duration":202},"status":"passed","steps":[],"attachments":[],"parameters":[],"shouldDisplayMessage":false,"stepsCount":0,"attachmentsCount":0,"hasContent":false},{"name":"$(\".loginButton\") click()","time":{"start":1743346550627,"stop":1743346550764,"duration":137},"status":"passed","steps":[],"attachments":[],"parameters":[],"shouldDisplayMessage":false,"stepsCount":0,"attachmentsCount":0,"hasContent":false},{"name":"$(\".MainPanel__router--gF > div\") should be([visible, 30 s.])","time":{"start":1743346550772,"stop":1743346573414,"duration":22642},"status":"passed","steps":[],"attachments":[],"parameters":[],"shouldDisplayMessage":false,"stepsCount":0,"attachmentsCount":0,"hasContent":false},{"name":"$(\"open\") http://172.17.0.1:8111/admin/createObjectMenu.html?projectId=_Root&showMode=createProjectMenu","time":{"start":1743346573416,"stop":1743346576127,"duration":2711},"status":"passed","steps":[],"attachments":[],"parameters":[],"shouldDisplayMessage":false,"stepsCount":0,"attachmentsCount":0,"hasContent":false},{"name":"$(\"#url\") val(https://github.com/ta-ulyanava/JAVA-teamcity-tests-homeTask.git)","time":{"start":1743346576129,"stop":1743346577524,"duration":1395},"status":"passed","steps":[],"attachments":[],"parameters":[],"shouldDisplayMessage":false,"stepsCount":0,"attachmentsCount":0,"hasContent":false},{"name":"$(\"[value=\"Proceed\"]\") click()","time":{"start":1743346577524,"stop":1743346577636,"duration":112},"status":"passed","steps":[],"attachments":[],"parameters":[],"shouldDisplayMessage":false,"stepsCount":0,"attachmentsCount":0,"hasContent":false},{"name":"$(\".connectionSuccessful\") should([be visible, 30 s.])","time":{"start":1743346577637,"stop":1743346586380,"duration":8743},"status":"passed","steps":[],"attachments":[],"parameters":[],"shouldDisplayMessage":false,"stepsCount":0,"attachmentsCount":0,"hasContent":false},{"name":"$(\"#projectName\") val(test_iWr8oMo2Iq)","time":{"start":1743346586381,"stop":1743346586590,"duration":209},"status":"passed","steps":[],"attachments":[],"parameters":[],"shouldDisplayMessage":false,"stepsCount":0,"attachmentsCount":0,"hasContent":false},{"name":"$(\"#buildTypeName\") val(test_JMC3wnIGzT)","time":{"start":1743346586591,"stop":1743346586776,"duration":185},"status":"passed","steps":[],"attachments":[],"parameters":[],"shouldDisplayMessage":false,"stepsCount":0,"attachmentsCount":0,"hasContent":false},{"name":"$(\"[value=\"Proceed\"]\") click()","time":{"start":1743346586776,"stop":1743346586880,"duration":104},"status":"passed","steps":[],"attachments":[],"parameters":[],"shouldDisplayMessage":false,"stepsCount":0,"attachmentsCount":0,"hasContent":false},{"name":"$(\"open\") http://172.17.0.1:8111/project/TestIWr8oMo2Iq","time":{"start":1743346587776,"stop":1743346590949,"duration":3173},"status":"passed","steps":[],"attachments":[],"parameters":[],"shouldDisplayMessage":false,"stepsCount":0,"attachmentsCount":0,"hasContent":false},{"name":"$(\"span[class='ProjectPageHeader__title--ih']\") should have(exact text \"test_iWr8oMo2Iq\")","time":{"start":1743346590950,"stop":1743346591701,"duration":751},"status":"passed","steps":[],"attachments":[],"parameters":[],"shouldDisplayMessage":false,"stepsCount":0,"attachmentsCount":0,"hasContent":false},{"name":"$(\"open\") http://172.17.0.1:8111/favorite/projects","time":{"start":1743346591701,"stop":1743346592647,"duration":946},"status":"passed","steps":[],"attachments":[],"parameters":[],"shouldDisplayMessage":false,"stepsCount":0,"attachmentsCount":0,"hasContent":false},{"name":"$(\".MainPanel__router--gF > div\") should be([visible, 30 s.])","time":{"start":1743346592648,"stop":1743346593246,"duration":598},"status":"passed","steps":[],"attachments":[],"parameters":[],"shouldDisplayMessage":false,"stepsCount":0,"attachmentsCount":0,"hasContent":false},{"name":"$(\"span[class*='MiddleEllipsis'].findBy(text \"test_iWr8oMo2Iq\")\") should be([visible, 5 s.])","time":{"start":1743346593253,"stop":1743346593310,"duration":57},"status":"passed","steps":[],"attachments":[],"parameters":[],"shouldDisplayMessage":false,"stepsCount":0,"attachmentsCount":0,"hasContent":false},{"name":"$(\"span[class*='MiddleEllipsis']\") should be(size > 0)","time":{"start":1743346593316,"stop":1743346593328,"duration":12},"status":"passed","steps":[],"attachments":[],"parameters":[],"shouldDisplayMessage":false,"stepsCount":0,"attachmentsCount":0,"hasContent":false},{"name":"$(\"span[class*='MiddleEllipsis'].snapshot(3 elements)[0]\") should be(visible)","time":{"start":1743346593346,"stop":1743346593356,"duration":10},"status":"passed","steps":[],"attachments":[],"parameters":[],"shouldDisplayMessage":false,"stepsCount":0,"attachmentsCount":0,"hasContent":false},{"name":"$(\"span[class*='MiddleEllipsis'].snapshot(3 elements)[0]\") get text()","time":{"start":1743346593357,"stop":1743346593396,"duration":39},"status":"passed","steps":[],"attachments":[],"parameters":[],"shouldDisplayMessage":false,"stepsCount":0,"attachmentsCount":0,"hasContent":false},{"name":"$(\"span[class*='MiddleEllipsis'].snapshot(3 elements)[1]\") should be(visible)","time":{"start":1743346593396,"stop":1743346598094,"duration":4698},"status":"failed","statusMessage":"Element should be visible {span[class*='MiddleEllipsis'].snapshot(3 elements)[1]}\nElement: 'Ups, failed to describe the element [caused by: StaleElementReferenceException: stale element reference: stale element not found]'\nScreenshot: file:/home/runner/work/JAVA-teamcity-tests-homeTask/JAVA-teamcity-tests-homeTask/build/reports/tests/1743346597454.0.png\nPage source: file:/home/runner/work/JAVA-teamcity-tests-homeTask/JAVA-teamcity-tests-homeTask/build/reports/tests/1743346597454.0.html\nTimeout: 4 s.\nCaused by: StaleElementReferenceException: stale element reference: stale element not found","statusTrace":"Element should be visible {span[class*='MiddleEllipsis'].snapshot(3 elements)[1]}\nElement: 'Ups, failed to describe the element [caused by: StaleElementReferenceException: stale element reference: stale element not found]'\nScreenshot: file:/home/runner/work/JAVA-teamcity-tests-homeTask/JAVA-teamcity-tests-homeTask/build/reports/tests/1743346597454.0.png\nPage source: file:/home/runner/work/JAVA-teamcity-tests-homeTask/JAVA-teamcity-tests-homeTask/build/reports/tests/1743346597454.0.html\nTimeout: 4 s.\nCaused by: StaleElementReferenceException: stale element reference: stale element not found\n\tat com.codeborne.selenide.impl.WebElementSource.handleError(WebElementSource.java:125)\n\tat com.codeborne.selenide.impl.WebElementSource.checkConditionAndReturnElement(WebElementSource.java:102)\n\tat com.codeborne.selenide.impl.WebElementSource.checkCondition(WebElementSource.java:78)\n\tat com.codeborne.selenide.commands.Should.execute(Should.java:24)\n\tat com.codeborne.selenide.FluentCommand.execute(FluentCommand.java:27)\n\tat com.codeborne.selenide.FluentCommand.execute(FluentCommand.java:19)\n\tat com.codeborne.selenide.commands.Commands.execute(Commands.java:160)\n\tat com.codeborne.selenide.impl.SelenideElementProxy.dispatchAndRetry(SelenideElementProxy.java:131)\n\tat com.codeborne.selenide.impl.SelenideElementProxy.invoke(SelenideElementProxy.java:83)\n\tat jdk.proxy2/jdk.proxy2.$Proxy29.shouldBe(Unknown Source)\n\tat com.example.teamcity.ui.pages.ProjectsPage.lambda$getVisibleProjectNames$0(ProjectsPage.java:37)\n\tat java.base/java.util.stream.ReferencePipeline$3$1.accept(ReferencePipeline.java:197)\n\tat java.base/java.util.Iterator.forEachRemaining(Iterator.java:133)\n\tat java.base/java.util.Spliterators$IteratorSpliterator.forEachRemaining(Spliterators.java:1845)\n\tat java.base/java.util.stream.AbstractPipeline.copyInto(AbstractPipeline.java:509)\n\tat java.base/java.util.stream.AbstractPipeline.wrapAndCopyInto(AbstractPipeline.java:499)\n\tat java.base/java.util.stream.ReduceOps$ReduceOp.evaluateSequential(ReduceOps.java:921)\n\tat java.base/java.util.stream.AbstractPipeline.evaluate(AbstractPipeline.java:234)\n\tat java.base/java.util.stream.ReferencePipeline.collect(ReferencePipeline.java:682)\n\tat com.example.teamcity.ui.pages.ProjectsPage.getVisibleProjectNames(ProjectsPage.java:38)\n\tat com.example.teamcity.ui.helpers.UiProjectHelper.verifyProjectIsVisible(UiProjectHelper.java:39)\n\tat com.example.teamcity.ui.CreateProjectTest.userCreatesProject(CreateProjectTest.java:22)\n\tat java.base/jdk.internal.reflect.NativeMethodAccessorImpl.invoke0(Native Method)\n\tat java.base/jdk.internal.reflect.NativeMethodAccessorImpl.invoke(NativeMethodAccessorImpl.java:77)\n\tat java.base/jdk.internal.reflect.DelegatingMethodAccessorImpl.invoke(DelegatingMethodAccessorImpl.java:43)\n\tat java.base/java.lang.reflect.Method.invoke(Method.java:569)\n\tat org.testng.internal.invokers.MethodInvocationHelper.invokeMethod(MethodInvocationHelper.java:141)\n\tat org.testng.internal.invokers.TestInvoker.invokeMethod(TestInvoker.java:686)\n\tat org.testng.internal.invokers.TestInvoker.invokeTestMethod(TestInvoker.java:230)\n\tat org.testng.internal.invokers.MethodRunner.runInSequence(MethodRunner.java:63)\n\tat org.testng.internal.invokers.TestInvoker$MethodInvocationAgent.invoke(TestInvoker.java:992)\n\tat org.testng.internal.invokers.TestInvoker.invokeTestMethods(TestInvoker.java:203)\n\tat org.testng.internal.invokers.TestMethodWorker.invokeTestMethods(TestMethodWorker.java:154)\n\tat org.testng.internal.invokers.TestMethodWorker.run(TestMethodWorker.java:134)\n\tat java.base/java.util.ArrayList.forEach(ArrayList.java:1511)\n\tat org.testng.TestRunner.privateRun(TestRunner.java:739)\n\tat org.testng.TestRunner.run(TestRunner.java:614)\n\tat org.testng.SuiteRunner.runTest(SuiteRunner.java:421)\n\tat org.testng.SuiteRunner.runSequentially(SuiteRunner.java:413)\n\tat org.testng.SuiteRunner.privateRun(SuiteRunner.java:373)\n\tat org.testng.SuiteRunner.run(SuiteRunner.java:312)\n\tat org.testng.SuiteRunnerWorker.runSuite(SuiteRunnerWorker.java:52)\n\tat org.testng.SuiteRunnerWorker.run(SuiteRunnerWorker.java:95)\n\tat org.testng.TestNG.runSuitesSequentially(TestNG.java:1274)\n\tat org.testng.TestNG.runSuitesLocally(TestNG.java:1208)\n\tat org.testng.TestNG.runSuites(TestNG.java:1112)\n\tat org.testng.TestNG.run(TestNG.java:1079)\n\tat org.apache.maven.surefire.testng.TestNGExecutor.run(TestNGExecutor.java:155)\n\tat org.apache.maven.surefire.testng.TestNGDirectoryTestSuite.executeMulti(TestNGDirectoryTestSuite.java:169)\n\tat org.apache.maven.surefire.testng.TestNGDirectoryTestSuite.execute(TestNGDirectoryTestSuite.java:88)\n\tat org.apache.maven.surefire.testng.TestNGProvider.invoke(TestNGProvider.java:137)\n\tat org.apache.maven.surefire.booter.ForkedBooter.runSuitesInProcess(ForkedBooter.java:385)\n\tat org.apache.maven.surefire.booter.ForkedBooter.execute(ForkedBooter.java:162)\n\tat org.apache.maven.surefire.booter.ForkedBooter.run(ForkedBooter.java:507)\n\tat org.apache.maven.surefire.booter.ForkedBooter.main(ForkedBooter.java:495)\nCaused by: org.openqa.selenium.StaleElementReferenceException: stale element reference: stale element not found\n  (Session info: chrome=121.0.6167.85)\nFor documentation on this error, please visit: https://www.selenium.dev/documentation/webdriver/troubleshooting/errors#stale-element-reference-exception\nBuild info: version: '4.29.0', revision: '5fc1ec94cb'\nSystem info: os.name: 'Linux', os.arch: 'amd64', os.version: '6.8.0-1021-azure', java.version: '17.0.14'\nDriver info: org.openqa.selenium.remote.RemoteWebDriver\nCommand: [1f50d141f03ba71ad12bd8dbe28493ee, isElementDisplayed {id=DC0B5573D8122262BC72D52385B0E590_element_328}]\nCapabilities {acceptInsecureCerts: true, browserName: chrome, browserVersion: 121.0.6167.85, chrome: {chromedriverVersion: 121.0.6167.85 (3f98d690ad7e..., userDataDir: /tmp/.org.chromium.Chromium...}, fedcm:accounts: true, goog:chromeOptions: {debuggerAddress: localhost:44401}, networkConnectionEnabled: false, pageLoadStrategy: normal, platformName: linux, proxy: Proxy(), se:cdp: ws://localhost:4444/devtool..., se:cdpVersion: 121.0.6167.85, setWindowRect: true, strictFileInteractability: false, timeouts: {implicit: 0, pageLoad: 300000, script: 30000}, unhandledPromptBehavior: accept, webauthn:extension:credBlob: true, webauthn:extension:largeBlob: true, webauthn:extension:minPinLength: true, webauthn:extension:prf: true, webauthn:virtualAuthenticators: true}\nElement: [[RemoteWebDriver: chrome on linux (1f50d141f03ba71ad12bd8dbe28493ee)] -> css selector: span[class*='MiddleEllipsis']]\nSession ID: 1f50d141f03ba71ad12bd8dbe28493ee\n\tat jdk.internal.reflect.GeneratedConstructorAccessor24.newInstance(Unknown Source)\n\tat java.base/jdk.internal.reflect.DelegatingConstructorAccessorImpl.newInstance(DelegatingConstructorAccessorImpl.java:45)\n\tat java.base/java.lang.reflect.Constructor.newInstanceWithCaller(Constructor.java:500)\n\tat java.base/java.lang.reflect.Constructor.newInstance(Constructor.java:481)\n\tat org.openqa.selenium.remote.ErrorCodec.decode(ErrorCodec.java:167)\n\tat org.openqa.selenium.remote.codec.w3c.W3CHttpResponseCodec.decode(W3CHttpResponseCodec.java:138)\n\tat org.openqa.selenium.remote.codec.w3c.W3CHttpResponseCodec.decode(W3CHttpResponseCodec.java:50)\n\tat org.openqa.selenium.remote.HttpCommandExecutor.execute(HttpCommandExecutor.java:215)\n\tat org.openqa.selenium.remote.RemoteWebDriver.execute(RemoteWebDriver.java:545)\n\tat org.openqa.selenium.remote.RemoteWebElement.execute(RemoteWebElement.java:223)\n\tat org.openqa.selenium.remote.RemoteWebElement.isDisplayed(RemoteWebElement.java:282)\n\tat com.codeborne.selenide.conditions.Visible.check(Visible.java:15)\n\tat com.codeborne.selenide.impl.WebElementSource.checkConditionAndReturnElement(WebElementSource.java:92)\n\t... 53 more\n","steps":[],"attachments":[{"uid":"88140049274c9783","name":"Screenshot","source":"88140049274c9783.png","type":"image/png","size":62203},{"uid":"ecfc6a12d7a8e26d","name":"Page source","source":"ecfc6a12d7a8e26d.html","type":"text/html","size":196796}],"parameters":[],"shouldDisplayMessage":true,"stepsCount":0,"attachmentsCount":2,"hasContent":true}],"attachments":[],"parameters":[],"shouldDisplayMessage":false,"stepsCount":22,"attachmentsCount":2,"hasContent":true},"afterStages":[{"name":"closeWebDriver","time":{"start":1743346598136,"stop":1743346598221,"duration":85},"description":"","status":"passed","steps":[{"name":"$(\"webdriver\") close()","time":{"start":1743346598137,"stop":1743346598221,"duration":84},"status":"passed","steps":[],"attachments":[],"parameters":[],"shouldDisplayMessage":false,"stepsCount":0,"attachmentsCount":0,"hasContent":false}],"attachments":[],"parameters":[],"shouldDisplayMessage":false,"stepsCount":1,"attachmentsCount":0,"hasContent":true},{"name":"afterTest","time":{"start":1743346598222,"stop":1743346598311,"duration":89},"description":"","status":"passed","steps":[],"attachments":[],"parameters":[],"shouldDisplayMessage":false,"stepsCount":0,"attachmentsCount":0,"hasContent":false}],"labels":[{"name":"package","value":"com.example.teamcity.ui.CreateProjectTest"},{"name":"testClass","value":"com.example.teamcity.ui.CreateProjectTest"},{"name":"testMethod","value":"userCreatesProject"},{"name":"parentSuite","value":"Surefire suite"},{"name":"suite","value":"Surefire test"},{"name":"subSuite","value":"com.example.teamcity.ui.CreateProjectTest"},{"name":"host","value":"fv-az1782-910"},{"name":"thread","value":"4130@fv-az1782-910.main(1)"},{"name":"framework","value":"testng"},{"name":"language","value":"java"},{"name":"story","value":"Create project via GitHub URL"},{"name":"feature","value":"UI: Project Management"},{"name":"resultFormat","value":"allure2"}],"parameters":[],"links":[],"hidden":false,"retry":false,"extra":{"severity":"normal","retries":[],"categories":[{"name":"Product defects","matchedStatuses":[],"flaky":false}],"history":{"statistic":{"failed":9,"broken":2,"skipped":0,"passed":3,"unknown":0,"total":14},"items":[{"uid":"efeb4bf83fa53794","reportUrl":"https://ta-ulyanava.github.io/JAVA-teamcity-tests-homeTask/ui/44//#testresult/efeb4bf83fa53794","status":"failed","statusDetails":"Element should be visible {span[class*='MiddleEllipsis'].snapshot(3 elements)[2]}\nElement: 'Ups, failed to describe the element [caused by: StaleElementReferenceException: stale element reference: stale element not found]'\nScreenshot: file:/home/runner/work/JAVA-teamcity-tests-homeTask/JAVA-teamcity-tests-homeTask/build/reports/tests/1743339289076.0.png\nPage source: file:/home/runner/work/JAVA-teamcity-tests-homeTask/JAVA-teamcity-tests-homeTask/build/reports/tests/1743339289076.0.html\nTimeout: 4 s.\nCaused by: StaleElementReferenceException: stale element reference: stale element not found","time":{"start":1743339227147,"stop":1743339289524,"duration":62377}},{"uid":"76a3d85018331f1a","reportUrl":"https://ta-ulyanava.github.io/JAVA-teamcity-tests-homeTask/ui/43//#testresult/76a3d85018331f1a","status":"passed","time":{"start":1743336111518,"stop":1743336168965,"duration":57447}},{"uid":"49b4dd48a391378c","reportUrl":"https://ta-ulyanava.github.io/JAVA-teamcity-tests-homeTask/ui/42//#testresult/49b4dd48a391378c","status":"failed","statusDetails":"Element not found {span[class*='MiddleEllipsis'].snapshot(3 elements)[1]}\nExpected: exist\nScreenshot: file:/home/runner/work/JAVA-teamcity-tests-homeTask/JAVA-teamcity-tests-homeTask/build/reports/tests/1743312841403.0.png\nPage source: file:/home/runner/work/JAVA-teamcity-tests-homeTask/JAVA-teamcity-tests-homeTask/build/reports/tests/1743312841403.0.html\nTimeout: 4 s.\nCaused by: StaleElementReferenceException: stale element reference: stale element not found","time":{"start":1743312783463,"stop":1743312841953,"duration":58490}},{"uid":"38ec0c6f7bdb36c4","reportUrl":"https://ta-ulyanava.github.io/JAVA-teamcity-tests-homeTask/ui/41//#testresult/38ec0c6f7bdb36c4","status":"failed","statusDetails":"Element not found {span[class*='MiddleEllipsis'].snapshot(3 elements)[1]}\nExpected: exist\nScreenshot: file:/home/runner/work/JAVA-teamcity-tests-homeTask/JAVA-teamcity-tests-homeTask/build/reports/tests/1743285802684.0.png\nPage source: file:/home/runner/work/JAVA-teamcity-tests-homeTask/JAVA-teamcity-tests-homeTask/build/reports/tests/1743285802684.0.html\nTimeout: 4 s.\nCaused by: StaleElementReferenceException: stale element reference: stale element not found","time":{"start":1743285740752,"stop":1743285803099,"duration":62347}},{"uid":"3e1f56c00adb111a","reportUrl":"https://ta-ulyanava.github.io/JAVA-teamcity-tests-homeTask/ui/40//#testresult/3e1f56c00adb111a","status":"failed","statusDetails":"Element should exist {span[class*='MiddleEllipsis'].snapshot(3 elements)[0]}\nElement: 'Ups, failed to describe the element [caused by: StaleElementReferenceException: stale element reference: stale element not found]'\nActual value: does not exist\nScreenshot: file:/home/runner/work/JAVA-teamcity-tests-homeTask/JAVA-teamcity-tests-homeTask/build/reports/tests/1743283098304.0.png\nPage source: file:/home/runner/work/JAVA-teamcity-tests-homeTask/JAVA-teamcity-tests-homeTask/build/reports/tests/1743283098304.0.html\nTimeout: 4 s.","time":{"start":1743283035448,"stop":1743283098766,"duration":63318}},{"uid":"bf9e7bdff8b69e94","reportUrl":"https://ta-ulyanava.github.io/JAVA-teamcity-tests-homeTask/ui/39//#testresult/bf9e7bdff8b69e94","status":"passed","time":{"start":1743282826948,"stop":1743282884649,"duration":57701}},{"uid":"8b7f183217a48d88","reportUrl":"https://ta-ulyanava.github.io/JAVA-teamcity-tests-homeTask/ui/38//#testresult/8b7f183217a48d88","status":"passed","time":{"start":1743281984979,"stop":1743282042317,"duration":57338}},{"uid":"45ce0b2d6ea1e5e2","reportUrl":"https://ta-ulyanava.github.io/JAVA-teamcity-tests-homeTask/ui/36//#testresult/45ce0b2d6ea1e5e2","status":"broken","statusDetails":"No value present","time":{"start":1743280520441,"stop":1743280570150,"duration":49709}},{"uid":"24c2e7cd1911f3cf","reportUrl":"https://ta-ulyanava.github.io/JAVA-teamcity-tests-homeTask/ui/35//#testresult/24c2e7cd1911f3cf","status":"broken","statusDetails":"No value present","time":{"start":1743278611717,"stop":1743278660849,"duration":49132}},{"uid":"3e75696d75548ee9","reportUrl":"https://ta-ulyanava.github.io/JAVA-teamcity-tests-homeTask/ui/34//#testresult/3e75696d75548ee9","status":"failed","statusDetails":"Element should exist {span[class*='MiddleEllipsis'].snapshot(3 elements)[0]}\nElement: 'Ups, failed to describe the element [caused by: StaleElementReferenceException: stale element reference: stale element not found]'\nActual value: does not exist\nScreenshot: file:/home/runner/work/JAVA-teamcity-tests-homeTask/JAVA-teamcity-tests-homeTask/build/reports/tests/1743277950026.0.png\nPage source: file:/home/runner/work/JAVA-teamcity-tests-homeTask/JAVA-teamcity-tests-homeTask/build/reports/tests/1743277950026.0.html\nTimeout: 4 s.","time":{"start":1743277890197,"stop":1743277950525,"duration":60328}},{"uid":"df7e7086ecf52d13","reportUrl":"https://ta-ulyanava.github.io/JAVA-teamcity-tests-homeTask/ui/33//#testresult/df7e7086ecf52d13","status":"failed","statusDetails":"Element not found {span[class='ProjectPageHeader__title--ih']}\nExpected: exact text \"test_mUYyq5N1Wo\"\nScreenshot: file:/home/runner/work/JAVA-teamcity-tests-homeTask/JAVA-teamcity-tests-homeTask/build/reports/tests/1743101922169.0.png\nPage source: file:/home/runner/work/JAVA-teamcity-tests-homeTask/JAVA-teamcity-tests-homeTask/build/reports/tests/1743101922169.0.html\nTimeout: 4 s.\nCaused by: NoSuchElementException: no such element: Unable to locate element: {\"method\":\"css selector\",\"selector\":\"span[class='ProjectPageHeader__title--ih']\"}","time":{"start":1743101869226,"stop":1743101922705,"duration":53479}},{"uid":"a42ef23ebdbe1dd5","reportUrl":"https://ta-ulyanava.github.io/JAVA-teamcity-tests-homeTask/ui/32//#testresult/a42ef23ebdbe1dd5","status":"failed","statusDetails":"Element not found {span[class='ProjectPageHeader__title--ih']}\nExpected: exact text \"test_znvrDFqyST\"\nScreenshot: file:/home/runner/work/JAVA-teamcity-tests-homeTask/JAVA-teamcity-tests-homeTask/build/reports/tests/1743101830961.0.png\nPage source: file:/home/runner/work/JAVA-teamcity-tests-homeTask/JAVA-teamcity-tests-homeTask/build/reports/tests/1743101830961.0.html\nTimeout: 4 s.\nCaused by: NoSuchElementException: no such element: Unable to locate element: {\"method\":\"css selector\",\"selector\":\"span[class='ProjectPageHeader__title--ih']\"}","time":{"start":1743101778003,"stop":1743101831470,"duration":53467}},{"uid":"1dea351df6c212a1","reportUrl":"https://ta-ulyanava.github.io/JAVA-teamcity-tests-homeTask/ui/31//#testresult/1dea351df6c212a1","status":"failed","statusDetails":"Element not found {span[class='ProjectPageHeader__title--ih']}\nExpected: exact text \"test_GmYSsykPXc\"\nScreenshot: file:/home/runner/work/JAVA-teamcity-tests-homeTask/JAVA-teamcity-tests-homeTask/build/reports/tests/1743101495897.0.png\nPage source: file:/home/runner/work/JAVA-teamcity-tests-homeTask/JAVA-teamcity-tests-homeTask/build/reports/tests/1743101495897.0.html\nTimeout: 4 s.\nCaused by: NoSuchElementException: no such element: Unable to locate element: {\"method\":\"css selector\",\"selector\":\"span[class='ProjectPageHeader__title--ih']\"}","time":{"start":1743101439778,"stop":1743101496438,"duration":56660}}]},"tags":[]},"source":"d5cbcf14501a084b.json","parameterValues":[]}