{"uid":"be012cf67f569327","name":"User with restricted role should not be able to create a project","fullName":"com.example.teamcity.api.ProjectCrudTest.userWithRestrictedRoleCannotCreateProjectTest","historyId":"52265ffdcb9f3c8cc7c7308b82de0fad","time":{"start":1743402090837,"stop":1743402090941,"duration":104},"status":"failed","statusMessage":"1 expectation failed.\nExpected status code <200> but was <403>.\n","statusTrace":"java.lang.AssertionError: 1 expectation failed.\nExpected status code <200> but was <403>.\n\n\tat java.base/jdk.internal.reflect.GeneratedConstructorAccessor72.newInstance(Unknown Source)\n\tat java.base/jdk.internal.reflect.DelegatingConstructorAccessorImpl.newInstance(DelegatingConstructorAccessorImpl.java:45)\n\tat java.base/java.lang.reflect.Constructor.newInstanceWithCaller(Constructor.java:500)\n\tat java.base/java.lang.reflect.Constructor.newInstance(Constructor.java:481)\n\tat org.codehaus.groovy.reflection.CachedConstructor.invoke(CachedConstructor.java:73)\n\tat org.codehaus.groovy.runtime.callsite.ConstructorSite$ConstructorSiteNoUnwrapNoCoerce.callConstructor(ConstructorSite.java:108)\n\tat org.codehaus.groovy.runtime.callsite.AbstractCallSite.callConstructor(AbstractCallSite.java:277)\n\tat io.restassured.internal.ResponseSpecificationImpl$HamcrestAssertionClosure.validate(ResponseSpecificationImpl.groovy:512)\n\tat io.restassured.internal.ResponseSpecificationImpl$HamcrestAssertionClosure$validate$1.call(Unknown Source)\n\tat io.restassured.internal.ResponseSpecificationImpl.validateResponseIfRequired(ResponseSpecificationImpl.groovy:696)\n\tat io.restassured.internal.ResponseSpecificationImpl.this$2$validateResponseIfRequired(ResponseSpecificationImpl.groovy)\n\tat jdk.internal.reflect.GeneratedMethodAccessor172.invoke(Unknown Source)\n\tat java.base/jdk.internal.reflect.DelegatingMethodAccessorImpl.invoke(DelegatingMethodAccessorImpl.java:43)\n\tat java.base/java.lang.reflect.Method.invoke(Method.java:569)\n\tat org.codehaus.groovy.runtime.callsite.PlainObjectMetaMethodSite.doInvoke(PlainObjectMetaMethodSite.java:43)\n\tat org.codehaus.groovy.runtime.callsite.PogoMetaMethodSite$PogoCachedMethodSiteNoUnwrapNoCoerce.invoke(PogoMetaMethodSite.java:198)\n\tat org.codehaus.groovy.runtime.callsite.PogoMetaMethodSite.callCurrent(PogoMetaMethodSite.java:62)\n\tat org.codehaus.groovy.runtime.callsite.AbstractCallSite.callCurrent(AbstractCallSite.java:185)\n\tat io.restassured.internal.ResponseSpecificationImpl.statusCode(ResponseSpecificationImpl.groovy:135)\n\tat io.restassured.specification.ResponseSpecification$statusCode$0.callCurrent(Unknown Source)\n\tat io.restassured.internal.ResponseSpecificationImpl.statusCode(ResponseSpecificationImpl.groovy:143)\n\tat io.restassured.internal.ValidatableResponseOptionsImpl.statusCode(ValidatableResponseOptionsImpl.java:89)\n\tat com.example.teamcity.api.requests.checked.CheckedBase.validateResponse(CheckedBase.java:37)\n\tat com.example.teamcity.api.requests.checked.CheckedBase.update(CheckedBase.java:95)\n\tat com.example.teamcity.api.helpers.ApiUserHelper.updateUser(ApiUserHelper.java:64)\n\tat com.example.teamcity.api.helpers.ApiUserHelper.updateUserRole(ApiUserHelper.java:33)\n\tat com.example.teamcity.api.ProjectCrudTest.userWithRestrictedRoleCannotCreateProjectTest(ProjectCrudTest.java:510)\n\tat java.base/jdk.internal.reflect.NativeMethodAccessorImpl.invoke0(Native Method)\n\tat java.base/jdk.internal.reflect.NativeMethodAccessorImpl.invoke(NativeMethodAccessorImpl.java:77)\n\tat java.base/jdk.internal.reflect.DelegatingMethodAccessorImpl.invoke(DelegatingMethodAccessorImpl.java:43)\n\tat java.base/java.lang.reflect.Method.invoke(Method.java:569)\n\tat org.testng.internal.invokers.MethodInvocationHelper.invokeMethod(MethodInvocationHelper.java:141)\n\tat org.testng.internal.invokers.TestInvoker.invokeMethod(TestInvoker.java:686)\n\tat org.testng.internal.invokers.TestInvoker.invokeTestMethod(TestInvoker.java:230)\n\tat org.testng.internal.invokers.MethodRunner.runInSequence(MethodRunner.java:63)\n\tat org.testng.internal.invokers.TestInvoker$MethodInvocationAgent.invoke(TestInvoker.java:992)\n\tat org.testng.internal.invokers.TestInvoker.invokeTestMethods(TestInvoker.java:203)\n\tat org.testng.internal.invokers.TestMethodWorker.invokeTestMethods(TestMethodWorker.java:154)\n\tat org.testng.internal.invokers.TestMethodWorker.run(TestMethodWorker.java:134)\n\tat java.base/java.util.ArrayList.forEach(ArrayList.java:1511)\n\tat org.testng.TestRunner.privateRun(TestRunner.java:739)\n\tat org.testng.TestRunner.run(TestRunner.java:614)\n\tat org.testng.SuiteRunner.runTest(SuiteRunner.java:421)\n\tat org.testng.SuiteRunner.runSequentially(SuiteRunner.java:413)\n\tat org.testng.SuiteRunner.privateRun(SuiteRunner.java:373)\n\tat org.testng.SuiteRunner.run(SuiteRunner.java:312)\n\tat org.testng.SuiteRunnerWorker.runSuite(SuiteRunnerWorker.java:52)\n\tat org.testng.SuiteRunnerWorker.run(SuiteRunnerWorker.java:95)\n\tat org.testng.TestNG.runSuitesSequentially(TestNG.java:1274)\n\tat org.testng.TestNG.runSuitesLocally(TestNG.java:1208)\n\tat org.testng.TestNG.runSuites(TestNG.java:1112)\n\tat org.testng.TestNG.run(TestNG.java:1079)\n\tat org.apache.maven.surefire.testng.TestNGExecutor.run(TestNGExecutor.java:151)\n\tat org.apache.maven.surefire.testng.TestNGDirectoryTestSuite.executeMulti(TestNGDirectoryTestSuite.java:192)\n\tat org.apache.maven.surefire.testng.TestNGDirectoryTestSuite.execute(TestNGDirectoryTestSuite.java:93)\n\tat org.apache.maven.surefire.testng.TestNGProvider.invoke(TestNGProvider.java:155)\n\tat org.apache.maven.surefire.booter.ForkedBooter.runSuitesInProcess(ForkedBooter.java:456)\n\tat org.apache.maven.surefire.booter.ForkedBooter.execute(ForkedBooter.java:169)\n\tat org.apache.maven.surefire.booter.ForkedBooter.run(ForkedBooter.java:595)\n\tat org.apache.maven.surefire.booter.ForkedBooter.main(ForkedBooter.java:581)\n","flaky":false,"newFailed":false,"newBroken":false,"newPassed":false,"retriesCount":0,"retriesStatusChange":false,"beforeStages":[{"name":"beforeTest","time":{"start":1743402090781,"stop":1743402090781,"duration":0},"description":"","status":"passed","steps":[{"name":"Generate TestData with all nested BaseModel fields","time":{"start":1743402090781,"stop":1743402090781,"duration":0},"status":"passed","steps":[{"name":"Generate instance of class class com.example.teamcity.api.models.Project","time":{"start":1743402090781,"stop":1743402090781,"duration":0},"status":"passed","steps":[{"name":"Generate random string with default prefix","time":{"start":1743402090781,"stop":1743402090781,"duration":0},"status":"passed","steps":[],"attachments":[],"parameters":[],"shouldDisplayMessage":false,"stepsCount":0,"attachmentsCount":0,"hasContent":false},{"name":"Generate random string with default prefix","time":{"start":1743402090781,"stop":1743402090781,"duration":0},"status":"passed","steps":[],"attachments":[],"parameters":[],"shouldDisplayMessage":false,"stepsCount":0,"attachmentsCount":0,"hasContent":false}],"attachments":[],"parameters":[{"name":"generatedModels","value":"[]"},{"name":"generatorClass","value":"class com.example.teamcity.api.models.Project"},{"name":"parameters","value":"[]"}],"shouldDisplayMessage":false,"stepsCount":2,"attachmentsCount":0,"hasContent":true},{"name":"Generate instance of class class com.example.teamcity.api.models.User","time":{"start":1743402090781,"stop":1743402090781,"duration":0},"status":"passed","steps":[{"name":"Generate random string with default prefix","time":{"start":1743402090781,"stop":1743402090781,"duration":0},"status":"passed","steps":[],"attachments":[],"parameters":[],"shouldDisplayMessage":false,"stepsCount":0,"attachmentsCount":0,"hasContent":false},{"name":"Generate random string with default prefix","time":{"start":1743402090781,"stop":1743402090781,"duration":0},"status":"passed","steps":[],"attachments":[],"parameters":[],"shouldDisplayMessage":false,"stepsCount":0,"attachmentsCount":0,"hasContent":false},{"name":"Generate instance of class class com.example.teamcity.api.models.Roles","time":{"start":1743402090781,"stop":1743402090781,"duration":0},"status":"passed","steps":[{"name":"Generate instance of class class com.example.teamcity.api.models.Role","time":{"start":1743402090781,"stop":1743402090781,"duration":0},"status":"passed","steps":[],"attachments":[],"parameters":[{"name":"generatedModels","value":"[Project(id=test_nacbYdZbfj, name=test_MiHg8QJPfa, parentProject=null, copyAllAssociatedSettings=null, projectsIdsMap=null, buildTypesIdsMap=null, vcsRootsIdsMap=null, sourceProject=null)]"},{"name":"generatorClass","value":"class com.example.teamcity.api.models.Role"},{"name":"parameters","value":"[]"}],"shouldDisplayMessage":false,"stepsCount":0,"attachmentsCount":0,"hasContent":true}],"attachments":[],"parameters":[{"name":"generatedModels","value":"[Project(id=test_nacbYdZbfj, name=test_MiHg8QJPfa, parentProject=null, copyAllAssociatedSettings=null, projectsIdsMap=null, buildTypesIdsMap=null, vcsRootsIdsMap=null, sourceProject=null)]"},{"name":"generatorClass","value":"class com.example.teamcity.api.models.Roles"},{"name":"parameters","value":"[]"}],"shouldDisplayMessage":false,"stepsCount":1,"attachmentsCount":0,"hasContent":true}],"attachments":[],"parameters":[{"name":"generatedModels","value":"[Project(id=test_nacbYdZbfj, name=test_MiHg8QJPfa, parentProject=null, copyAllAssociatedSettings=null, projectsIdsMap=null, buildTypesIdsMap=null, vcsRootsIdsMap=null, sourceProject=null)]"},{"name":"generatorClass","value":"class com.example.teamcity.api.models.User"},{"name":"parameters","value":"[]"}],"shouldDisplayMessage":false,"stepsCount":4,"attachmentsCount":0,"hasContent":true},{"name":"Generate instance of class class com.example.teamcity.api.models.BuildType","time":{"start":1743402090781,"stop":1743402090781,"duration":0},"status":"passed","steps":[{"name":"Generate random string with default prefix","time":{"start":1743402090781,"stop":1743402090781,"duration":0},"status":"passed","steps":[],"attachments":[],"parameters":[],"shouldDisplayMessage":false,"stepsCount":0,"attachmentsCount":0,"hasContent":false},{"name":"Generate random string with default prefix","time":{"start":1743402090781,"stop":1743402090781,"duration":0},"status":"passed","steps":[],"attachments":[],"parameters":[],"shouldDisplayMessage":false,"stepsCount":0,"attachmentsCount":0,"hasContent":false}],"attachments":[],"parameters":[{"name":"generatedModels","value":"[Project(id=test_nacbYdZbfj, name=test_MiHg8QJPfa, parentProject=null, copyAllAssociatedSettings=null, projectsIdsMap=null, buildTypesIdsMap=null, vcsRootsIdsMap=null, sourceProject=null), User(id=0, username=test_01pvNIdFnA, password=test_RntdrAXmkT, roles=Roles(role=[Role(roleId=SYSTEM_ADMIN, scope=g)]))]"},{"name":"generatorClass","value":"class com.example.teamcity.api.models.BuildType"},{"name":"parameters","value":"[]"}],"shouldDisplayMessage":false,"stepsCount":2,"attachmentsCount":0,"hasContent":true}],"attachments":[],"parameters":[],"shouldDisplayMessage":false,"stepsCount":11,"attachmentsCount":0,"hasContent":true}],"attachments":[],"parameters":[],"shouldDisplayMessage":false,"stepsCount":12,"attachmentsCount":0,"hasContent":true},{"name":"configureUserRequests","time":{"start":1743402090782,"stop":1743402090836,"duration":54},"description":"","status":"passed","steps":[{"name":"Generate TestData with all nested BaseModel fields","time":{"start":1743402090782,"stop":1743402090782,"duration":0},"status":"passed","steps":[{"name":"Generate instance of class class com.example.teamcity.api.models.Project","time":{"start":1743402090782,"stop":1743402090782,"duration":0},"status":"passed","steps":[{"name":"Generate random string with default prefix","time":{"start":1743402090782,"stop":1743402090782,"duration":0},"status":"passed","steps":[],"attachments":[],"parameters":[],"shouldDisplayMessage":false,"stepsCount":0,"attachmentsCount":0,"hasContent":false},{"name":"Generate random string with default prefix","time":{"start":1743402090782,"stop":1743402090782,"duration":0},"status":"passed","steps":[],"attachments":[],"parameters":[],"shouldDisplayMessage":false,"stepsCount":0,"attachmentsCount":0,"hasContent":false}],"attachments":[],"parameters":[{"name":"generatedModels","value":"[]"},{"name":"generatorClass","value":"class com.example.teamcity.api.models.Project"},{"name":"parameters","value":"[]"}],"shouldDisplayMessage":false,"stepsCount":2,"attachmentsCount":0,"hasContent":true},{"name":"Generate instance of class class com.example.teamcity.api.models.User","time":{"start":1743402090782,"stop":1743402090782,"duration":0},"status":"passed","steps":[{"name":"Generate random string with default prefix","time":{"start":1743402090782,"stop":1743402090782,"duration":0},"status":"passed","steps":[],"attachments":[],"parameters":[],"shouldDisplayMessage":false,"stepsCount":0,"attachmentsCount":0,"hasContent":false},{"name":"Generate random string with default prefix","time":{"start":1743402090782,"stop":1743402090782,"duration":0},"status":"passed","steps":[],"attachments":[],"parameters":[],"shouldDisplayMessage":false,"stepsCount":0,"attachmentsCount":0,"hasContent":false},{"name":"Generate instance of class class com.example.teamcity.api.models.Roles","time":{"start":1743402090782,"stop":1743402090782,"duration":0},"status":"passed","steps":[{"name":"Generate instance of class class com.example.teamcity.api.models.Role","time":{"start":1743402090782,"stop":1743402090782,"duration":0},"status":"passed","steps":[],"attachments":[],"parameters":[{"name":"generatedModels","value":"[Project(id=test_FHB8GpTMaS, name=test_0izkXJj9v4, parentProject=null, copyAllAssociatedSettings=null, projectsIdsMap=null, buildTypesIdsMap=null, vcsRootsIdsMap=null, sourceProject=null)]"},{"name":"generatorClass","value":"class com.example.teamcity.api.models.Role"},{"name":"parameters","value":"[]"}],"shouldDisplayMessage":false,"stepsCount":0,"attachmentsCount":0,"hasContent":true}],"attachments":[],"parameters":[{"name":"generatedModels","value":"[Project(id=test_FHB8GpTMaS, name=test_0izkXJj9v4, parentProject=null, copyAllAssociatedSettings=null, projectsIdsMap=null, buildTypesIdsMap=null, vcsRootsIdsMap=null, sourceProject=null)]"},{"name":"generatorClass","value":"class com.example.teamcity.api.models.Roles"},{"name":"parameters","value":"[]"}],"shouldDisplayMessage":false,"stepsCount":1,"attachmentsCount":0,"hasContent":true}],"attachments":[],"parameters":[{"name":"generatedModels","value":"[Project(id=test_FHB8GpTMaS, name=test_0izkXJj9v4, parentProject=null, copyAllAssociatedSettings=null, projectsIdsMap=null, buildTypesIdsMap=null, vcsRootsIdsMap=null, sourceProject=null)]"},{"name":"generatorClass","value":"class com.example.teamcity.api.models.User"},{"name":"parameters","value":"[]"}],"shouldDisplayMessage":false,"stepsCount":4,"attachmentsCount":0,"hasContent":true},{"name":"Generate instance of class class com.example.teamcity.api.models.BuildType","time":{"start":1743402090782,"stop":1743402090782,"duration":0},"status":"passed","steps":[{"name":"Generate random string with default prefix","time":{"start":1743402090782,"stop":1743402090782,"duration":0},"status":"passed","steps":[],"attachments":[],"parameters":[],"shouldDisplayMessage":false,"stepsCount":0,"attachmentsCount":0,"hasContent":false},{"name":"Generate random string with default prefix","time":{"start":1743402090782,"stop":1743402090782,"duration":0},"status":"passed","steps":[],"attachments":[],"parameters":[],"shouldDisplayMessage":false,"stepsCount":0,"attachmentsCount":0,"hasContent":false}],"attachments":[],"parameters":[{"name":"generatedModels","value":"[Project(id=test_FHB8GpTMaS, name=test_0izkXJj9v4, parentProject=null, copyAllAssociatedSettings=null, projectsIdsMap=null, buildTypesIdsMap=null, vcsRootsIdsMap=null, sourceProject=null), User(id=0, username=test_Fjo7Unl1e2, password=test_Y5BB82qJSj, roles=Roles(role=[Role(roleId=SYSTEM_ADMIN, scope=g)]))]"},{"name":"generatorClass","value":"class com.example.teamcity.api.models.BuildType"},{"name":"parameters","value":"[]"}],"shouldDisplayMessage":false,"stepsCount":2,"attachmentsCount":0,"hasContent":true}],"attachments":[],"parameters":[],"shouldDisplayMessage":false,"stepsCount":11,"attachmentsCount":0,"hasContent":true},{"name":"Get UncheckedBase for USERS","time":{"start":1743402090782,"stop":1743402090782,"duration":0},"status":"passed","steps":[],"attachments":[],"parameters":[{"name":"apiEndpoint","value":"USERS"}],"shouldDisplayMessage":false,"stepsCount":0,"attachmentsCount":0,"hasContent":true},{"name":"Create entity: User(id=0, username=test_Fjo7Unl1e2, password=test_Y5BB82qJSj, roles=Roles(role=[Role(roleId=SYSTEM_ADMIN, scope=g)]))","time":{"start":1743402090782,"stop":1743402090831,"duration":49},"status":"passed","steps":[],"attachments":[],"parameters":[{"name":"model","value":"User(id=0, username=test_Fjo7Unl1e2, password=test_Y5BB82qJSj, roles=Roles(role=[Role(roleId=SYSTEM_ADMIN, scope=g)]))"}],"shouldDisplayMessage":false,"stepsCount":0,"attachmentsCount":0,"hasContent":true},{"name":"Extract single model of type class com.example.teamcity.api.models.User","time":{"start":1743402090833,"stop":1743402090834,"duration":1},"status":"passed","steps":[],"attachments":[],"parameters":[{"name":"response","value":"io.restassured.internal.RestAssuredResponseImpl@593f6c3"},{"name":"modelClass","value":"class com.example.teamcity.api.models.User"}],"shouldDisplayMessage":false,"stepsCount":0,"attachmentsCount":0,"hasContent":true},{"name":"Add created entity with ID '66' to storage under USERS","time":{"start":1743402090834,"stop":1743402090835,"duration":1},"status":"passed","steps":[],"attachments":[],"parameters":[{"name":"apiEndpoint","value":"USERS"},{"name":"id","value":"66"}],"shouldDisplayMessage":false,"stepsCount":0,"attachmentsCount":0,"hasContent":true},{"name":"Build request specification with user authentication","time":{"start":1743402090835,"stop":1743402090835,"duration":0},"status":"passed","steps":[],"attachments":[],"parameters":[{"name":"user","value":"User(id=0, username=test_Fjo7Unl1e2, password=test_Y5BB82qJSj, roles=Roles(role=[Role(roleId=SYSTEM_ADMIN, scope=g)]))"}],"shouldDisplayMessage":false,"stepsCount":0,"attachmentsCount":0,"hasContent":true},{"name":"Build request specification with user authentication","time":{"start":1743402090835,"stop":1743402090836,"duration":1},"status":"passed","steps":[],"attachments":[],"parameters":[{"name":"user","value":"User(id=0, username=test_Fjo7Unl1e2, password=test_Y5BB82qJSj, roles=Roles(role=[Role(roleId=SYSTEM_ADMIN, scope=g)]))"}],"shouldDisplayMessage":false,"stepsCount":0,"attachmentsCount":0,"hasContent":true}],"attachments":[],"parameters":[],"shouldDisplayMessage":false,"stepsCount":18,"attachmentsCount":0,"hasContent":true}],"testStage":{"status":"failed","statusMessage":"1 expectation failed.\nExpected status code <200> but was <403>.\n","statusTrace":"java.lang.AssertionError: 1 expectation failed.\nExpected status code <200> but was <403>.\n\n\tat java.base/jdk.internal.reflect.GeneratedConstructorAccessor72.newInstance(Unknown Source)\n\tat java.base/jdk.internal.reflect.DelegatingConstructorAccessorImpl.newInstance(DelegatingConstructorAccessorImpl.java:45)\n\tat java.base/java.lang.reflect.Constructor.newInstanceWithCaller(Constructor.java:500)\n\tat java.base/java.lang.reflect.Constructor.newInstance(Constructor.java:481)\n\tat org.codehaus.groovy.reflection.CachedConstructor.invoke(CachedConstructor.java:73)\n\tat org.codehaus.groovy.runtime.callsite.ConstructorSite$ConstructorSiteNoUnwrapNoCoerce.callConstructor(ConstructorSite.java:108)\n\tat org.codehaus.groovy.runtime.callsite.AbstractCallSite.callConstructor(AbstractCallSite.java:277)\n\tat io.restassured.internal.ResponseSpecificationImpl$HamcrestAssertionClosure.validate(ResponseSpecificationImpl.groovy:512)\n\tat io.restassured.internal.ResponseSpecificationImpl$HamcrestAssertionClosure$validate$1.call(Unknown Source)\n\tat io.restassured.internal.ResponseSpecificationImpl.validateResponseIfRequired(ResponseSpecificationImpl.groovy:696)\n\tat io.restassured.internal.ResponseSpecificationImpl.this$2$validateResponseIfRequired(ResponseSpecificationImpl.groovy)\n\tat jdk.internal.reflect.GeneratedMethodAccessor172.invoke(Unknown Source)\n\tat java.base/jdk.internal.reflect.DelegatingMethodAccessorImpl.invoke(DelegatingMethodAccessorImpl.java:43)\n\tat java.base/java.lang.reflect.Method.invoke(Method.java:569)\n\tat org.codehaus.groovy.runtime.callsite.PlainObjectMetaMethodSite.doInvoke(PlainObjectMetaMethodSite.java:43)\n\tat org.codehaus.groovy.runtime.callsite.PogoMetaMethodSite$PogoCachedMethodSiteNoUnwrapNoCoerce.invoke(PogoMetaMethodSite.java:198)\n\tat org.codehaus.groovy.runtime.callsite.PogoMetaMethodSite.callCurrent(PogoMetaMethodSite.java:62)\n\tat org.codehaus.groovy.runtime.callsite.AbstractCallSite.callCurrent(AbstractCallSite.java:185)\n\tat io.restassured.internal.ResponseSpecificationImpl.statusCode(ResponseSpecificationImpl.groovy:135)\n\tat io.restassured.specification.ResponseSpecification$statusCode$0.callCurrent(Unknown Source)\n\tat io.restassured.internal.ResponseSpecificationImpl.statusCode(ResponseSpecificationImpl.groovy:143)\n\tat io.restassured.internal.ValidatableResponseOptionsImpl.statusCode(ValidatableResponseOptionsImpl.java:89)\n\tat com.example.teamcity.api.requests.checked.CheckedBase.validateResponse(CheckedBase.java:37)\n\tat com.example.teamcity.api.requests.checked.CheckedBase.update(CheckedBase.java:95)\n\tat com.example.teamcity.api.helpers.ApiUserHelper.updateUser(ApiUserHelper.java:64)\n\tat com.example.teamcity.api.helpers.ApiUserHelper.updateUserRole(ApiUserHelper.java:33)\n\tat com.example.teamcity.api.ProjectCrudTest.userWithRestrictedRoleCannotCreateProjectTest(ProjectCrudTest.java:510)\n\tat java.base/jdk.internal.reflect.NativeMethodAccessorImpl.invoke0(Native Method)\n\tat java.base/jdk.internal.reflect.NativeMethodAccessorImpl.invoke(NativeMethodAccessorImpl.java:77)\n\tat java.base/jdk.internal.reflect.DelegatingMethodAccessorImpl.invoke(DelegatingMethodAccessorImpl.java:43)\n\tat java.base/java.lang.reflect.Method.invoke(Method.java:569)\n\tat org.testng.internal.invokers.MethodInvocationHelper.invokeMethod(MethodInvocationHelper.java:141)\n\tat org.testng.internal.invokers.TestInvoker.invokeMethod(TestInvoker.java:686)\n\tat org.testng.internal.invokers.TestInvoker.invokeTestMethod(TestInvoker.java:230)\n\tat org.testng.internal.invokers.MethodRunner.runInSequence(MethodRunner.java:63)\n\tat org.testng.internal.invokers.TestInvoker$MethodInvocationAgent.invoke(TestInvoker.java:992)\n\tat org.testng.internal.invokers.TestInvoker.invokeTestMethods(TestInvoker.java:203)\n\tat org.testng.internal.invokers.TestMethodWorker.invokeTestMethods(TestMethodWorker.java:154)\n\tat org.testng.internal.invokers.TestMethodWorker.run(TestMethodWorker.java:134)\n\tat java.base/java.util.ArrayList.forEach(ArrayList.java:1511)\n\tat org.testng.TestRunner.privateRun(TestRunner.java:739)\n\tat org.testng.TestRunner.run(TestRunner.java:614)\n\tat org.testng.SuiteRunner.runTest(SuiteRunner.java:421)\n\tat org.testng.SuiteRunner.runSequentially(SuiteRunner.java:413)\n\tat org.testng.SuiteRunner.privateRun(SuiteRunner.java:373)\n\tat org.testng.SuiteRunner.run(SuiteRunner.java:312)\n\tat org.testng.SuiteRunnerWorker.runSuite(SuiteRunnerWorker.java:52)\n\tat org.testng.SuiteRunnerWorker.run(SuiteRunnerWorker.java:95)\n\tat org.testng.TestNG.runSuitesSequentially(TestNG.java:1274)\n\tat org.testng.TestNG.runSuitesLocally(TestNG.java:1208)\n\tat org.testng.TestNG.runSuites(TestNG.java:1112)\n\tat org.testng.TestNG.run(TestNG.java:1079)\n\tat org.apache.maven.surefire.testng.TestNGExecutor.run(TestNGExecutor.java:151)\n\tat org.apache.maven.surefire.testng.TestNGDirectoryTestSuite.executeMulti(TestNGDirectoryTestSuite.java:192)\n\tat org.apache.maven.surefire.testng.TestNGDirectoryTestSuite.execute(TestNGDirectoryTestSuite.java:93)\n\tat org.apache.maven.surefire.testng.TestNGProvider.invoke(TestNGProvider.java:155)\n\tat org.apache.maven.surefire.booter.ForkedBooter.runSuitesInProcess(ForkedBooter.java:456)\n\tat org.apache.maven.surefire.booter.ForkedBooter.execute(ForkedBooter.java:169)\n\tat org.apache.maven.surefire.booter.ForkedBooter.run(ForkedBooter.java:595)\n\tat org.apache.maven.surefire.booter.ForkedBooter.main(ForkedBooter.java:581)\n","steps":[{"name":"Create single project: test_0izkXJj9v4","time":{"start":1743402090838,"stop":1743402090901,"duration":63},"status":"passed","steps":[{"name":"Get CheckedBase for PROJECTS","time":{"start":1743402090838,"stop":1743402090838,"duration":0},"status":"passed","steps":[],"attachments":[],"parameters":[{"name":"apiEndpoint","value":"PROJECTS"}],"shouldDisplayMessage":false,"stepsCount":0,"attachmentsCount":0,"hasContent":true},{"name":"Create entity: Project(id=test_FHB8GpTMaS, name=test_0izkXJj9v4, parentProject=null, copyAllAssociatedSettings=null, projectsIdsMap=null, buildTypesIdsMap=null, vcsRootsIdsMap=null, sourceProject=null)","time":{"start":1743402090838,"stop":1743402090900,"duration":62},"status":"passed","steps":[{"name":"Create entity: Project(id=test_FHB8GpTMaS, name=test_0izkXJj9v4, parentProject=null, copyAllAssociatedSettings=null, projectsIdsMap=null, buildTypesIdsMap=null, vcsRootsIdsMap=null, sourceProject=null)","time":{"start":1743402090838,"stop":1743402090896,"duration":58},"status":"passed","steps":[],"attachments":[],"parameters":[{"name":"model","value":"Project(id=test_FHB8GpTMaS, name=test_0izkXJj9v4, parentProject=null, copyAllAssociatedSettings=null, projectsIdsMap=null, buildTypesIdsMap=null, vcsRootsIdsMap=null, sourceProject=null)"}],"shouldDisplayMessage":false,"stepsCount":0,"attachmentsCount":0,"hasContent":true},{"name":"Validate response for locator 'Project(id=test_FHB8GpTMaS, name=test_0izkXJj9v4, parentProject=null, copyAllAssociatedSettings=null, projectsIdsMap=null, buildTypesIdsMap=null, vcsRootsIdsMap=null, sourceProject=null)'","time":{"start":1743402090896,"stop":1743402090896,"duration":0},"status":"passed","steps":[],"attachments":[],"parameters":[{"name":"response","value":"io.restassured.internal.RestAssuredResponseImpl@6654e105"},{"name":"locator","value":"Project(id=test_FHB8GpTMaS, name=test_0izkXJj9v4, parentProject=null, copyAllAssociatedSettings=null, projectsIdsMap=null, buildTypesIdsMap=null, vcsRootsIdsMap=null, sourceProject=null)"}],"shouldDisplayMessage":false,"stepsCount":0,"attachmentsCount":0,"hasContent":true},{"name":"Add created entity by model under PROJECTS","time":{"start":1743402090900,"stop":1743402090900,"duration":0},"status":"passed","steps":[{"name":"Add created entity with ID 'test_FHB8GpTMaS' to storage under PROJECTS","time":{"start":1743402090900,"stop":1743402090900,"duration":0},"status":"passed","steps":[],"attachments":[],"parameters":[{"name":"apiEndpoint","value":"PROJECTS"},{"name":"id","value":"test_FHB8GpTMaS"}],"shouldDisplayMessage":false,"stepsCount":0,"attachmentsCount":0,"hasContent":true}],"attachments":[],"parameters":[{"name":"apiEndpoint","value":"PROJECTS"},{"name":"model","value":"Project(id=test_FHB8GpTMaS, name=test_0izkXJj9v4, parentProject=ParentProject(id=_Root, locator=null), copyAllAssociatedSettings=null, projectsIdsMap=null, buildTypesIdsMap=null, vcsRootsIdsMap=null, sourceProject=null)"}],"shouldDisplayMessage":false,"stepsCount":1,"attachmentsCount":0,"hasContent":true}],"attachments":[],"parameters":[{"name":"model","value":"Project(id=test_FHB8GpTMaS, name=test_0izkXJj9v4, parentProject=null, copyAllAssociatedSettings=null, projectsIdsMap=null, buildTypesIdsMap=null, vcsRootsIdsMap=null, sourceProject=null)"}],"shouldDisplayMessage":false,"stepsCount":4,"attachmentsCount":0,"hasContent":true},{"name":"Extract single model of type class com.example.teamcity.api.models.Project","time":{"start":1743402090900,"stop":1743402090901,"duration":1},"status":"passed","steps":[],"attachments":[],"parameters":[{"name":"response","value":"io.restassured.internal.RestAssuredResponseImpl@6654e105"},{"name":"modelClass","value":"class com.example.teamcity.api.models.Project"}],"shouldDisplayMessage":false,"stepsCount":0,"attachmentsCount":0,"hasContent":true}],"attachments":[],"parameters":[{"name":"request","value":"com.example.teamcity.api.requests.CheckedRequest@2d7bfb13"},{"name":"project","value":"Project(id=test_FHB8GpTMaS, name=test_0izkXJj9v4, parentProject=null, copyAllAssociatedSettings=null, projectsIdsMap=null, buildTypesIdsMap=null, vcsRootsIdsMap=null, sourceProject=null)"}],"shouldDisplayMessage":false,"stepsCount":7,"attachmentsCount":0,"hasContent":true},{"name":"Update user role to USER_ROLE in project test_FHB8GpTMaS","time":{"start":1743402090901,"stop":1743402090940,"duration":39},"status":"failed","statusMessage":"1 expectation failed.\nExpected status code <200> but was <403>.\n","statusTrace":"java.lang.AssertionError: 1 expectation failed.\nExpected status code <200> but was <403>.\n\n\tat java.base/jdk.internal.reflect.GeneratedConstructorAccessor72.newInstance(Unknown Source)\n\tat java.base/jdk.internal.reflect.DelegatingConstructorAccessorImpl.newInstance(DelegatingConstructorAccessorImpl.java:45)\n\tat java.base/java.lang.reflect.Constructor.newInstanceWithCaller(Constructor.java:500)\n\tat java.base/java.lang.reflect.Constructor.newInstance(Constructor.java:481)\n\tat org.codehaus.groovy.reflection.CachedConstructor.invoke(CachedConstructor.java:73)\n\tat org.codehaus.groovy.runtime.callsite.ConstructorSite$ConstructorSiteNoUnwrapNoCoerce.callConstructor(ConstructorSite.java:108)\n\tat org.codehaus.groovy.runtime.callsite.AbstractCallSite.callConstructor(AbstractCallSite.java:277)\n\tat io.restassured.internal.ResponseSpecificationImpl$HamcrestAssertionClosure.validate(ResponseSpecificationImpl.groovy:512)\n\tat io.restassured.internal.ResponseSpecificationImpl$HamcrestAssertionClosure$validate$1.call(Unknown Source)\n\tat io.restassured.internal.ResponseSpecificationImpl.validateResponseIfRequired(ResponseSpecificationImpl.groovy:696)\n\tat io.restassured.internal.ResponseSpecificationImpl.this$2$validateResponseIfRequired(ResponseSpecificationImpl.groovy)\n\tat jdk.internal.reflect.GeneratedMethodAccessor172.invoke(Unknown Source)\n\tat java.base/jdk.internal.reflect.DelegatingMethodAccessorImpl.invoke(DelegatingMethodAccessorImpl.java:43)\n\tat java.base/java.lang.reflect.Method.invoke(Method.java:569)\n\tat org.codehaus.groovy.runtime.callsite.PlainObjectMetaMethodSite.doInvoke(PlainObjectMetaMethodSite.java:43)\n\tat org.codehaus.groovy.runtime.callsite.PogoMetaMethodSite$PogoCachedMethodSiteNoUnwrapNoCoerce.invoke(PogoMetaMethodSite.java:198)\n\tat org.codehaus.groovy.runtime.callsite.PogoMetaMethodSite.callCurrent(PogoMetaMethodSite.java:62)\n\tat org.codehaus.groovy.runtime.callsite.AbstractCallSite.callCurrent(AbstractCallSite.java:185)\n\tat io.restassured.internal.ResponseSpecificationImpl.statusCode(ResponseSpecificationImpl.groovy:135)\n\tat io.restassured.specification.ResponseSpecification$statusCode$0.callCurrent(Unknown Source)\n\tat io.restassured.internal.ResponseSpecificationImpl.statusCode(ResponseSpecificationImpl.groovy:143)\n\tat io.restassured.internal.ValidatableResponseOptionsImpl.statusCode(ValidatableResponseOptionsImpl.java:89)\n\tat com.example.teamcity.api.requests.checked.CheckedBase.validateResponse(CheckedBase.java:37)\n\tat com.example.teamcity.api.requests.checked.CheckedBase.update(CheckedBase.java:95)\n\tat com.example.teamcity.api.helpers.ApiUserHelper.updateUser(ApiUserHelper.java:64)\n\tat com.example.teamcity.api.helpers.ApiUserHelper.updateUserRole(ApiUserHelper.java:33)\n\tat com.example.teamcity.api.ProjectCrudTest.userWithRestrictedRoleCannotCreateProjectTest(ProjectCrudTest.java:510)\n\tat java.base/jdk.internal.reflect.NativeMethodAccessorImpl.invoke0(Native Method)\n\tat java.base/jdk.internal.reflect.NativeMethodAccessorImpl.invoke(NativeMethodAccessorImpl.java:77)\n\tat java.base/jdk.internal.reflect.DelegatingMethodAccessorImpl.invoke(DelegatingMethodAccessorImpl.java:43)\n\tat java.base/java.lang.reflect.Method.invoke(Method.java:569)\n\tat org.testng.internal.invokers.MethodInvocationHelper.invokeMethod(MethodInvocationHelper.java:141)\n\tat org.testng.internal.invokers.TestInvoker.invokeMethod(TestInvoker.java:686)\n\tat org.testng.internal.invokers.TestInvoker.invokeTestMethod(TestInvoker.java:230)\n\tat org.testng.internal.invokers.MethodRunner.runInSequence(MethodRunner.java:63)\n\tat org.testng.internal.invokers.TestInvoker$MethodInvocationAgent.invoke(TestInvoker.java:992)\n\tat org.testng.internal.invokers.TestInvoker.invokeTestMethods(TestInvoker.java:203)\n\tat org.testng.internal.invokers.TestMethodWorker.invokeTestMethods(TestMethodWorker.java:154)\n\tat org.testng.internal.invokers.TestMethodWorker.run(TestMethodWorker.java:134)\n\tat java.base/java.util.ArrayList.forEach(ArrayList.java:1511)\n\tat org.testng.TestRunner.privateRun(TestRunner.java:739)\n\tat org.testng.TestRunner.run(TestRunner.java:614)\n\tat org.testng.SuiteRunner.runTest(SuiteRunner.java:421)\n\tat org.testng.SuiteRunner.runSequentially(SuiteRunner.java:413)\n\tat org.testng.SuiteRunner.privateRun(SuiteRunner.java:373)\n\tat org.testng.SuiteRunner.run(SuiteRunner.java:312)\n\tat org.testng.SuiteRunnerWorker.runSuite(SuiteRunnerWorker.java:52)\n\tat org.testng.SuiteRunnerWorker.run(SuiteRunnerWorker.java:95)\n\tat org.testng.TestNG.runSuitesSequentially(TestNG.java:1274)\n\tat org.testng.TestNG.runSuitesLocally(TestNG.java:1208)\n\tat org.testng.TestNG.runSuites(TestNG.java:1112)\n\tat org.testng.TestNG.run(TestNG.java:1079)\n\tat org.apache.maven.surefire.testng.TestNGExecutor.run(TestNGExecutor.java:151)\n\tat org.apache.maven.surefire.testng.TestNGDirectoryTestSuite.executeMulti(TestNGDirectoryTestSuite.java:192)\n\tat org.apache.maven.surefire.testng.TestNGDirectoryTestSuite.execute(TestNGDirectoryTestSuite.java:93)\n\tat org.apache.maven.surefire.testng.TestNGProvider.invoke(TestNGProvider.java:155)\n\tat org.apache.maven.surefire.booter.ForkedBooter.runSuitesInProcess(ForkedBooter.java:456)\n\tat org.apache.maven.surefire.booter.ForkedBooter.execute(ForkedBooter.java:169)\n\tat org.apache.maven.surefire.booter.ForkedBooter.run(ForkedBooter.java:595)\n\tat org.apache.maven.surefire.booter.ForkedBooter.main(ForkedBooter.java:581)\n","steps":[{"name":"Get CheckedBase for USERS with validation against class class com.example.teamcity.api.models.User","time":{"start":1743402090901,"stop":1743402090901,"duration":0},"status":"passed","steps":[],"attachments":[],"parameters":[{"name":"apiEndpoint","value":"USERS"},{"name":"modelClass","value":"class com.example.teamcity.api.models.User"}],"shouldDisplayMessage":false,"stepsCount":0,"attachmentsCount":0,"hasContent":true},{"name":"Update entity with ID username:test_Fjo7Unl1e2: User(id=0, username=test_Fjo7Unl1e2, password=test_Y5BB82qJSj, roles=Roles(role=[Role(roleId=USER_ROLE, scope=p:test_FHB8GpTMaS)]))","time":{"start":1743402090901,"stop":1743402090939,"duration":38},"status":"failed","statusMessage":"1 expectation failed.\nExpected status code <200> but was <403>.\n","statusTrace":"java.lang.AssertionError: 1 expectation failed.\nExpected status code <200> but was <403>.\n\n\tat java.base/jdk.internal.reflect.GeneratedConstructorAccessor72.newInstance(Unknown Source)\n\tat java.base/jdk.internal.reflect.DelegatingConstructorAccessorImpl.newInstance(DelegatingConstructorAccessorImpl.java:45)\n\tat java.base/java.lang.reflect.Constructor.newInstanceWithCaller(Constructor.java:500)\n\tat java.base/java.lang.reflect.Constructor.newInstance(Constructor.java:481)\n\tat org.codehaus.groovy.reflection.CachedConstructor.invoke(CachedConstructor.java:73)\n\tat org.codehaus.groovy.runtime.callsite.ConstructorSite$ConstructorSiteNoUnwrapNoCoerce.callConstructor(ConstructorSite.java:108)\n\tat org.codehaus.groovy.runtime.callsite.AbstractCallSite.callConstructor(AbstractCallSite.java:277)\n\tat io.restassured.internal.ResponseSpecificationImpl$HamcrestAssertionClosure.validate(ResponseSpecificationImpl.groovy:512)\n\tat io.restassured.internal.ResponseSpecificationImpl$HamcrestAssertionClosure$validate$1.call(Unknown Source)\n\tat io.restassured.internal.ResponseSpecificationImpl.validateResponseIfRequired(ResponseSpecificationImpl.groovy:696)\n\tat io.restassured.internal.ResponseSpecificationImpl.this$2$validateResponseIfRequired(ResponseSpecificationImpl.groovy)\n\tat jdk.internal.reflect.GeneratedMethodAccessor172.invoke(Unknown Source)\n\tat java.base/jdk.internal.reflect.DelegatingMethodAccessorImpl.invoke(DelegatingMethodAccessorImpl.java:43)\n\tat java.base/java.lang.reflect.Method.invoke(Method.java:569)\n\tat org.codehaus.groovy.runtime.callsite.PlainObjectMetaMethodSite.doInvoke(PlainObjectMetaMethodSite.java:43)\n\tat org.codehaus.groovy.runtime.callsite.PogoMetaMethodSite$PogoCachedMethodSiteNoUnwrapNoCoerce.invoke(PogoMetaMethodSite.java:198)\n\tat org.codehaus.groovy.runtime.callsite.PogoMetaMethodSite.callCurrent(PogoMetaMethodSite.java:62)\n\tat org.codehaus.groovy.runtime.callsite.AbstractCallSite.callCurrent(AbstractCallSite.java:185)\n\tat io.restassured.internal.ResponseSpecificationImpl.statusCode(ResponseSpecificationImpl.groovy:135)\n\tat io.restassured.specification.ResponseSpecification$statusCode$0.callCurrent(Unknown Source)\n\tat io.restassured.internal.ResponseSpecificationImpl.statusCode(ResponseSpecificationImpl.groovy:143)\n\tat io.restassured.internal.ValidatableResponseOptionsImpl.statusCode(ValidatableResponseOptionsImpl.java:89)\n\tat com.example.teamcity.api.requests.checked.CheckedBase.validateResponse(CheckedBase.java:37)\n\tat com.example.teamcity.api.requests.checked.CheckedBase.update(CheckedBase.java:95)\n\tat com.example.teamcity.api.helpers.ApiUserHelper.updateUser(ApiUserHelper.java:64)\n\tat com.example.teamcity.api.helpers.ApiUserHelper.updateUserRole(ApiUserHelper.java:33)\n\tat com.example.teamcity.api.ProjectCrudTest.userWithRestrictedRoleCannotCreateProjectTest(ProjectCrudTest.java:510)\n\tat java.base/jdk.internal.reflect.NativeMethodAccessorImpl.invoke0(Native Method)\n\tat java.base/jdk.internal.reflect.NativeMethodAccessorImpl.invoke(NativeMethodAccessorImpl.java:77)\n\tat java.base/jdk.internal.reflect.DelegatingMethodAccessorImpl.invoke(DelegatingMethodAccessorImpl.java:43)\n\tat java.base/java.lang.reflect.Method.invoke(Method.java:569)\n\tat org.testng.internal.invokers.MethodInvocationHelper.invokeMethod(MethodInvocationHelper.java:141)\n\tat org.testng.internal.invokers.TestInvoker.invokeMethod(TestInvoker.java:686)\n\tat org.testng.internal.invokers.TestInvoker.invokeTestMethod(TestInvoker.java:230)\n\tat org.testng.internal.invokers.MethodRunner.runInSequence(MethodRunner.java:63)\n\tat org.testng.internal.invokers.TestInvoker$MethodInvocationAgent.invoke(TestInvoker.java:992)\n\tat org.testng.internal.invokers.TestInvoker.invokeTestMethods(TestInvoker.java:203)\n\tat org.testng.internal.invokers.TestMethodWorker.invokeTestMethods(TestMethodWorker.java:154)\n\tat org.testng.internal.invokers.TestMethodWorker.run(TestMethodWorker.java:134)\n\tat java.base/java.util.ArrayList.forEach(ArrayList.java:1511)\n\tat org.testng.TestRunner.privateRun(TestRunner.java:739)\n\tat org.testng.TestRunner.run(TestRunner.java:614)\n\tat org.testng.SuiteRunner.runTest(SuiteRunner.java:421)\n\tat org.testng.SuiteRunner.runSequentially(SuiteRunner.java:413)\n\tat org.testng.SuiteRunner.privateRun(SuiteRunner.java:373)\n\tat org.testng.SuiteRunner.run(SuiteRunner.java:312)\n\tat org.testng.SuiteRunnerWorker.runSuite(SuiteRunnerWorker.java:52)\n\tat org.testng.SuiteRunnerWorker.run(SuiteRunnerWorker.java:95)\n\tat org.testng.TestNG.runSuitesSequentially(TestNG.java:1274)\n\tat org.testng.TestNG.runSuitesLocally(TestNG.java:1208)\n\tat org.testng.TestNG.runSuites(TestNG.java:1112)\n\tat org.testng.TestNG.run(TestNG.java:1079)\n\tat org.apache.maven.surefire.testng.TestNGExecutor.run(TestNGExecutor.java:151)\n\tat org.apache.maven.surefire.testng.TestNGDirectoryTestSuite.executeMulti(TestNGDirectoryTestSuite.java:192)\n\tat org.apache.maven.surefire.testng.TestNGDirectoryTestSuite.execute(TestNGDirectoryTestSuite.java:93)\n\tat org.apache.maven.surefire.testng.TestNGProvider.invoke(TestNGProvider.java:155)\n\tat org.apache.maven.surefire.booter.ForkedBooter.runSuitesInProcess(ForkedBooter.java:456)\n\tat org.apache.maven.surefire.booter.ForkedBooter.execute(ForkedBooter.java:169)\n\tat org.apache.maven.surefire.booter.ForkedBooter.run(ForkedBooter.java:595)\n\tat org.apache.maven.surefire.booter.ForkedBooter.main(ForkedBooter.java:581)\n","steps":[{"name":"Update entity with locator username:test_Fjo7Unl1e2","time":{"start":1743402090901,"stop":1743402090939,"duration":38},"status":"passed","steps":[],"attachments":[],"parameters":[{"name":"locator","value":"username:test_Fjo7Unl1e2"},{"name":"model","value":"User(id=0, username=test_Fjo7Unl1e2, password=test_Y5BB82qJSj, roles=Roles(role=[Role(roleId=USER_ROLE, scope=p:test_FHB8GpTMaS)]))"}],"shouldDisplayMessage":false,"stepsCount":0,"attachmentsCount":0,"hasContent":true},{"name":"Validate response for locator 'username:test_Fjo7Unl1e2'","time":{"start":1743402090939,"stop":1743402090939,"duration":0},"status":"failed","statusMessage":"1 expectation failed.\nExpected status code <200> but was <403>.\n","statusTrace":"java.lang.AssertionError: 1 expectation failed.\nExpected status code <200> but was <403>.\n\n\tat java.base/jdk.internal.reflect.GeneratedConstructorAccessor72.newInstance(Unknown Source)\n\tat java.base/jdk.internal.reflect.DelegatingConstructorAccessorImpl.newInstance(DelegatingConstructorAccessorImpl.java:45)\n\tat java.base/java.lang.reflect.Constructor.newInstanceWithCaller(Constructor.java:500)\n\tat java.base/java.lang.reflect.Constructor.newInstance(Constructor.java:481)\n\tat org.codehaus.groovy.reflection.CachedConstructor.invoke(CachedConstructor.java:73)\n\tat org.codehaus.groovy.runtime.callsite.ConstructorSite$ConstructorSiteNoUnwrapNoCoerce.callConstructor(ConstructorSite.java:108)\n\tat org.codehaus.groovy.runtime.callsite.AbstractCallSite.callConstructor(AbstractCallSite.java:277)\n\tat io.restassured.internal.ResponseSpecificationImpl$HamcrestAssertionClosure.validate(ResponseSpecificationImpl.groovy:512)\n\tat io.restassured.internal.ResponseSpecificationImpl$HamcrestAssertionClosure$validate$1.call(Unknown Source)\n\tat io.restassured.internal.ResponseSpecificationImpl.validateResponseIfRequired(ResponseSpecificationImpl.groovy:696)\n\tat io.restassured.internal.ResponseSpecificationImpl.this$2$validateResponseIfRequired(ResponseSpecificationImpl.groovy)\n\tat jdk.internal.reflect.GeneratedMethodAccessor172.invoke(Unknown Source)\n\tat java.base/jdk.internal.reflect.DelegatingMethodAccessorImpl.invoke(DelegatingMethodAccessorImpl.java:43)\n\tat java.base/java.lang.reflect.Method.invoke(Method.java:569)\n\tat org.codehaus.groovy.runtime.callsite.PlainObjectMetaMethodSite.doInvoke(PlainObjectMetaMethodSite.java:43)\n\tat org.codehaus.groovy.runtime.callsite.PogoMetaMethodSite$PogoCachedMethodSiteNoUnwrapNoCoerce.invoke(PogoMetaMethodSite.java:198)\n\tat org.codehaus.groovy.runtime.callsite.PogoMetaMethodSite.callCurrent(PogoMetaMethodSite.java:62)\n\tat org.codehaus.groovy.runtime.callsite.AbstractCallSite.callCurrent(AbstractCallSite.java:185)\n\tat io.restassured.internal.ResponseSpecificationImpl.statusCode(ResponseSpecificationImpl.groovy:135)\n\tat io.restassured.specification.ResponseSpecification$statusCode$0.callCurrent(Unknown Source)\n\tat io.restassured.internal.ResponseSpecificationImpl.statusCode(ResponseSpecificationImpl.groovy:143)\n\tat io.restassured.internal.ValidatableResponseOptionsImpl.statusCode(ValidatableResponseOptionsImpl.java:89)\n\tat com.example.teamcity.api.requests.checked.CheckedBase.validateResponse(CheckedBase.java:37)\n\tat com.example.teamcity.api.requests.checked.CheckedBase.update(CheckedBase.java:95)\n\tat com.example.teamcity.api.helpers.ApiUserHelper.updateUser(ApiUserHelper.java:64)\n\tat com.example.teamcity.api.helpers.ApiUserHelper.updateUserRole(ApiUserHelper.java:33)\n\tat com.example.teamcity.api.ProjectCrudTest.userWithRestrictedRoleCannotCreateProjectTest(ProjectCrudTest.java:510)\n\tat java.base/jdk.internal.reflect.NativeMethodAccessorImpl.invoke0(Native Method)\n\tat java.base/jdk.internal.reflect.NativeMethodAccessorImpl.invoke(NativeMethodAccessorImpl.java:77)\n\tat java.base/jdk.internal.reflect.DelegatingMethodAccessorImpl.invoke(DelegatingMethodAccessorImpl.java:43)\n\tat java.base/java.lang.reflect.Method.invoke(Method.java:569)\n\tat org.testng.internal.invokers.MethodInvocationHelper.invokeMethod(MethodInvocationHelper.java:141)\n\tat org.testng.internal.invokers.TestInvoker.invokeMethod(TestInvoker.java:686)\n\tat org.testng.internal.invokers.TestInvoker.invokeTestMethod(TestInvoker.java:230)\n\tat org.testng.internal.invokers.MethodRunner.runInSequence(MethodRunner.java:63)\n\tat org.testng.internal.invokers.TestInvoker$MethodInvocationAgent.invoke(TestInvoker.java:992)\n\tat org.testng.internal.invokers.TestInvoker.invokeTestMethods(TestInvoker.java:203)\n\tat org.testng.internal.invokers.TestMethodWorker.invokeTestMethods(TestMethodWorker.java:154)\n\tat org.testng.internal.invokers.TestMethodWorker.run(TestMethodWorker.java:134)\n\tat java.base/java.util.ArrayList.forEach(ArrayList.java:1511)\n\tat org.testng.TestRunner.privateRun(TestRunner.java:739)\n\tat org.testng.TestRunner.run(TestRunner.java:614)\n\tat org.testng.SuiteRunner.runTest(SuiteRunner.java:421)\n\tat org.testng.SuiteRunner.runSequentially(SuiteRunner.java:413)\n\tat org.testng.SuiteRunner.privateRun(SuiteRunner.java:373)\n\tat org.testng.SuiteRunner.run(SuiteRunner.java:312)\n\tat org.testng.SuiteRunnerWorker.runSuite(SuiteRunnerWorker.java:52)\n\tat org.testng.SuiteRunnerWorker.run(SuiteRunnerWorker.java:95)\n\tat org.testng.TestNG.runSuitesSequentially(TestNG.java:1274)\n\tat org.testng.TestNG.runSuitesLocally(TestNG.java:1208)\n\tat org.testng.TestNG.runSuites(TestNG.java:1112)\n\tat org.testng.TestNG.run(TestNG.java:1079)\n\tat org.apache.maven.surefire.testng.TestNGExecutor.run(TestNGExecutor.java:151)\n\tat org.apache.maven.surefire.testng.TestNGDirectoryTestSuite.executeMulti(TestNGDirectoryTestSuite.java:192)\n\tat org.apache.maven.surefire.testng.TestNGDirectoryTestSuite.execute(TestNGDirectoryTestSuite.java:93)\n\tat org.apache.maven.surefire.testng.TestNGProvider.invoke(TestNGProvider.java:155)\n\tat org.apache.maven.surefire.booter.ForkedBooter.runSuitesInProcess(ForkedBooter.java:456)\n\tat org.apache.maven.surefire.booter.ForkedBooter.execute(ForkedBooter.java:169)\n\tat org.apache.maven.surefire.booter.ForkedBooter.run(ForkedBooter.java:595)\n\tat org.apache.maven.surefire.booter.ForkedBooter.main(ForkedBooter.java:581)\n","steps":[],"attachments":[],"parameters":[{"name":"response","value":"io.restassured.internal.RestAssuredResponseImpl@4623c0d3"},{"name":"locator","value":"username:test_Fjo7Unl1e2"}],"shouldDisplayMessage":true,"stepsCount":0,"attachmentsCount":0,"hasContent":true}],"attachments":[],"parameters":[{"name":"id","value":"username:test_Fjo7Unl1e2"},{"name":"model","value":"User(id=0, username=test_Fjo7Unl1e2, password=test_Y5BB82qJSj, roles=Roles(role=[Role(roleId=USER_ROLE, scope=p:test_FHB8GpTMaS)]))"}],"shouldDisplayMessage":false,"stepsCount":2,"attachmentsCount":0,"hasContent":true}],"attachments":[],"parameters":[{"name":"existingUser","value":"User(id=0, username=test_Fjo7Unl1e2, password=test_Y5BB82qJSj, roles=Roles(role=[Role(roleId=SYSTEM_ADMIN, scope=g)]))"},{"name":"role","value":"USER_ROLE"},{"name":"projectId","value":"test_FHB8GpTMaS"}],"shouldDisplayMessage":false,"stepsCount":4,"attachmentsCount":0,"hasContent":true}],"attachments":[],"parameters":[],"shouldDisplayMessage":false,"stepsCount":13,"attachmentsCount":0,"hasContent":true},"afterStages":[{"name":"afterTest","time":{"start":1743402090943,"stop":1743402090998,"duration":55},"description":"","status":"passed","steps":[{"name":"Delete all tracked created entities","time":{"start":1743402090943,"stop":1743402090998,"duration":55},"status":"passed","steps":[{"name":"Build request specification with super user token","time":{"start":1743402090943,"stop":1743402090943,"duration":0},"status":"passed","steps":[],"attachments":[],"parameters":[],"shouldDisplayMessage":false,"stepsCount":0,"attachmentsCount":0,"hasContent":false},{"name":"Delete entity with locator test_FHB8GpTMaS","time":{"start":1743402090943,"stop":1743402090978,"duration":35},"status":"passed","steps":[],"attachments":[],"parameters":[{"name":"locator","value":"test_FHB8GpTMaS"}],"shouldDisplayMessage":false,"stepsCount":0,"attachmentsCount":0,"hasContent":true},{"name":"Build request specification with super user token","time":{"start":1743402090978,"stop":1743402090978,"duration":0},"status":"passed","steps":[],"attachments":[],"parameters":[],"shouldDisplayMessage":false,"stepsCount":0,"attachmentsCount":0,"hasContent":false},{"name":"Delete entity with locator 66","time":{"start":1743402090978,"stop":1743402090998,"duration":20},"status":"passed","steps":[],"attachments":[],"parameters":[{"name":"locator","value":"66"}],"shouldDisplayMessage":false,"stepsCount":0,"attachmentsCount":0,"hasContent":true}],"attachments":[],"parameters":[],"shouldDisplayMessage":false,"stepsCount":4,"attachmentsCount":0,"hasContent":true}],"attachments":[],"parameters":[],"shouldDisplayMessage":false,"stepsCount":5,"attachmentsCount":0,"hasContent":true}],"labels":[{"name":"package","value":"com.example.teamcity.api.ProjectCrudTest"},{"name":"testClass","value":"com.example.teamcity.api.ProjectCrudTest"},{"name":"testMethod","value":"userWithRestrictedRoleCannotCreateProjectTest"},{"name":"parentSuite","value":"Surefire suite"},{"name":"suite","value":"Surefire test"},{"name":"subSuite","value":"com.example.teamcity.api.ProjectCrudTest"},{"name":"host","value":"fv-az1335-82"},{"name":"thread","value":"4127@fv-az1335-82.main(1)"},{"name":"framework","value":"testng"},{"name":"language","value":"java"},{"name":"resultFormat","value":"allure2"}],"parameters":[{"name":"arg0","value":"USER_ROLE"}],"links":[],"hidden":false,"retry":false,"extra":{"severity":"normal","retries":[],"categories":[{"name":"Product defects","matchedStatuses":[],"flaky":false}],"tags":[]},"source":"be012cf67f569327.json","parameterValues":["USER_ROLE"]}