{"uid":"fce518d37481ee6c","name":"User with restricted role should not be able to create a project","fullName":"com.example.teamcity.api.ProjectCrudTest.userWithRestrictedRoleCannotCreateProjectTest","historyId":"86cec93c07c69fac833d83f6cfe46881","time":{"start":1743402090590,"stop":1743402090746,"duration":156},"status":"failed","statusMessage":"1 expectation failed.\nExpected status code <200> but was <403>.\n","statusTrace":"java.lang.AssertionError: 1 expectation failed.\nExpected status code <200> but was <403>.\n\n\tat java.base/jdk.internal.reflect.GeneratedConstructorAccessor72.newInstance(Unknown Source)\n\tat java.base/jdk.internal.reflect.DelegatingConstructorAccessorImpl.newInstance(DelegatingConstructorAccessorImpl.java:45)\n\tat java.base/java.lang.reflect.Constructor.newInstanceWithCaller(Constructor.java:500)\n\tat java.base/java.lang.reflect.Constructor.newInstance(Constructor.java:481)\n\tat org.codehaus.groovy.reflection.CachedConstructor.invoke(CachedConstructor.java:73)\n\tat org.codehaus.groovy.runtime.callsite.ConstructorSite$ConstructorSiteNoUnwrapNoCoerce.callConstructor(ConstructorSite.java:108)\n\tat org.codehaus.groovy.runtime.callsite.AbstractCallSite.callConstructor(AbstractCallSite.java:277)\n\tat io.restassured.internal.ResponseSpecificationImpl$HamcrestAssertionClosure.validate(ResponseSpecificationImpl.groovy:512)\n\tat io.restassured.internal.ResponseSpecificationImpl$HamcrestAssertionClosure$validate$1.call(Unknown Source)\n\tat io.restassured.internal.ResponseSpecificationImpl.validateResponseIfRequired(ResponseSpecificationImpl.groovy:696)\n\tat io.restassured.internal.ResponseSpecificationImpl.this$2$validateResponseIfRequired(ResponseSpecificationImpl.groovy)\n\tat jdk.internal.reflect.GeneratedMethodAccessor172.invoke(Unknown Source)\n\tat java.base/jdk.internal.reflect.DelegatingMethodAccessorImpl.invoke(DelegatingMethodAccessorImpl.java:43)\n\tat java.base/java.lang.reflect.Method.invoke(Method.java:569)\n\tat org.codehaus.groovy.runtime.callsite.PlainObjectMetaMethodSite.doInvoke(PlainObjectMetaMethodSite.java:43)\n\tat org.codehaus.groovy.runtime.callsite.PogoMetaMethodSite$PogoCachedMethodSiteNoUnwrapNoCoerce.invoke(PogoMetaMethodSite.java:198)\n\tat org.codehaus.groovy.runtime.callsite.PogoMetaMethodSite.callCurrent(PogoMetaMethodSite.java:62)\n\tat org.codehaus.groovy.runtime.callsite.AbstractCallSite.callCurrent(AbstractCallSite.java:185)\n\tat io.restassured.internal.ResponseSpecificationImpl.statusCode(ResponseSpecificationImpl.groovy:135)\n\tat io.restassured.specification.ResponseSpecification$statusCode$0.callCurrent(Unknown Source)\n\tat io.restassured.internal.ResponseSpecificationImpl.statusCode(ResponseSpecificationImpl.groovy:143)\n\tat io.restassured.internal.ValidatableResponseOptionsImpl.statusCode(ValidatableResponseOptionsImpl.java:89)\n\tat com.example.teamcity.api.requests.checked.CheckedBase.validateResponse(CheckedBase.java:37)\n\tat com.example.teamcity.api.requests.checked.CheckedBase.update(CheckedBase.java:95)\n\tat com.example.teamcity.api.helpers.ApiUserHelper.updateUser(ApiUserHelper.java:64)\n\tat com.example.teamcity.api.helpers.ApiUserHelper.updateUserRole(ApiUserHelper.java:33)\n\tat com.example.teamcity.api.ProjectCrudTest.userWithRestrictedRoleCannotCreateProjectTest(ProjectCrudTest.java:510)\n\tat java.base/jdk.internal.reflect.NativeMethodAccessorImpl.invoke0(Native Method)\n\tat java.base/jdk.internal.reflect.NativeMethodAccessorImpl.invoke(NativeMethodAccessorImpl.java:77)\n\tat java.base/jdk.internal.reflect.DelegatingMethodAccessorImpl.invoke(DelegatingMethodAccessorImpl.java:43)\n\tat java.base/java.lang.reflect.Method.invoke(Method.java:569)\n\tat org.testng.internal.invokers.MethodInvocationHelper.invokeMethod(MethodInvocationHelper.java:141)\n\tat org.testng.internal.invokers.TestInvoker.invokeMethod(TestInvoker.java:686)\n\tat org.testng.internal.invokers.TestInvoker.invokeTestMethod(TestInvoker.java:230)\n\tat org.testng.internal.invokers.MethodRunner.runInSequence(MethodRunner.java:63)\n\tat org.testng.internal.invokers.TestInvoker$MethodInvocationAgent.invoke(TestInvoker.java:992)\n\tat org.testng.internal.invokers.TestInvoker.invokeTestMethods(TestInvoker.java:203)\n\tat org.testng.internal.invokers.TestMethodWorker.invokeTestMethods(TestMethodWorker.java:154)\n\tat org.testng.internal.invokers.TestMethodWorker.run(TestMethodWorker.java:134)\n\tat java.base/java.util.ArrayList.forEach(ArrayList.java:1511)\n\tat org.testng.TestRunner.privateRun(TestRunner.java:739)\n\tat org.testng.TestRunner.run(TestRunner.java:614)\n\tat org.testng.SuiteRunner.runTest(SuiteRunner.java:421)\n\tat org.testng.SuiteRunner.runSequentially(SuiteRunner.java:413)\n\tat org.testng.SuiteRunner.privateRun(SuiteRunner.java:373)\n\tat org.testng.SuiteRunner.run(SuiteRunner.java:312)\n\tat org.testng.SuiteRunnerWorker.runSuite(SuiteRunnerWorker.java:52)\n\tat org.testng.SuiteRunnerWorker.run(SuiteRunnerWorker.java:95)\n\tat org.testng.TestNG.runSuitesSequentially(TestNG.java:1274)\n\tat org.testng.TestNG.runSuitesLocally(TestNG.java:1208)\n\tat org.testng.TestNG.runSuites(TestNG.java:1112)\n\tat org.testng.TestNG.run(TestNG.java:1079)\n\tat org.apache.maven.surefire.testng.TestNGExecutor.run(TestNGExecutor.java:151)\n\tat org.apache.maven.surefire.testng.TestNGDirectoryTestSuite.executeMulti(TestNGDirectoryTestSuite.java:192)\n\tat org.apache.maven.surefire.testng.TestNGDirectoryTestSuite.execute(TestNGDirectoryTestSuite.java:93)\n\tat org.apache.maven.surefire.testng.TestNGProvider.invoke(TestNGProvider.java:155)\n\tat org.apache.maven.surefire.booter.ForkedBooter.runSuitesInProcess(ForkedBooter.java:456)\n\tat org.apache.maven.surefire.booter.ForkedBooter.execute(ForkedBooter.java:169)\n\tat org.apache.maven.surefire.booter.ForkedBooter.run(ForkedBooter.java:595)\n\tat org.apache.maven.surefire.booter.ForkedBooter.main(ForkedBooter.java:581)\n","flaky":false,"newFailed":false,"newBroken":false,"newPassed":false,"retriesCount":0,"retriesStatusChange":false,"beforeStages":[{"name":"beforeTest","time":{"start":1743402090539,"stop":1743402090539,"duration":0},"description":"","status":"passed","steps":[{"name":"Generate TestData with all nested BaseModel fields","time":{"start":1743402090539,"stop":1743402090539,"duration":0},"status":"passed","steps":[{"name":"Generate instance of class class com.example.teamcity.api.models.Project","time":{"start":1743402090539,"stop":1743402090539,"duration":0},"status":"passed","steps":[{"name":"Generate random string with default prefix","time":{"start":1743402090539,"stop":1743402090539,"duration":0},"status":"passed","steps":[],"attachments":[],"parameters":[],"shouldDisplayMessage":false,"stepsCount":0,"attachmentsCount":0,"hasContent":false},{"name":"Generate random string with default prefix","time":{"start":1743402090539,"stop":1743402090539,"duration":0},"status":"passed","steps":[],"attachments":[],"parameters":[],"shouldDisplayMessage":false,"stepsCount":0,"attachmentsCount":0,"hasContent":false}],"attachments":[],"parameters":[{"name":"generatedModels","value":"[]"},{"name":"generatorClass","value":"class com.example.teamcity.api.models.Project"},{"name":"parameters","value":"[]"}],"shouldDisplayMessage":false,"stepsCount":2,"attachmentsCount":0,"hasContent":true},{"name":"Generate instance of class class com.example.teamcity.api.models.User","time":{"start":1743402090539,"stop":1743402090539,"duration":0},"status":"passed","steps":[{"name":"Generate random string with default prefix","time":{"start":1743402090539,"stop":1743402090539,"duration":0},"status":"passed","steps":[],"attachments":[],"parameters":[],"shouldDisplayMessage":false,"stepsCount":0,"attachmentsCount":0,"hasContent":false},{"name":"Generate random string with default prefix","time":{"start":1743402090539,"stop":1743402090539,"duration":0},"status":"passed","steps":[],"attachments":[],"parameters":[],"shouldDisplayMessage":false,"stepsCount":0,"attachmentsCount":0,"hasContent":false},{"name":"Generate instance of class class com.example.teamcity.api.models.Roles","time":{"start":1743402090539,"stop":1743402090539,"duration":0},"status":"passed","steps":[{"name":"Generate instance of class class com.example.teamcity.api.models.Role","time":{"start":1743402090539,"stop":1743402090539,"duration":0},"status":"passed","steps":[],"attachments":[],"parameters":[{"name":"generatedModels","value":"[Project(id=test_1o6VBFSQzI, name=test_dUiI1279KM, parentProject=null, copyAllAssociatedSettings=null, projectsIdsMap=null, buildTypesIdsMap=null, vcsRootsIdsMap=null, sourceProject=null)]"},{"name":"generatorClass","value":"class com.example.teamcity.api.models.Role"},{"name":"parameters","value":"[]"}],"shouldDisplayMessage":false,"stepsCount":0,"attachmentsCount":0,"hasContent":true}],"attachments":[],"parameters":[{"name":"generatedModels","value":"[Project(id=test_1o6VBFSQzI, name=test_dUiI1279KM, parentProject=null, copyAllAssociatedSettings=null, projectsIdsMap=null, buildTypesIdsMap=null, vcsRootsIdsMap=null, sourceProject=null)]"},{"name":"generatorClass","value":"class com.example.teamcity.api.models.Roles"},{"name":"parameters","value":"[]"}],"shouldDisplayMessage":false,"stepsCount":1,"attachmentsCount":0,"hasContent":true}],"attachments":[],"parameters":[{"name":"generatedModels","value":"[Project(id=test_1o6VBFSQzI, name=test_dUiI1279KM, parentProject=null, copyAllAssociatedSettings=null, projectsIdsMap=null, buildTypesIdsMap=null, vcsRootsIdsMap=null, sourceProject=null)]"},{"name":"generatorClass","value":"class com.example.teamcity.api.models.User"},{"name":"parameters","value":"[]"}],"shouldDisplayMessage":false,"stepsCount":4,"attachmentsCount":0,"hasContent":true},{"name":"Generate instance of class class com.example.teamcity.api.models.BuildType","time":{"start":1743402090539,"stop":1743402090539,"duration":0},"status":"passed","steps":[{"name":"Generate random string with default prefix","time":{"start":1743402090539,"stop":1743402090539,"duration":0},"status":"passed","steps":[],"attachments":[],"parameters":[],"shouldDisplayMessage":false,"stepsCount":0,"attachmentsCount":0,"hasContent":false},{"name":"Generate random string with default prefix","time":{"start":1743402090539,"stop":1743402090539,"duration":0},"status":"passed","steps":[],"attachments":[],"parameters":[],"shouldDisplayMessage":false,"stepsCount":0,"attachmentsCount":0,"hasContent":false}],"attachments":[],"parameters":[{"name":"generatedModels","value":"[Project(id=test_1o6VBFSQzI, name=test_dUiI1279KM, parentProject=null, copyAllAssociatedSettings=null, projectsIdsMap=null, buildTypesIdsMap=null, vcsRootsIdsMap=null, sourceProject=null), User(id=0, username=test_NMCYoxxyOf, password=test_JG19uU4Zv2, roles=Roles(role=[Role(roleId=SYSTEM_ADMIN, scope=g)]))]"},{"name":"generatorClass","value":"class com.example.teamcity.api.models.BuildType"},{"name":"parameters","value":"[]"}],"shouldDisplayMessage":false,"stepsCount":2,"attachmentsCount":0,"hasContent":true}],"attachments":[],"parameters":[],"shouldDisplayMessage":false,"stepsCount":11,"attachmentsCount":0,"hasContent":true}],"attachments":[],"parameters":[],"shouldDisplayMessage":false,"stepsCount":12,"attachmentsCount":0,"hasContent":true},{"name":"configureUserRequests","time":{"start":1743402090540,"stop":1743402090587,"duration":47},"description":"","status":"passed","steps":[{"name":"Generate TestData with all nested BaseModel fields","time":{"start":1743402090540,"stop":1743402090540,"duration":0},"status":"passed","steps":[{"name":"Generate instance of class class com.example.teamcity.api.models.Project","time":{"start":1743402090540,"stop":1743402090540,"duration":0},"status":"passed","steps":[{"name":"Generate random string with default prefix","time":{"start":1743402090540,"stop":1743402090540,"duration":0},"status":"passed","steps":[],"attachments":[],"parameters":[],"shouldDisplayMessage":false,"stepsCount":0,"attachmentsCount":0,"hasContent":false},{"name":"Generate random string with default prefix","time":{"start":1743402090540,"stop":1743402090540,"duration":0},"status":"passed","steps":[],"attachments":[],"parameters":[],"shouldDisplayMessage":false,"stepsCount":0,"attachmentsCount":0,"hasContent":false}],"attachments":[],"parameters":[{"name":"generatedModels","value":"[]"},{"name":"generatorClass","value":"class com.example.teamcity.api.models.Project"},{"name":"parameters","value":"[]"}],"shouldDisplayMessage":false,"stepsCount":2,"attachmentsCount":0,"hasContent":true},{"name":"Generate instance of class class com.example.teamcity.api.models.User","time":{"start":1743402090540,"stop":1743402090540,"duration":0},"status":"passed","steps":[{"name":"Generate random string with default prefix","time":{"start":1743402090540,"stop":1743402090540,"duration":0},"status":"passed","steps":[],"attachments":[],"parameters":[],"shouldDisplayMessage":false,"stepsCount":0,"attachmentsCount":0,"hasContent":false},{"name":"Generate random string with default prefix","time":{"start":1743402090540,"stop":1743402090540,"duration":0},"status":"passed","steps":[],"attachments":[],"parameters":[],"shouldDisplayMessage":false,"stepsCount":0,"attachmentsCount":0,"hasContent":false},{"name":"Generate instance of class class com.example.teamcity.api.models.Roles","time":{"start":1743402090540,"stop":1743402090540,"duration":0},"status":"passed","steps":[{"name":"Generate instance of class class com.example.teamcity.api.models.Role","time":{"start":1743402090540,"stop":1743402090540,"duration":0},"status":"passed","steps":[],"attachments":[],"parameters":[{"name":"generatedModels","value":"[Project(id=test_38WoV0iZxQ, name=test_VrwziNU1hi, parentProject=null, copyAllAssociatedSettings=null, projectsIdsMap=null, buildTypesIdsMap=null, vcsRootsIdsMap=null, sourceProject=null)]"},{"name":"generatorClass","value":"class com.example.teamcity.api.models.Role"},{"name":"parameters","value":"[]"}],"shouldDisplayMessage":false,"stepsCount":0,"attachmentsCount":0,"hasContent":true}],"attachments":[],"parameters":[{"name":"generatedModels","value":"[Project(id=test_38WoV0iZxQ, name=test_VrwziNU1hi, parentProject=null, copyAllAssociatedSettings=null, projectsIdsMap=null, buildTypesIdsMap=null, vcsRootsIdsMap=null, sourceProject=null)]"},{"name":"generatorClass","value":"class com.example.teamcity.api.models.Roles"},{"name":"parameters","value":"[]"}],"shouldDisplayMessage":false,"stepsCount":1,"attachmentsCount":0,"hasContent":true}],"attachments":[],"parameters":[{"name":"generatedModels","value":"[Project(id=test_38WoV0iZxQ, name=test_VrwziNU1hi, parentProject=null, copyAllAssociatedSettings=null, projectsIdsMap=null, buildTypesIdsMap=null, vcsRootsIdsMap=null, sourceProject=null)]"},{"name":"generatorClass","value":"class com.example.teamcity.api.models.User"},{"name":"parameters","value":"[]"}],"shouldDisplayMessage":false,"stepsCount":4,"attachmentsCount":0,"hasContent":true},{"name":"Generate instance of class class com.example.teamcity.api.models.BuildType","time":{"start":1743402090540,"stop":1743402090540,"duration":0},"status":"passed","steps":[{"name":"Generate random string with default prefix","time":{"start":1743402090540,"stop":1743402090540,"duration":0},"status":"passed","steps":[],"attachments":[],"parameters":[],"shouldDisplayMessage":false,"stepsCount":0,"attachmentsCount":0,"hasContent":false},{"name":"Generate random string with default prefix","time":{"start":1743402090540,"stop":1743402090540,"duration":0},"status":"passed","steps":[],"attachments":[],"parameters":[],"shouldDisplayMessage":false,"stepsCount":0,"attachmentsCount":0,"hasContent":false}],"attachments":[],"parameters":[{"name":"generatedModels","value":"[Project(id=test_38WoV0iZxQ, name=test_VrwziNU1hi, parentProject=null, copyAllAssociatedSettings=null, projectsIdsMap=null, buildTypesIdsMap=null, vcsRootsIdsMap=null, sourceProject=null), User(id=0, username=test_XqrcgjE8Zu, password=test_at5cLnVG5p, roles=Roles(role=[Role(roleId=SYSTEM_ADMIN, scope=g)]))]"},{"name":"generatorClass","value":"class com.example.teamcity.api.models.BuildType"},{"name":"parameters","value":"[]"}],"shouldDisplayMessage":false,"stepsCount":2,"attachmentsCount":0,"hasContent":true}],"attachments":[],"parameters":[],"shouldDisplayMessage":false,"stepsCount":11,"attachmentsCount":0,"hasContent":true},{"name":"Get UncheckedBase for USERS","time":{"start":1743402090540,"stop":1743402090540,"duration":0},"status":"passed","steps":[],"attachments":[],"parameters":[{"name":"apiEndpoint","value":"USERS"}],"shouldDisplayMessage":false,"stepsCount":0,"attachmentsCount":0,"hasContent":true},{"name":"Create entity: User(id=0, username=test_XqrcgjE8Zu, password=test_at5cLnVG5p, roles=Roles(role=[Role(roleId=SYSTEM_ADMIN, scope=g)]))","time":{"start":1743402090540,"stop":1743402090584,"duration":44},"status":"passed","steps":[],"attachments":[],"parameters":[{"name":"model","value":"User(id=0, username=test_XqrcgjE8Zu, password=test_at5cLnVG5p, roles=Roles(role=[Role(roleId=SYSTEM_ADMIN, scope=g)]))"}],"shouldDisplayMessage":false,"stepsCount":0,"attachmentsCount":0,"hasContent":true},{"name":"Extract single model of type class com.example.teamcity.api.models.User","time":{"start":1743402090584,"stop":1743402090586,"duration":2},"status":"passed","steps":[],"attachments":[],"parameters":[{"name":"response","value":"io.restassured.internal.RestAssuredResponseImpl@64514009"},{"name":"modelClass","value":"class com.example.teamcity.api.models.User"}],"shouldDisplayMessage":false,"stepsCount":0,"attachmentsCount":0,"hasContent":true},{"name":"Add created entity with ID '65' to storage under USERS","time":{"start":1743402090586,"stop":1743402090586,"duration":0},"status":"passed","steps":[],"attachments":[],"parameters":[{"name":"apiEndpoint","value":"USERS"},{"name":"id","value":"65"}],"shouldDisplayMessage":false,"stepsCount":0,"attachmentsCount":0,"hasContent":true},{"name":"Build request specification with user authentication","time":{"start":1743402090586,"stop":1743402090586,"duration":0},"status":"passed","steps":[],"attachments":[],"parameters":[{"name":"user","value":"User(id=0, username=test_XqrcgjE8Zu, password=test_at5cLnVG5p, roles=Roles(role=[Role(roleId=SYSTEM_ADMIN, scope=g)]))"}],"shouldDisplayMessage":false,"stepsCount":0,"attachmentsCount":0,"hasContent":true},{"name":"Build request specification with user authentication","time":{"start":1743402090586,"stop":1743402090587,"duration":1},"status":"passed","steps":[],"attachments":[],"parameters":[{"name":"user","value":"User(id=0, username=test_XqrcgjE8Zu, password=test_at5cLnVG5p, roles=Roles(role=[Role(roleId=SYSTEM_ADMIN, scope=g)]))"}],"shouldDisplayMessage":false,"stepsCount":0,"attachmentsCount":0,"hasContent":true}],"attachments":[],"parameters":[],"shouldDisplayMessage":false,"stepsCount":18,"attachmentsCount":0,"hasContent":true}],"testStage":{"status":"failed","statusMessage":"1 expectation failed.\nExpected status code <200> but was <403>.\n","statusTrace":"java.lang.AssertionError: 1 expectation failed.\nExpected status code <200> but was <403>.\n\n\tat java.base/jdk.internal.reflect.GeneratedConstructorAccessor72.newInstance(Unknown Source)\n\tat java.base/jdk.internal.reflect.DelegatingConstructorAccessorImpl.newInstance(DelegatingConstructorAccessorImpl.java:45)\n\tat java.base/java.lang.reflect.Constructor.newInstanceWithCaller(Constructor.java:500)\n\tat java.base/java.lang.reflect.Constructor.newInstance(Constructor.java:481)\n\tat org.codehaus.groovy.reflection.CachedConstructor.invoke(CachedConstructor.java:73)\n\tat org.codehaus.groovy.runtime.callsite.ConstructorSite$ConstructorSiteNoUnwrapNoCoerce.callConstructor(ConstructorSite.java:108)\n\tat org.codehaus.groovy.runtime.callsite.AbstractCallSite.callConstructor(AbstractCallSite.java:277)\n\tat io.restassured.internal.ResponseSpecificationImpl$HamcrestAssertionClosure.validate(ResponseSpecificationImpl.groovy:512)\n\tat io.restassured.internal.ResponseSpecificationImpl$HamcrestAssertionClosure$validate$1.call(Unknown Source)\n\tat io.restassured.internal.ResponseSpecificationImpl.validateResponseIfRequired(ResponseSpecificationImpl.groovy:696)\n\tat io.restassured.internal.ResponseSpecificationImpl.this$2$validateResponseIfRequired(ResponseSpecificationImpl.groovy)\n\tat jdk.internal.reflect.GeneratedMethodAccessor172.invoke(Unknown Source)\n\tat java.base/jdk.internal.reflect.DelegatingMethodAccessorImpl.invoke(DelegatingMethodAccessorImpl.java:43)\n\tat java.base/java.lang.reflect.Method.invoke(Method.java:569)\n\tat org.codehaus.groovy.runtime.callsite.PlainObjectMetaMethodSite.doInvoke(PlainObjectMetaMethodSite.java:43)\n\tat org.codehaus.groovy.runtime.callsite.PogoMetaMethodSite$PogoCachedMethodSiteNoUnwrapNoCoerce.invoke(PogoMetaMethodSite.java:198)\n\tat org.codehaus.groovy.runtime.callsite.PogoMetaMethodSite.callCurrent(PogoMetaMethodSite.java:62)\n\tat org.codehaus.groovy.runtime.callsite.AbstractCallSite.callCurrent(AbstractCallSite.java:185)\n\tat io.restassured.internal.ResponseSpecificationImpl.statusCode(ResponseSpecificationImpl.groovy:135)\n\tat io.restassured.specification.ResponseSpecification$statusCode$0.callCurrent(Unknown Source)\n\tat io.restassured.internal.ResponseSpecificationImpl.statusCode(ResponseSpecificationImpl.groovy:143)\n\tat io.restassured.internal.ValidatableResponseOptionsImpl.statusCode(ValidatableResponseOptionsImpl.java:89)\n\tat com.example.teamcity.api.requests.checked.CheckedBase.validateResponse(CheckedBase.java:37)\n\tat com.example.teamcity.api.requests.checked.CheckedBase.update(CheckedBase.java:95)\n\tat com.example.teamcity.api.helpers.ApiUserHelper.updateUser(ApiUserHelper.java:64)\n\tat com.example.teamcity.api.helpers.ApiUserHelper.updateUserRole(ApiUserHelper.java:33)\n\tat com.example.teamcity.api.ProjectCrudTest.userWithRestrictedRoleCannotCreateProjectTest(ProjectCrudTest.java:510)\n\tat java.base/jdk.internal.reflect.NativeMethodAccessorImpl.invoke0(Native Method)\n\tat java.base/jdk.internal.reflect.NativeMethodAccessorImpl.invoke(NativeMethodAccessorImpl.java:77)\n\tat java.base/jdk.internal.reflect.DelegatingMethodAccessorImpl.invoke(DelegatingMethodAccessorImpl.java:43)\n\tat java.base/java.lang.reflect.Method.invoke(Method.java:569)\n\tat org.testng.internal.invokers.MethodInvocationHelper.invokeMethod(MethodInvocationHelper.java:141)\n\tat org.testng.internal.invokers.TestInvoker.invokeMethod(TestInvoker.java:686)\n\tat org.testng.internal.invokers.TestInvoker.invokeTestMethod(TestInvoker.java:230)\n\tat org.testng.internal.invokers.MethodRunner.runInSequence(MethodRunner.java:63)\n\tat org.testng.internal.invokers.TestInvoker$MethodInvocationAgent.invoke(TestInvoker.java:992)\n\tat org.testng.internal.invokers.TestInvoker.invokeTestMethods(TestInvoker.java:203)\n\tat org.testng.internal.invokers.TestMethodWorker.invokeTestMethods(TestMethodWorker.java:154)\n\tat org.testng.internal.invokers.TestMethodWorker.run(TestMethodWorker.java:134)\n\tat java.base/java.util.ArrayList.forEach(ArrayList.java:1511)\n\tat org.testng.TestRunner.privateRun(TestRunner.java:739)\n\tat org.testng.TestRunner.run(TestRunner.java:614)\n\tat org.testng.SuiteRunner.runTest(SuiteRunner.java:421)\n\tat org.testng.SuiteRunner.runSequentially(SuiteRunner.java:413)\n\tat org.testng.SuiteRunner.privateRun(SuiteRunner.java:373)\n\tat org.testng.SuiteRunner.run(SuiteRunner.java:312)\n\tat org.testng.SuiteRunnerWorker.runSuite(SuiteRunnerWorker.java:52)\n\tat org.testng.SuiteRunnerWorker.run(SuiteRunnerWorker.java:95)\n\tat org.testng.TestNG.runSuitesSequentially(TestNG.java:1274)\n\tat org.testng.TestNG.runSuitesLocally(TestNG.java:1208)\n\tat org.testng.TestNG.runSuites(TestNG.java:1112)\n\tat org.testng.TestNG.run(TestNG.java:1079)\n\tat org.apache.maven.surefire.testng.TestNGExecutor.run(TestNGExecutor.java:151)\n\tat org.apache.maven.surefire.testng.TestNGDirectoryTestSuite.executeMulti(TestNGDirectoryTestSuite.java:192)\n\tat org.apache.maven.surefire.testng.TestNGDirectoryTestSuite.execute(TestNGDirectoryTestSuite.java:93)\n\tat org.apache.maven.surefire.testng.TestNGProvider.invoke(TestNGProvider.java:155)\n\tat org.apache.maven.surefire.booter.ForkedBooter.runSuitesInProcess(ForkedBooter.java:456)\n\tat org.apache.maven.surefire.booter.ForkedBooter.execute(ForkedBooter.java:169)\n\tat org.apache.maven.surefire.booter.ForkedBooter.run(ForkedBooter.java:595)\n\tat org.apache.maven.surefire.booter.ForkedBooter.main(ForkedBooter.java:581)\n","steps":[{"name":"Create single project: test_VrwziNU1hi","time":{"start":1743402090591,"stop":1743402090643,"duration":52},"status":"passed","steps":[{"name":"Get CheckedBase for PROJECTS","time":{"start":1743402090591,"stop":1743402090591,"duration":0},"status":"passed","steps":[],"attachments":[],"parameters":[{"name":"apiEndpoint","value":"PROJECTS"}],"shouldDisplayMessage":false,"stepsCount":0,"attachmentsCount":0,"hasContent":true},{"name":"Create entity: Project(id=test_38WoV0iZxQ, name=test_VrwziNU1hi, parentProject=null, copyAllAssociatedSettings=null, projectsIdsMap=null, buildTypesIdsMap=null, vcsRootsIdsMap=null, sourceProject=null)","time":{"start":1743402090591,"stop":1743402090642,"duration":51},"status":"passed","steps":[{"name":"Create entity: Project(id=test_38WoV0iZxQ, name=test_VrwziNU1hi, parentProject=null, copyAllAssociatedSettings=null, projectsIdsMap=null, buildTypesIdsMap=null, vcsRootsIdsMap=null, sourceProject=null)","time":{"start":1743402090591,"stop":1743402090635,"duration":44},"status":"passed","steps":[],"attachments":[],"parameters":[{"name":"model","value":"Project(id=test_38WoV0iZxQ, name=test_VrwziNU1hi, parentProject=null, copyAllAssociatedSettings=null, projectsIdsMap=null, buildTypesIdsMap=null, vcsRootsIdsMap=null, sourceProject=null)"}],"shouldDisplayMessage":false,"stepsCount":0,"attachmentsCount":0,"hasContent":true},{"name":"Validate response for locator 'Project(id=test_38WoV0iZxQ, name=test_VrwziNU1hi, parentProject=null, copyAllAssociatedSettings=null, projectsIdsMap=null, buildTypesIdsMap=null, vcsRootsIdsMap=null, sourceProject=null)'","time":{"start":1743402090635,"stop":1743402090635,"duration":0},"status":"passed","steps":[],"attachments":[],"parameters":[{"name":"response","value":"io.restassured.internal.RestAssuredResponseImpl@1170d81f"},{"name":"locator","value":"Project(id=test_38WoV0iZxQ, name=test_VrwziNU1hi, parentProject=null, copyAllAssociatedSettings=null, projectsIdsMap=null, buildTypesIdsMap=null, vcsRootsIdsMap=null, sourceProject=null)"}],"shouldDisplayMessage":false,"stepsCount":0,"attachmentsCount":0,"hasContent":true},{"name":"Add created entity by model under PROJECTS","time":{"start":1743402090642,"stop":1743402090642,"duration":0},"status":"passed","steps":[{"name":"Add created entity with ID 'test_38WoV0iZxQ' to storage under PROJECTS","time":{"start":1743402090642,"stop":1743402090642,"duration":0},"status":"passed","steps":[],"attachments":[],"parameters":[{"name":"apiEndpoint","value":"PROJECTS"},{"name":"id","value":"test_38WoV0iZxQ"}],"shouldDisplayMessage":false,"stepsCount":0,"attachmentsCount":0,"hasContent":true}],"attachments":[],"parameters":[{"name":"apiEndpoint","value":"PROJECTS"},{"name":"model","value":"Project(id=test_38WoV0iZxQ, name=test_VrwziNU1hi, parentProject=ParentProject(id=_Root, locator=null), copyAllAssociatedSettings=null, projectsIdsMap=null, buildTypesIdsMap=null, vcsRootsIdsMap=null, sourceProject=null)"}],"shouldDisplayMessage":false,"stepsCount":1,"attachmentsCount":0,"hasContent":true}],"attachments":[],"parameters":[{"name":"model","value":"Project(id=test_38WoV0iZxQ, name=test_VrwziNU1hi, parentProject=null, copyAllAssociatedSettings=null, projectsIdsMap=null, buildTypesIdsMap=null, vcsRootsIdsMap=null, sourceProject=null)"}],"shouldDisplayMessage":false,"stepsCount":4,"attachmentsCount":0,"hasContent":true},{"name":"Extract single model of type class com.example.teamcity.api.models.Project","time":{"start":1743402090642,"stop":1743402090643,"duration":1},"status":"passed","steps":[],"attachments":[],"parameters":[{"name":"response","value":"io.restassured.internal.RestAssuredResponseImpl@1170d81f"},{"name":"modelClass","value":"class com.example.teamcity.api.models.Project"}],"shouldDisplayMessage":false,"stepsCount":0,"attachmentsCount":0,"hasContent":true}],"attachments":[],"parameters":[{"name":"request","value":"com.example.teamcity.api.requests.CheckedRequest@1cb58c8a"},{"name":"project","value":"Project(id=test_38WoV0iZxQ, name=test_VrwziNU1hi, parentProject=null, copyAllAssociatedSettings=null, projectsIdsMap=null, buildTypesIdsMap=null, vcsRootsIdsMap=null, sourceProject=null)"}],"shouldDisplayMessage":false,"stepsCount":7,"attachmentsCount":0,"hasContent":true},{"name":"Update user role to GUEST_ROLE in project test_38WoV0iZxQ","time":{"start":1743402090643,"stop":1743402090746,"duration":103},"status":"failed","statusMessage":"1 expectation failed.\nExpected status code <200> but was <403>.\n","statusTrace":"java.lang.AssertionError: 1 expectation failed.\nExpected status code <200> but was <403>.\n\n\tat java.base/jdk.internal.reflect.GeneratedConstructorAccessor72.newInstance(Unknown Source)\n\tat java.base/jdk.internal.reflect.DelegatingConstructorAccessorImpl.newInstance(DelegatingConstructorAccessorImpl.java:45)\n\tat java.base/java.lang.reflect.Constructor.newInstanceWithCaller(Constructor.java:500)\n\tat java.base/java.lang.reflect.Constructor.newInstance(Constructor.java:481)\n\tat org.codehaus.groovy.reflection.CachedConstructor.invoke(CachedConstructor.java:73)\n\tat org.codehaus.groovy.runtime.callsite.ConstructorSite$ConstructorSiteNoUnwrapNoCoerce.callConstructor(ConstructorSite.java:108)\n\tat org.codehaus.groovy.runtime.callsite.AbstractCallSite.callConstructor(AbstractCallSite.java:277)\n\tat io.restassured.internal.ResponseSpecificationImpl$HamcrestAssertionClosure.validate(ResponseSpecificationImpl.groovy:512)\n\tat io.restassured.internal.ResponseSpecificationImpl$HamcrestAssertionClosure$validate$1.call(Unknown Source)\n\tat io.restassured.internal.ResponseSpecificationImpl.validateResponseIfRequired(ResponseSpecificationImpl.groovy:696)\n\tat io.restassured.internal.ResponseSpecificationImpl.this$2$validateResponseIfRequired(ResponseSpecificationImpl.groovy)\n\tat jdk.internal.reflect.GeneratedMethodAccessor172.invoke(Unknown Source)\n\tat java.base/jdk.internal.reflect.DelegatingMethodAccessorImpl.invoke(DelegatingMethodAccessorImpl.java:43)\n\tat java.base/java.lang.reflect.Method.invoke(Method.java:569)\n\tat org.codehaus.groovy.runtime.callsite.PlainObjectMetaMethodSite.doInvoke(PlainObjectMetaMethodSite.java:43)\n\tat org.codehaus.groovy.runtime.callsite.PogoMetaMethodSite$PogoCachedMethodSiteNoUnwrapNoCoerce.invoke(PogoMetaMethodSite.java:198)\n\tat org.codehaus.groovy.runtime.callsite.PogoMetaMethodSite.callCurrent(PogoMetaMethodSite.java:62)\n\tat org.codehaus.groovy.runtime.callsite.AbstractCallSite.callCurrent(AbstractCallSite.java:185)\n\tat io.restassured.internal.ResponseSpecificationImpl.statusCode(ResponseSpecificationImpl.groovy:135)\n\tat io.restassured.specification.ResponseSpecification$statusCode$0.callCurrent(Unknown Source)\n\tat io.restassured.internal.ResponseSpecificationImpl.statusCode(ResponseSpecificationImpl.groovy:143)\n\tat io.restassured.internal.ValidatableResponseOptionsImpl.statusCode(ValidatableResponseOptionsImpl.java:89)\n\tat com.example.teamcity.api.requests.checked.CheckedBase.validateResponse(CheckedBase.java:37)\n\tat com.example.teamcity.api.requests.checked.CheckedBase.update(CheckedBase.java:95)\n\tat com.example.teamcity.api.helpers.ApiUserHelper.updateUser(ApiUserHelper.java:64)\n\tat com.example.teamcity.api.helpers.ApiUserHelper.updateUserRole(ApiUserHelper.java:33)\n\tat com.example.teamcity.api.ProjectCrudTest.userWithRestrictedRoleCannotCreateProjectTest(ProjectCrudTest.java:510)\n\tat java.base/jdk.internal.reflect.NativeMethodAccessorImpl.invoke0(Native Method)\n\tat java.base/jdk.internal.reflect.NativeMethodAccessorImpl.invoke(NativeMethodAccessorImpl.java:77)\n\tat java.base/jdk.internal.reflect.DelegatingMethodAccessorImpl.invoke(DelegatingMethodAccessorImpl.java:43)\n\tat java.base/java.lang.reflect.Method.invoke(Method.java:569)\n\tat org.testng.internal.invokers.MethodInvocationHelper.invokeMethod(MethodInvocationHelper.java:141)\n\tat org.testng.internal.invokers.TestInvoker.invokeMethod(TestInvoker.java:686)\n\tat org.testng.internal.invokers.TestInvoker.invokeTestMethod(TestInvoker.java:230)\n\tat org.testng.internal.invokers.MethodRunner.runInSequence(MethodRunner.java:63)\n\tat org.testng.internal.invokers.TestInvoker$MethodInvocationAgent.invoke(TestInvoker.java:992)\n\tat org.testng.internal.invokers.TestInvoker.invokeTestMethods(TestInvoker.java:203)\n\tat org.testng.internal.invokers.TestMethodWorker.invokeTestMethods(TestMethodWorker.java:154)\n\tat org.testng.internal.invokers.TestMethodWorker.run(TestMethodWorker.java:134)\n\tat java.base/java.util.ArrayList.forEach(ArrayList.java:1511)\n\tat org.testng.TestRunner.privateRun(TestRunner.java:739)\n\tat org.testng.TestRunner.run(TestRunner.java:614)\n\tat org.testng.SuiteRunner.runTest(SuiteRunner.java:421)\n\tat org.testng.SuiteRunner.runSequentially(SuiteRunner.java:413)\n\tat org.testng.SuiteRunner.privateRun(SuiteRunner.java:373)\n\tat org.testng.SuiteRunner.run(SuiteRunner.java:312)\n\tat org.testng.SuiteRunnerWorker.runSuite(SuiteRunnerWorker.java:52)\n\tat org.testng.SuiteRunnerWorker.run(SuiteRunnerWorker.java:95)\n\tat org.testng.TestNG.runSuitesSequentially(TestNG.java:1274)\n\tat org.testng.TestNG.runSuitesLocally(TestNG.java:1208)\n\tat org.testng.TestNG.runSuites(TestNG.java:1112)\n\tat org.testng.TestNG.run(TestNG.java:1079)\n\tat org.apache.maven.surefire.testng.TestNGExecutor.run(TestNGExecutor.java:151)\n\tat org.apache.maven.surefire.testng.TestNGDirectoryTestSuite.executeMulti(TestNGDirectoryTestSuite.java:192)\n\tat org.apache.maven.surefire.testng.TestNGDirectoryTestSuite.execute(TestNGDirectoryTestSuite.java:93)\n\tat org.apache.maven.surefire.testng.TestNGProvider.invoke(TestNGProvider.java:155)\n\tat org.apache.maven.surefire.booter.ForkedBooter.runSuitesInProcess(ForkedBooter.java:456)\n\tat org.apache.maven.surefire.booter.ForkedBooter.execute(ForkedBooter.java:169)\n\tat org.apache.maven.surefire.booter.ForkedBooter.run(ForkedBooter.java:595)\n\tat org.apache.maven.surefire.booter.ForkedBooter.main(ForkedBooter.java:581)\n","steps":[{"name":"Get CheckedBase for USERS with validation against class class com.example.teamcity.api.models.User","time":{"start":1743402090643,"stop":1743402090643,"duration":0},"status":"passed","steps":[],"attachments":[],"parameters":[{"name":"apiEndpoint","value":"USERS"},{"name":"modelClass","value":"class com.example.teamcity.api.models.User"}],"shouldDisplayMessage":false,"stepsCount":0,"attachmentsCount":0,"hasContent":true},{"name":"Update entity with ID username:test_XqrcgjE8Zu: User(id=0, username=test_XqrcgjE8Zu, password=test_at5cLnVG5p, roles=Roles(role=[Role(roleId=GUEST_ROLE, scope=p:test_38WoV0iZxQ)]))","time":{"start":1743402090643,"stop":1743402090746,"duration":103},"status":"failed","statusMessage":"1 expectation failed.\nExpected status code <200> but was <403>.\n","statusTrace":"java.lang.AssertionError: 1 expectation failed.\nExpected status code <200> but was <403>.\n\n\tat java.base/jdk.internal.reflect.GeneratedConstructorAccessor72.newInstance(Unknown Source)\n\tat java.base/jdk.internal.reflect.DelegatingConstructorAccessorImpl.newInstance(DelegatingConstructorAccessorImpl.java:45)\n\tat java.base/java.lang.reflect.Constructor.newInstanceWithCaller(Constructor.java:500)\n\tat java.base/java.lang.reflect.Constructor.newInstance(Constructor.java:481)\n\tat org.codehaus.groovy.reflection.CachedConstructor.invoke(CachedConstructor.java:73)\n\tat org.codehaus.groovy.runtime.callsite.ConstructorSite$ConstructorSiteNoUnwrapNoCoerce.callConstructor(ConstructorSite.java:108)\n\tat org.codehaus.groovy.runtime.callsite.AbstractCallSite.callConstructor(AbstractCallSite.java:277)\n\tat io.restassured.internal.ResponseSpecificationImpl$HamcrestAssertionClosure.validate(ResponseSpecificationImpl.groovy:512)\n\tat io.restassured.internal.ResponseSpecificationImpl$HamcrestAssertionClosure$validate$1.call(Unknown Source)\n\tat io.restassured.internal.ResponseSpecificationImpl.validateResponseIfRequired(ResponseSpecificationImpl.groovy:696)\n\tat io.restassured.internal.ResponseSpecificationImpl.this$2$validateResponseIfRequired(ResponseSpecificationImpl.groovy)\n\tat jdk.internal.reflect.GeneratedMethodAccessor172.invoke(Unknown Source)\n\tat java.base/jdk.internal.reflect.DelegatingMethodAccessorImpl.invoke(DelegatingMethodAccessorImpl.java:43)\n\tat java.base/java.lang.reflect.Method.invoke(Method.java:569)\n\tat org.codehaus.groovy.runtime.callsite.PlainObjectMetaMethodSite.doInvoke(PlainObjectMetaMethodSite.java:43)\n\tat org.codehaus.groovy.runtime.callsite.PogoMetaMethodSite$PogoCachedMethodSiteNoUnwrapNoCoerce.invoke(PogoMetaMethodSite.java:198)\n\tat org.codehaus.groovy.runtime.callsite.PogoMetaMethodSite.callCurrent(PogoMetaMethodSite.java:62)\n\tat org.codehaus.groovy.runtime.callsite.AbstractCallSite.callCurrent(AbstractCallSite.java:185)\n\tat io.restassured.internal.ResponseSpecificationImpl.statusCode(ResponseSpecificationImpl.groovy:135)\n\tat io.restassured.specification.ResponseSpecification$statusCode$0.callCurrent(Unknown Source)\n\tat io.restassured.internal.ResponseSpecificationImpl.statusCode(ResponseSpecificationImpl.groovy:143)\n\tat io.restassured.internal.ValidatableResponseOptionsImpl.statusCode(ValidatableResponseOptionsImpl.java:89)\n\tat com.example.teamcity.api.requests.checked.CheckedBase.validateResponse(CheckedBase.java:37)\n\tat com.example.teamcity.api.requests.checked.CheckedBase.update(CheckedBase.java:95)\n\tat com.example.teamcity.api.helpers.ApiUserHelper.updateUser(ApiUserHelper.java:64)\n\tat com.example.teamcity.api.helpers.ApiUserHelper.updateUserRole(ApiUserHelper.java:33)\n\tat com.example.teamcity.api.ProjectCrudTest.userWithRestrictedRoleCannotCreateProjectTest(ProjectCrudTest.java:510)\n\tat java.base/jdk.internal.reflect.NativeMethodAccessorImpl.invoke0(Native Method)\n\tat java.base/jdk.internal.reflect.NativeMethodAccessorImpl.invoke(NativeMethodAccessorImpl.java:77)\n\tat java.base/jdk.internal.reflect.DelegatingMethodAccessorImpl.invoke(DelegatingMethodAccessorImpl.java:43)\n\tat java.base/java.lang.reflect.Method.invoke(Method.java:569)\n\tat org.testng.internal.invokers.MethodInvocationHelper.invokeMethod(MethodInvocationHelper.java:141)\n\tat org.testng.internal.invokers.TestInvoker.invokeMethod(TestInvoker.java:686)\n\tat org.testng.internal.invokers.TestInvoker.invokeTestMethod(TestInvoker.java:230)\n\tat org.testng.internal.invokers.MethodRunner.runInSequence(MethodRunner.java:63)\n\tat org.testng.internal.invokers.TestInvoker$MethodInvocationAgent.invoke(TestInvoker.java:992)\n\tat org.testng.internal.invokers.TestInvoker.invokeTestMethods(TestInvoker.java:203)\n\tat org.testng.internal.invokers.TestMethodWorker.invokeTestMethods(TestMethodWorker.java:154)\n\tat org.testng.internal.invokers.TestMethodWorker.run(TestMethodWorker.java:134)\n\tat java.base/java.util.ArrayList.forEach(ArrayList.java:1511)\n\tat org.testng.TestRunner.privateRun(TestRunner.java:739)\n\tat org.testng.TestRunner.run(TestRunner.java:614)\n\tat org.testng.SuiteRunner.runTest(SuiteRunner.java:421)\n\tat org.testng.SuiteRunner.runSequentially(SuiteRunner.java:413)\n\tat org.testng.SuiteRunner.privateRun(SuiteRunner.java:373)\n\tat org.testng.SuiteRunner.run(SuiteRunner.java:312)\n\tat org.testng.SuiteRunnerWorker.runSuite(SuiteRunnerWorker.java:52)\n\tat org.testng.SuiteRunnerWorker.run(SuiteRunnerWorker.java:95)\n\tat org.testng.TestNG.runSuitesSequentially(TestNG.java:1274)\n\tat org.testng.TestNG.runSuitesLocally(TestNG.java:1208)\n\tat org.testng.TestNG.runSuites(TestNG.java:1112)\n\tat org.testng.TestNG.run(TestNG.java:1079)\n\tat org.apache.maven.surefire.testng.TestNGExecutor.run(TestNGExecutor.java:151)\n\tat org.apache.maven.surefire.testng.TestNGDirectoryTestSuite.executeMulti(TestNGDirectoryTestSuite.java:192)\n\tat org.apache.maven.surefire.testng.TestNGDirectoryTestSuite.execute(TestNGDirectoryTestSuite.java:93)\n\tat org.apache.maven.surefire.testng.TestNGProvider.invoke(TestNGProvider.java:155)\n\tat org.apache.maven.surefire.booter.ForkedBooter.runSuitesInProcess(ForkedBooter.java:456)\n\tat org.apache.maven.surefire.booter.ForkedBooter.execute(ForkedBooter.java:169)\n\tat org.apache.maven.surefire.booter.ForkedBooter.run(ForkedBooter.java:595)\n\tat org.apache.maven.surefire.booter.ForkedBooter.main(ForkedBooter.java:581)\n","steps":[{"name":"Update entity with locator username:test_XqrcgjE8Zu","time":{"start":1743402090643,"stop":1743402090745,"duration":102},"status":"passed","steps":[],"attachments":[],"parameters":[{"name":"locator","value":"username:test_XqrcgjE8Zu"},{"name":"model","value":"User(id=0, username=test_XqrcgjE8Zu, password=test_at5cLnVG5p, roles=Roles(role=[Role(roleId=GUEST_ROLE, scope=p:test_38WoV0iZxQ)]))"}],"shouldDisplayMessage":false,"stepsCount":0,"attachmentsCount":0,"hasContent":true},{"name":"Validate response for locator 'username:test_XqrcgjE8Zu'","time":{"start":1743402090745,"stop":1743402090746,"duration":1},"status":"failed","statusMessage":"1 expectation failed.\nExpected status code <200> but was <403>.\n","statusTrace":"java.lang.AssertionError: 1 expectation failed.\nExpected status code <200> but was <403>.\n\n\tat java.base/jdk.internal.reflect.GeneratedConstructorAccessor72.newInstance(Unknown Source)\n\tat java.base/jdk.internal.reflect.DelegatingConstructorAccessorImpl.newInstance(DelegatingConstructorAccessorImpl.java:45)\n\tat java.base/java.lang.reflect.Constructor.newInstanceWithCaller(Constructor.java:500)\n\tat java.base/java.lang.reflect.Constructor.newInstance(Constructor.java:481)\n\tat org.codehaus.groovy.reflection.CachedConstructor.invoke(CachedConstructor.java:73)\n\tat org.codehaus.groovy.runtime.callsite.ConstructorSite$ConstructorSiteNoUnwrapNoCoerce.callConstructor(ConstructorSite.java:108)\n\tat org.codehaus.groovy.runtime.callsite.AbstractCallSite.callConstructor(AbstractCallSite.java:277)\n\tat io.restassured.internal.ResponseSpecificationImpl$HamcrestAssertionClosure.validate(ResponseSpecificationImpl.groovy:512)\n\tat io.restassured.internal.ResponseSpecificationImpl$HamcrestAssertionClosure$validate$1.call(Unknown Source)\n\tat io.restassured.internal.ResponseSpecificationImpl.validateResponseIfRequired(ResponseSpecificationImpl.groovy:696)\n\tat io.restassured.internal.ResponseSpecificationImpl.this$2$validateResponseIfRequired(ResponseSpecificationImpl.groovy)\n\tat jdk.internal.reflect.GeneratedMethodAccessor172.invoke(Unknown Source)\n\tat java.base/jdk.internal.reflect.DelegatingMethodAccessorImpl.invoke(DelegatingMethodAccessorImpl.java:43)\n\tat java.base/java.lang.reflect.Method.invoke(Method.java:569)\n\tat org.codehaus.groovy.runtime.callsite.PlainObjectMetaMethodSite.doInvoke(PlainObjectMetaMethodSite.java:43)\n\tat org.codehaus.groovy.runtime.callsite.PogoMetaMethodSite$PogoCachedMethodSiteNoUnwrapNoCoerce.invoke(PogoMetaMethodSite.java:198)\n\tat org.codehaus.groovy.runtime.callsite.PogoMetaMethodSite.callCurrent(PogoMetaMethodSite.java:62)\n\tat org.codehaus.groovy.runtime.callsite.AbstractCallSite.callCurrent(AbstractCallSite.java:185)\n\tat io.restassured.internal.ResponseSpecificationImpl.statusCode(ResponseSpecificationImpl.groovy:135)\n\tat io.restassured.specification.ResponseSpecification$statusCode$0.callCurrent(Unknown Source)\n\tat io.restassured.internal.ResponseSpecificationImpl.statusCode(ResponseSpecificationImpl.groovy:143)\n\tat io.restassured.internal.ValidatableResponseOptionsImpl.statusCode(ValidatableResponseOptionsImpl.java:89)\n\tat com.example.teamcity.api.requests.checked.CheckedBase.validateResponse(CheckedBase.java:37)\n\tat com.example.teamcity.api.requests.checked.CheckedBase.update(CheckedBase.java:95)\n\tat com.example.teamcity.api.helpers.ApiUserHelper.updateUser(ApiUserHelper.java:64)\n\tat com.example.teamcity.api.helpers.ApiUserHelper.updateUserRole(ApiUserHelper.java:33)\n\tat com.example.teamcity.api.ProjectCrudTest.userWithRestrictedRoleCannotCreateProjectTest(ProjectCrudTest.java:510)\n\tat java.base/jdk.internal.reflect.NativeMethodAccessorImpl.invoke0(Native Method)\n\tat java.base/jdk.internal.reflect.NativeMethodAccessorImpl.invoke(NativeMethodAccessorImpl.java:77)\n\tat java.base/jdk.internal.reflect.DelegatingMethodAccessorImpl.invoke(DelegatingMethodAccessorImpl.java:43)\n\tat java.base/java.lang.reflect.Method.invoke(Method.java:569)\n\tat org.testng.internal.invokers.MethodInvocationHelper.invokeMethod(MethodInvocationHelper.java:141)\n\tat org.testng.internal.invokers.TestInvoker.invokeMethod(TestInvoker.java:686)\n\tat org.testng.internal.invokers.TestInvoker.invokeTestMethod(TestInvoker.java:230)\n\tat org.testng.internal.invokers.MethodRunner.runInSequence(MethodRunner.java:63)\n\tat org.testng.internal.invokers.TestInvoker$MethodInvocationAgent.invoke(TestInvoker.java:992)\n\tat org.testng.internal.invokers.TestInvoker.invokeTestMethods(TestInvoker.java:203)\n\tat org.testng.internal.invokers.TestMethodWorker.invokeTestMethods(TestMethodWorker.java:154)\n\tat org.testng.internal.invokers.TestMethodWorker.run(TestMethodWorker.java:134)\n\tat java.base/java.util.ArrayList.forEach(ArrayList.java:1511)\n\tat org.testng.TestRunner.privateRun(TestRunner.java:739)\n\tat org.testng.TestRunner.run(TestRunner.java:614)\n\tat org.testng.SuiteRunner.runTest(SuiteRunner.java:421)\n\tat org.testng.SuiteRunner.runSequentially(SuiteRunner.java:413)\n\tat org.testng.SuiteRunner.privateRun(SuiteRunner.java:373)\n\tat org.testng.SuiteRunner.run(SuiteRunner.java:312)\n\tat org.testng.SuiteRunnerWorker.runSuite(SuiteRunnerWorker.java:52)\n\tat org.testng.SuiteRunnerWorker.run(SuiteRunnerWorker.java:95)\n\tat org.testng.TestNG.runSuitesSequentially(TestNG.java:1274)\n\tat org.testng.TestNG.runSuitesLocally(TestNG.java:1208)\n\tat org.testng.TestNG.runSuites(TestNG.java:1112)\n\tat org.testng.TestNG.run(TestNG.java:1079)\n\tat org.apache.maven.surefire.testng.TestNGExecutor.run(TestNGExecutor.java:151)\n\tat org.apache.maven.surefire.testng.TestNGDirectoryTestSuite.executeMulti(TestNGDirectoryTestSuite.java:192)\n\tat org.apache.maven.surefire.testng.TestNGDirectoryTestSuite.execute(TestNGDirectoryTestSuite.java:93)\n\tat org.apache.maven.surefire.testng.TestNGProvider.invoke(TestNGProvider.java:155)\n\tat org.apache.maven.surefire.booter.ForkedBooter.runSuitesInProcess(ForkedBooter.java:456)\n\tat org.apache.maven.surefire.booter.ForkedBooter.execute(ForkedBooter.java:169)\n\tat org.apache.maven.surefire.booter.ForkedBooter.run(ForkedBooter.java:595)\n\tat org.apache.maven.surefire.booter.ForkedBooter.main(ForkedBooter.java:581)\n","steps":[],"attachments":[],"parameters":[{"name":"response","value":"io.restassured.internal.RestAssuredResponseImpl@76527a00"},{"name":"locator","value":"username:test_XqrcgjE8Zu"}],"shouldDisplayMessage":true,"stepsCount":0,"attachmentsCount":0,"hasContent":true}],"attachments":[],"parameters":[{"name":"id","value":"username:test_XqrcgjE8Zu"},{"name":"model","value":"User(id=0, username=test_XqrcgjE8Zu, password=test_at5cLnVG5p, roles=Roles(role=[Role(roleId=GUEST_ROLE, scope=p:test_38WoV0iZxQ)]))"}],"shouldDisplayMessage":false,"stepsCount":2,"attachmentsCount":0,"hasContent":true}],"attachments":[],"parameters":[{"name":"existingUser","value":"User(id=0, username=test_XqrcgjE8Zu, password=test_at5cLnVG5p, roles=Roles(role=[Role(roleId=SYSTEM_ADMIN, scope=g)]))"},{"name":"role","value":"GUEST_ROLE"},{"name":"projectId","value":"test_38WoV0iZxQ"}],"shouldDisplayMessage":false,"stepsCount":4,"attachmentsCount":0,"hasContent":true}],"attachments":[],"parameters":[],"shouldDisplayMessage":false,"stepsCount":13,"attachmentsCount":0,"hasContent":true},"afterStages":[{"name":"afterTest","time":{"start":1743402090751,"stop":1743402090780,"duration":29},"description":"","status":"passed","steps":[{"name":"Delete all tracked created entities","time":{"start":1743402090751,"stop":1743402090780,"duration":29},"status":"passed","steps":[{"name":"Build request specification with super user token","time":{"start":1743402090751,"stop":1743402090751,"duration":0},"status":"passed","steps":[],"attachments":[],"parameters":[],"shouldDisplayMessage":false,"stepsCount":0,"attachmentsCount":0,"hasContent":false},{"name":"Delete entity with locator test_38WoV0iZxQ","time":{"start":1743402090751,"stop":1743402090766,"duration":15},"status":"passed","steps":[],"attachments":[],"parameters":[{"name":"locator","value":"test_38WoV0iZxQ"}],"shouldDisplayMessage":false,"stepsCount":0,"attachmentsCount":0,"hasContent":true},{"name":"Build request specification with super user token","time":{"start":1743402090766,"stop":1743402090766,"duration":0},"status":"passed","steps":[],"attachments":[],"parameters":[],"shouldDisplayMessage":false,"stepsCount":0,"attachmentsCount":0,"hasContent":false},{"name":"Delete entity with locator 65","time":{"start":1743402090766,"stop":1743402090780,"duration":14},"status":"passed","steps":[],"attachments":[],"parameters":[{"name":"locator","value":"65"}],"shouldDisplayMessage":false,"stepsCount":0,"attachmentsCount":0,"hasContent":true}],"attachments":[],"parameters":[],"shouldDisplayMessage":false,"stepsCount":4,"attachmentsCount":0,"hasContent":true}],"attachments":[],"parameters":[],"shouldDisplayMessage":false,"stepsCount":5,"attachmentsCount":0,"hasContent":true}],"labels":[{"name":"package","value":"com.example.teamcity.api.ProjectCrudTest"},{"name":"testClass","value":"com.example.teamcity.api.ProjectCrudTest"},{"name":"testMethod","value":"userWithRestrictedRoleCannotCreateProjectTest"},{"name":"parentSuite","value":"Surefire suite"},{"name":"suite","value":"Surefire test"},{"name":"subSuite","value":"com.example.teamcity.api.ProjectCrudTest"},{"name":"host","value":"fv-az1335-82"},{"name":"thread","value":"4127@fv-az1335-82.main(1)"},{"name":"framework","value":"testng"},{"name":"language","value":"java"},{"name":"resultFormat","value":"allure2"}],"parameters":[{"name":"arg0","value":"GUEST_ROLE"}],"links":[],"hidden":false,"retry":false,"extra":{"severity":"normal","retries":[],"categories":[{"name":"Product defects","matchedStatuses":[],"flaky":false}],"tags":[]},"source":"fce518d37481ee6c.json","parameterValues":["GUEST_ROLE"]}